{"numFailedTestSuites":0,"numFailedTests":0,"numPassedTestSuites":106,"numPassedTests":683,"numPendingTestSuites":0,"numPendingTests":0,"numRuntimeErrorTestSuites":0,"numTodoTests":0,"numTotalTestSuites":106,"numTotalTests":683,"openHandles":[],"snapshot":{"added":0,"didUpdate":false,"failure":false,"filesAdded":0,"filesRemoved":0,"filesRemovedList":[],"filesUnmatched":0,"filesUpdated":0,"matched":0,"total":0,"unchecked":0,"uncheckedKeysByFile":[],"unmatched":0,"updated":0},"startTime":1772003269466,"success":true,"testResults":[{"assertionResults":[{"ancestorTitles":["ToolExecutionService"],"duration":3,"failureDetails":[],"failureMessages":[],"fullName":"ToolExecutionService executeTool captures screenshot for computer-use tools without screenshot","invocations":1,"location":null,"numPassingAsserts":9,"retryReasons":[],"status":"passed","title":"executeTool captures screenshot for computer-use tools without screenshot"},{"ancestorTitles":["ToolExecutionService"],"duration":1,"failureDetails":[],"failureMessages":[],"fullName":"ToolExecutionService executeTool skips auto capture for non computer-use tools","invocations":1,"location":null,"numPassingAsserts":3,"retryReasons":[],"status":"passed","title":"executeTool skips auto capture for non computer-use tools"},{"ancestorTitles":["ToolExecutionService"],"duration":0,"failureDetails":[],"failureMessages":[],"fullName":"ToolExecutionService executeTool omits screenshot_ref for non computer-use tool results","invocations":1,"location":null,"numPassingAsserts":3,"retryReasons":[],"status":"passed","title":"executeTool omits screenshot_ref for non computer-use tool results"},{"ancestorTitles":["ToolExecutionService"],"duration":1,"failureDetails":[],"failureMessages":[],"fullName":"ToolExecutionService executeTool reuses system_state and screenshot from tool result","invocations":1,"location":null,"numPassingAsserts":2,"retryReasons":[],"status":"passed","title":"executeTool reuses system_state and screenshot from tool result"},{"ancestorTitles":["ToolExecutionService"],"duration":0,"failureDetails":[],"failureMessages":[],"fullName":"ToolExecutionService executeTool honors skipAutoCapture for computer-use tools","invocations":1,"location":null,"numPassingAsserts":1,"retryReasons":[],"status":"passed","title":"executeTool honors skipAutoCapture for computer-use tools"},{"ancestorTitles":["ToolExecutionService"],"duration":0,"failureDetails":[],"failureMessages":[],"fullName":"ToolExecutionService executeTool treats run_shell_command with wait as computer-use tool","invocations":1,"location":null,"numPassingAsserts":1,"retryReasons":[],"status":"passed","title":"executeTool treats run_shell_command with wait as computer-use tool"},{"ancestorTitles":["ToolExecutionService"],"duration":5,"failureDetails":[],"failureMessages":[],"fullName":"ToolExecutionService executeTool formats and reports errors","invocations":1,"location":null,"numPassingAsserts":6,"retryReasons":[],"status":"passed","title":"executeTool formats and reports errors"},{"ancestorTitles":["ToolExecutionService"],"duration":1,"failureDetails":[],"failureMessages":[],"fullName":"ToolExecutionService executeToolBundle executes sequentially and captures state on last computer-use tool","invocations":1,"location":null,"numPassingAsserts":7,"retryReasons":[],"status":"passed","title":"executeToolBundle executes sequentially and captures state on last computer-use tool"},{"ancestorTitles":["ToolExecutionService"],"duration":1,"failureDetails":[],"failureMessages":[],"fullName":"ToolExecutionService executeToolBundle fails fast and reports partial failure","invocations":1,"location":null,"numPassingAsserts":2,"retryReasons":[],"status":"passed","title":"executeToolBundle fails fast and reports partial failure"},{"ancestorTitles":["ToolExecutionService"],"duration":0,"failureDetails":[],"failureMessages":[],"fullName":"ToolExecutionService executeToolBundle reports failure and error when last tool fails","invocations":1,"location":null,"numPassingAsserts":2,"retryReasons":[],"status":"passed","title":"executeToolBundle reports failure and error when last tool fails"},{"ancestorTitles":["ToolExecutionService"],"duration":1,"failureDetails":[],"failureMessages":[],"fullName":"ToolExecutionService executeToolBundle injects display bounds for bundled screenshot tool","invocations":1,"location":null,"numPassingAsserts":1,"retryReasons":[],"status":"passed","title":"executeToolBundle injects display bounds for bundled screenshot tool"}],"endTime":1772003271330,"message":"","name":"/mnt/E/Assistants/WindieOS_workspace/windieos/tests/frontend/ToolExecutionService.test.ts","startTime":1772003270198,"status":"passed","summary":""},{"assertionResults":[{"ancestorTitles":["useChatMessageSender"],"duration":8,"failureDetails":[],"failureMessages":[],"fullName":"useChatMessageSender does not return to chatbox from main-window sends","invocations":1,"location":null,"numPassingAsserts":1,"retryReasons":[],"status":"passed","title":"does not return to chatbox from main-window sends"},{"ancestorTitles":["useChatMessageSender"],"duration":1,"failureDetails":[],"failureMessages":[],"fullName":"useChatMessageSender uses default options when omitted","invocations":1,"location":null,"numPassingAsserts":3,"retryReasons":[],"status":"passed","title":"uses default options when omitted"},{"ancestorTitles":["useChatMessageSender"],"duration":1,"failureDetails":[],"failureMessages":[],"fullName":"useChatMessageSender overlay-chatbox surface never switches windows by default","invocations":1,"location":null,"numPassingAsserts":1,"retryReasons":[],"status":"passed","title":"overlay-chatbox surface never switches windows by default"},{"ancestorTitles":["useChatMessageSender"],"duration":1,"failureDetails":[],"failureMessages":[],"fullName":"useChatMessageSender continues send flow when overlay return-to-chatbox invoke fails","invocations":1,"location":null,"numPassingAsserts":3,"retryReasons":[],"status":"passed","title":"continues send flow when overlay return-to-chatbox invoke fails"},{"ancestorTitles":["useChatMessageSender"],"duration":1,"failureDetails":[],"failureMessages":[],"fullName":"useChatMessageSender does not return to chatbox when screenshots are disabled even if requested","invocations":1,"location":null,"numPassingAsserts":1,"retryReasons":[],"status":"passed","title":"does not return to chatbox when screenshots are disabled even if requested"},{"ancestorTitles":["useChatMessageSender"],"duration":1,"failureDetails":[],"failureMessages":[],"fullName":"useChatMessageSender ignores explicit always return policy for main-window sends","invocations":1,"location":null,"numPassingAsserts":1,"retryReasons":[],"status":"passed","title":"ignores explicit always return policy for main-window sends"},{"ancestorTitles":["useChatMessageSender"],"duration":0,"failureDetails":[],"failureMessages":[],"fullName":"useChatMessageSender overlay surface honors explicit always return policy","invocations":1,"location":null,"numPassingAsserts":1,"retryReasons":[],"status":"passed","title":"overlay surface honors explicit always return policy"},{"ancestorTitles":["useChatMessageSender"],"duration":1,"failureDetails":[],"failureMessages":[],"fullName":"useChatMessageSender marks first user message capture path on first send","invocations":1,"location":null,"numPassingAsserts":1,"retryReasons":[],"status":"passed","title":"marks first user message capture path on first send"},{"ancestorTitles":["useChatMessageSender"],"duration":1,"failureDetails":[],"failureMessages":[],"fullName":"useChatMessageSender uses non-first capture path when user message already exists","invocations":1,"location":null,"numPassingAsserts":1,"retryReasons":[],"status":"passed","title":"uses non-first capture path when user message already exists"},{"ancestorTitles":["useChatMessageSender"],"duration":1,"failureDetails":[],"failureMessages":[],"fullName":"useChatMessageSender skips screenshot capture when include_query_screenshot is disabled","invocations":1,"location":null,"numPassingAsserts":4,"retryReasons":[],"status":"passed","title":"skips screenshot capture when include_query_screenshot is disabled"},{"ancestorTitles":["useChatMessageSender"],"duration":0,"failureDetails":[],"failureMessages":[],"fullName":"useChatMessageSender skips screenshot capture for main-window sends","invocations":1,"location":null,"numPassingAsserts":4,"retryReasons":[],"status":"passed","title":"skips screenshot capture for main-window sends"},{"ancestorTitles":["useChatMessageSender"],"duration":1,"failureDetails":[],"failureMessages":[],"fullName":"useChatMessageSender calls stopPlayback when provided","invocations":1,"location":null,"numPassingAsserts":1,"retryReasons":[],"status":"passed","title":"calls stopPlayback when provided"},{"ancestorTitles":["useChatMessageSender"],"duration":1,"failureDetails":[],"failureMessages":[],"fullName":"useChatMessageSender continues sending query when screenshot capture fails","invocations":1,"location":null,"numPassingAsserts":4,"retryReasons":[],"status":"passed","title":"continues sending query when screenshot capture fails"},{"ancestorTitles":["useChatMessageSender"],"duration":0,"failureDetails":[],"failureMessages":[],"fullName":"useChatMessageSender continues sending query when artifact upload fails","invocations":1,"location":null,"numPassingAsserts":4,"retryReasons":[],"status":"passed","title":"continues sending query when artifact upload fails"},{"ancestorTitles":["useChatMessageSender"],"duration":4,"failureDetails":[],"failureMessages":[],"fullName":"useChatMessageSender sends uploaded screenshot refs to backend and updates message attachment","invocations":1,"location":null,"numPassingAsserts":6,"retryReasons":[],"status":"passed","title":"sends uploaded screenshot refs to backend and updates message attachment"},{"ancestorTitles":["useChatMessageSender"],"duration":1,"failureDetails":[],"failureMessages":[],"fullName":"useChatMessageSender resets sending state and appends error message when send fails","invocations":1,"location":null,"numPassingAsserts":3,"retryReasons":[],"status":"passed","title":"resets sending state and appends error message when send fails"},{"ancestorTitles":["useChatMessageSender"],"duration":0,"failureDetails":[],"failureMessages":[],"fullName":"useChatMessageSender reuses existing conversation ref without generating a new one","invocations":1,"location":null,"numPassingAsserts":4,"retryReasons":[],"status":"passed","title":"reuses existing conversation ref without generating a new one"}],"endTime":1772003271590,"message":"","name":"/mnt/E/Assistants/WindieOS_workspace/windieos/tests/frontend/ChatMessageSender.test.tsx","startTime":1772003271353,"status":"passed","summary":""},{"assertionResults":[{"ancestorTitles":["ipc.cjs bridge query handling"],"duration":9,"failureDetails":[],"failureMessages":[],"fullName":"ipc.cjs bridge query handling runs overlay pre-capture hook for chatbox-origin query sends","invocations":1,"location":null,"numPassingAsserts":1,"retryReasons":[],"status":"passed","title":"runs overlay pre-capture hook for chatbox-origin query sends"},{"ancestorTitles":["ipc.cjs bridge query handling"],"duration":2,"failureDetails":[],"failureMessages":[],"fullName":"ipc.cjs bridge query handling skips overlay pre-capture hook for dashboard-origin query sends","invocations":1,"location":null,"numPassingAsserts":1,"retryReasons":[],"status":"passed","title":"skips overlay pre-capture hook for dashboard-origin query sends"},{"ancestorTitles":["ipc.cjs bridge query handling"],"duration":1,"failureDetails":[],"failureMessages":[],"fullName":"ipc.cjs bridge query handling emits renderer error event when query send fails due to disconnected backend","invocations":1,"location":null,"numPassingAsserts":3,"retryReasons":[],"status":"passed","title":"emits renderer error event when query send fails due to disconnected backend"},{"ancestorTitles":["ipc.cjs bridge query handling"],"duration":2,"failureDetails":[],"failureMessages":[],"fullName":"ipc.cjs bridge query handling builds full query payload with system state + memories","invocations":1,"location":null,"numPassingAsserts":8,"retryReasons":[],"status":"passed","title":"builds full query payload with system state + memories"},{"ancestorTitles":["ipc.cjs bridge query handling"],"duration":1,"failureDetails":[],"failureMessages":[],"fullName":"ipc.cjs bridge query handling reuses backend conversation_ref fallback for local echo and outbound query payload","invocations":1,"location":null,"numPassingAsserts":4,"retryReasons":[],"status":"passed","title":"reuses backend conversation_ref fallback for local echo and outbound query payload"},{"ancestorTitles":["ipc.cjs bridge query handling"],"duration":1,"failureDetails":[],"failureMessages":[],"fullName":"ipc.cjs bridge query handling escapes XML-sensitive query, system state, and memory content","invocations":1,"location":null,"numPassingAsserts":8,"retryReasons":[],"status":"passed","title":"escapes XML-sensitive query, system state, and memory content"},{"ancestorTitles":["ipc.cjs bridge query handling"],"duration":2,"failureDetails":[],"failureMessages":[],"fullName":"ipc.cjs bridge query handling strips query screenshot_url before sending to backend","invocations":1,"location":null,"numPassingAsserts":4,"retryReasons":[],"status":"passed","title":"strips query screenshot_url before sending to backend"},{"ancestorTitles":["ipc.cjs bridge query handling"],"duration":2,"failureDetails":[],"failureMessages":[],"fullName":"ipc.cjs bridge query handling builds query with fallback system context on system state error","invocations":1,"location":null,"numPassingAsserts":3,"retryReasons":[],"status":"passed","title":"builds query with fallback system context on system state error"},{"ancestorTitles":["ipc.cjs bridge query handling"],"duration":1,"failureDetails":[],"failureMessages":[],"fullName":"ipc.cjs bridge query handling builds query with empty memories when search fails","invocations":1,"location":null,"numPassingAsserts":4,"retryReasons":[],"status":"passed","title":"builds query with empty memories when search fails"},{"ancestorTitles":["ipc.cjs bridge query handling"],"duration":1,"failureDetails":[],"failureMessages":[],"fullName":"ipc.cjs bridge query handling builds query with empty memories when search response is malformed","invocations":1,"location":null,"numPassingAsserts":3,"retryReasons":[],"status":"passed","title":"builds query with empty memories when search response is malformed"},{"ancestorTitles":["ipc.cjs bridge query handling"],"duration":3,"failureDetails":[],"failureMessages":[],"fullName":"ipc.cjs bridge query handling gates first query behind settings-updated ack when frontend config exists","invocations":1,"location":null,"numPassingAsserts":5,"retryReasons":[],"status":"passed","title":"gates first query behind settings-updated ack when frontend config exists"},{"ancestorTitles":["ipc.cjs bridge query handling"],"duration":2,"failureDetails":[],"failureMessages":[],"fullName":"ipc.cjs bridge query handling waits for pending renderer update-settings ack before sending query","invocations":1,"location":null,"numPassingAsserts":4,"retryReasons":[],"status":"passed","title":"waits for pending renderer update-settings ack before sending query"},{"ancestorTitles":["ipc.cjs bridge query handling"],"duration":1,"failureDetails":[],"failureMessages":[],"fullName":"ipc.cjs bridge query handling keeps initial query context after transient query send failure","invocations":1,"location":null,"numPassingAsserts":3,"retryReasons":[],"status":"passed","title":"keeps initial query context after transient query send failure"},{"ancestorTitles":["ipc.cjs bridge query handling"],"duration":2,"failureDetails":[],"failureMessages":[],"fullName":"ipc.cjs bridge query handling reconnect clears stale conversation ref fallback before next query","invocations":1,"location":null,"numPassingAsserts":2,"retryReasons":[],"status":"passed","title":"reconnect clears stale conversation ref fallback before next query"}],"endTime":1772003271732,"message":"","name":"/mnt/E/Assistants/WindieOS_workspace/windieos/tests/frontend/IpcMainBridge.query.test.cjs","startTime":1772003271620,"status":"passed","summary":""},{"assertionResults":[{"ancestorTitles":["MessageFormatter"],"duration":0,"failureDetails":[],"failureMessages":[],"fullName":"MessageFormatter formatToolOutputMessage includes Unknown system context values when missing","invocations":1,"location":null,"numPassingAsserts":2,"retryReasons":[],"status":"passed","title":"formatToolOutputMessage includes Unknown system context values when missing"},{"ancestorTitles":["MessageFormatter"],"duration":1,"failureDetails":[],"failureMessages":[],"fullName":"MessageFormatter formatToolOutputMessage formats success with llm_content and screenshot indicator","invocations":1,"location":null,"numPassingAsserts":5,"retryReasons":[],"status":"passed","title":"formatToolOutputMessage formats success with llm_content and screenshot indicator"},{"ancestorTitles":["MessageFormatter"],"duration":0,"failureDetails":[],"failureMessages":[],"fullName":"MessageFormatter formatToolOutputMessage formats failure","invocations":1,"location":null,"numPassingAsserts":2,"retryReasons":[],"status":"passed","title":"formatToolOutputMessage formats failure"},{"ancestorTitles":["MessageFormatter"],"duration":0,"failureDetails":[],"failureMessages":[],"fullName":"MessageFormatter formatBundledToolOutputMessage includes system context and screenshot indicator","invocations":1,"location":null,"numPassingAsserts":7,"retryReasons":[],"status":"passed","title":"formatBundledToolOutputMessage includes system context and screenshot indicator"},{"ancestorTitles":["MessageFormatter"],"duration":0,"failureDetails":[],"failureMessages":[],"fullName":"MessageFormatter formatToolOutputMessage uses string data payload","invocations":1,"location":null,"numPassingAsserts":2,"retryReasons":[],"status":"passed","title":"formatToolOutputMessage uses string data payload"},{"ancestorTitles":["MessageFormatter"],"duration":0,"failureDetails":[],"failureMessages":[],"fullName":"MessageFormatter formatToolOutputMessage uses message field and screenshot indicator","invocations":1,"location":null,"numPassingAsserts":2,"retryReasons":[],"status":"passed","title":"formatToolOutputMessage uses message field and screenshot indicator"},{"ancestorTitles":["MessageFormatter"],"duration":1,"failureDetails":[],"failureMessages":[],"fullName":"MessageFormatter prefers output over message for single and bundled tool formatting","invocations":1,"location":null,"numPassingAsserts":4,"retryReasons":[],"status":"passed","title":"prefers output over message for single and bundled tool formatting"},{"ancestorTitles":["MessageFormatter"],"duration":0,"failureDetails":[],"failureMessages":[],"fullName":"MessageFormatter formatToolOutputMessage fills missing system context fields with Unknown","invocations":1,"location":null,"numPassingAsserts":2,"retryReasons":[],"status":"passed","title":"formatToolOutputMessage fills missing system context fields with Unknown"},{"ancestorTitles":["MessageFormatter"],"duration":0,"failureDetails":[],"failureMessages":[],"fullName":"MessageFormatter formatToolOutputMessage escapes XML-sensitive system context values","invocations":1,"location":null,"numPassingAsserts":3,"retryReasons":[],"status":"passed","title":"formatToolOutputMessage escapes XML-sensitive system context values"},{"ancestorTitles":["MessageFormatter"],"duration":0,"failureDetails":[],"failureMessages":[],"fullName":"MessageFormatter formatBundledToolOutputMessage omits screenshot indicator when absent","invocations":1,"location":null,"numPassingAsserts":1,"retryReasons":[],"status":"passed","title":"formatBundledToolOutputMessage omits screenshot indicator when absent"},{"ancestorTitles":["MessageFormatter"],"duration":0,"failureDetails":[],"failureMessages":[],"fullName":"MessageFormatter formatToolOutputMessage stringifies remaining fields without screenshot/system_state","invocations":1,"location":null,"numPassingAsserts":3,"retryReasons":[],"status":"passed","title":"formatToolOutputMessage stringifies remaining fields without screenshot/system_state"},{"ancestorTitles":["MessageFormatter"],"duration":0,"failureDetails":[],"failureMessages":[],"fullName":"MessageFormatter formatToolOutputMessage treats screenshot_ref as screenshot indicator only","invocations":1,"location":null,"numPassingAsserts":3,"retryReasons":[],"status":"passed","title":"formatToolOutputMessage treats screenshot_ref as screenshot indicator only"},{"ancestorTitles":["MessageFormatter"],"duration":0,"failureDetails":[],"failureMessages":[],"fullName":"MessageFormatter formatToolOutputMessage falls back to No output when only non-text fields exist","invocations":1,"location":null,"numPassingAsserts":2,"retryReasons":[],"status":"passed","title":"formatToolOutputMessage falls back to No output when only non-text fields exist"},{"ancestorTitles":["MessageFormatter"],"duration":1,"failureDetails":[],"failureMessages":[],"fullName":"MessageFormatter formatToolOutputMessage treats image_data as screenshot indicator","invocations":1,"location":null,"numPassingAsserts":1,"retryReasons":[],"status":"passed","title":"formatToolOutputMessage treats image_data as screenshot indicator"},{"ancestorTitles":["MessageFormatter"],"duration":0,"failureDetails":[],"failureMessages":[],"fullName":"MessageFormatter formatToolOutputMessage renders top-level snapshot as readable text","invocations":1,"location":null,"numPassingAsserts":6,"retryReasons":[],"status":"passed","title":"formatToolOutputMessage renders top-level snapshot as readable text"},{"ancestorTitles":["MessageFormatter"],"duration":0,"failureDetails":[],"failureMessages":[],"fullName":"MessageFormatter formatToolOutputMessage renders post_action_snapshot as readable text","invocations":1,"location":null,"numPassingAsserts":8,"retryReasons":[],"status":"passed","title":"formatToolOutputMessage renders post_action_snapshot as readable text"},{"ancestorTitles":["MessageFormatter"],"duration":0,"failureDetails":[],"failureMessages":[],"fullName":"MessageFormatter formatToolOutputMessage unescapes literal newline sequences in snapshot text","invocations":1,"location":null,"numPassingAsserts":2,"retryReasons":[],"status":"passed","title":"formatToolOutputMessage unescapes literal newline sequences in snapshot text"},{"ancestorTitles":["MessageFormatter"],"duration":0,"failureDetails":[],"failureMessages":[],"fullName":"MessageFormatter formatBundledToolOutputMessage prefers _rawResult payload when provided","invocations":1,"location":null,"numPassingAsserts":3,"retryReasons":[],"status":"passed","title":"formatBundledToolOutputMessage prefers _rawResult payload when provided"},{"ancestorTitles":["MessageFormatter"],"duration":0,"failureDetails":[],"failureMessages":[],"fullName":"MessageFormatter formatBundledToolOutputMessage renders _rawResult output content for successful steps","invocations":1,"location":null,"numPassingAsserts":4,"retryReasons":[],"status":"passed","title":"formatBundledToolOutputMessage renders _rawResult output content for successful steps"}],"endTime":1772003271832,"message":"","name":"/mnt/E/Assistants/WindieOS_workspace/windieos/tests/frontend/MessageFormatter.test.ts","startTime":1772003271738,"status":"passed","summary":""},{"assertionResults":[{"ancestorTitles":["local_backend_bridge RPC handlers"],"duration":5,"failureDetails":[],"failureMessages":[],"fullName":"local_backend_bridge RPC handlers execute-tool handler returns success for valid response","invocations":1,"location":null,"numPassingAsserts":1,"retryReasons":[],"status":"passed","title":"execute-tool handler returns success for valid response"},{"ancestorTitles":["local_backend_bridge RPC handlers"],"duration":1,"failureDetails":[],"failureMessages":[],"fullName":"local_backend_bridge RPC handlers passes resolved backend http URL to Python sidecar env","invocations":1,"location":null,"numPassingAsserts":1,"retryReasons":[],"status":"passed","title":"passes resolved backend http URL to Python sidecar env"},{"ancestorTitles":["local_backend_bridge RPC handlers"],"duration":0,"failureDetails":[],"failureMessages":[],"fullName":"local_backend_bridge RPC handlers adds --no-deprecation to Node options for local backend subprocesses","invocations":1,"location":null,"numPassingAsserts":1,"retryReasons":[],"status":"passed","title":"adds --no-deprecation to Node options for local backend subprocesses"},{"ancestorTitles":["local_backend_bridge RPC handlers"],"duration":2,"failureDetails":[],"failureMessages":[],"fullName":"local_backend_bridge RPC handlers suppresses known Node deprecation stderr lines from local backend logs","invocations":1,"location":null,"numPassingAsserts":3,"retryReasons":[],"status":"passed","title":"suppresses known Node deprecation stderr lines from local backend logs"},{"ancestorTitles":["local_backend_bridge RPC handlers"],"duration":3,"failureDetails":[],"failureMessages":[],"fullName":"local_backend_bridge RPC handlers execute-tool handler returns error on json-rpc error","invocations":1,"location":null,"numPassingAsserts":1,"retryReasons":[],"status":"passed","title":"execute-tool handler returns error on json-rpc error"},{"ancestorTitles":["local_backend_bridge RPC handlers"],"duration":1,"failureDetails":[],"failureMessages":[],"fullName":"local_backend_bridge RPC handlers get-system-state handler returns null on error response","invocations":1,"location":null,"numPassingAsserts":1,"retryReasons":[],"status":"passed","title":"get-system-state handler returns null on error response"},{"ancestorTitles":["local_backend_bridge RPC handlers"],"duration":1,"failureDetails":[],"failureMessages":[],"fullName":"local_backend_bridge RPC handlers search-memory handler returns error on json-rpc error","invocations":1,"location":null,"numPassingAsserts":2,"retryReasons":[],"status":"passed","title":"search-memory handler returns error on json-rpc error"},{"ancestorTitles":["local_backend_bridge RPC handlers"],"duration":1,"failureDetails":[],"failureMessages":[],"fullName":"local_backend_bridge RPC handlers search-memory handler accepts snake_case exclude_conversation_id payload key","invocations":1,"location":null,"numPassingAsserts":2,"retryReasons":[],"status":"passed","title":"search-memory handler accepts snake_case exclude_conversation_id payload key"},{"ancestorTitles":["local_backend_bridge RPC handlers"],"duration":1,"failureDetails":[],"failureMessages":[],"fullName":"local_backend_bridge RPC handlers list-conversations handler maps payload keys to backend params","invocations":1,"location":null,"numPassingAsserts":2,"retryReasons":[],"status":"passed","title":"list-conversations handler maps payload keys to backend params"},{"ancestorTitles":["local_backend_bridge RPC handlers"],"duration":1,"failureDetails":[],"failureMessages":[],"fullName":"local_backend_bridge RPC handlers list-conversations handler safely handles non-object payloads","invocations":1,"location":null,"numPassingAsserts":2,"retryReasons":[],"status":"passed","title":"list-conversations handler safely handles non-object payloads"},{"ancestorTitles":["local_backend_bridge RPC handlers"],"duration":1,"failureDetails":[],"failureMessages":[],"fullName":"local_backend_bridge RPC handlers list-semantic-memories handler maps payload keys to backend params","invocations":1,"location":null,"numPassingAsserts":2,"retryReasons":[],"status":"passed","title":"list-semantic-memories handler maps payload keys to backend params"},{"ancestorTitles":["local_backend_bridge RPC handlers"],"duration":1,"failureDetails":[],"failureMessages":[],"fullName":"local_backend_bridge RPC handlers get-conversation handler maps missing conversationId to null","invocations":1,"location":null,"numPassingAsserts":2,"retryReasons":[],"status":"passed","title":"get-conversation handler maps missing conversationId to null"},{"ancestorTitles":["local_backend_bridge RPC handlers"],"duration":1,"failureDetails":[],"failureMessages":[],"fullName":"local_backend_bridge RPC handlers delete-conversation handler maps payload keys to backend params","invocations":1,"location":null,"numPassingAsserts":2,"retryReasons":[],"status":"passed","title":"delete-conversation handler maps payload keys to backend params"},{"ancestorTitles":["local_backend_bridge RPC handlers"],"duration":1,"failureDetails":[],"failureMessages":[],"fullName":"local_backend_bridge RPC handlers delete-semantic-memory handler maps payload keys to backend params","invocations":1,"location":null,"numPassingAsserts":2,"retryReasons":[],"status":"passed","title":"delete-semantic-memory handler maps payload keys to backend params"},{"ancestorTitles":["local_backend_bridge RPC handlers"],"duration":1,"failureDetails":[],"failureMessages":[],"fullName":"local_backend_bridge RPC handlers store-transcript handler returns standardized error payload","invocations":1,"location":null,"numPassingAsserts":2,"retryReasons":[],"status":"passed","title":"store-transcript handler returns standardized error payload"},{"ancestorTitles":["local_backend_bridge RPC handlers"],"duration":3,"failureDetails":[],"failureMessages":[],"fullName":"local_backend_bridge RPC handlers store-memory handler maps payload keys to backend params","invocations":1,"location":null,"numPassingAsserts":2,"retryReasons":[],"status":"passed","title":"store-memory handler maps payload keys to backend params"}],"endTime":1772003271921,"message":"","name":"/mnt/E/Assistants/WindieOS_workspace/windieos/tests/frontend/LocalBackendBridge.rpc.test.cjs","startTime":1772003271834,"status":"passed","summary":""},{"assertionResults":[{"ancestorTitles":["useChatStream state + stream handling"],"duration":2,"failureDetails":[],"failureMessages":[],"fullName":"useChatStream state + stream handling preserves thinking status on streaming response chunks","invocations":1,"location":null,"numPassingAsserts":2,"retryReasons":[],"status":"passed","title":"preserves thinking status on streaming response chunks"},{"ancestorTitles":["useChatStream state + stream handling"],"duration":1,"failureDetails":[],"failureMessages":[],"fullName":"useChatStream state + stream handling updates thinking status from llm-thought events","invocations":1,"location":null,"numPassingAsserts":2,"retryReasons":[],"status":"passed","title":"updates thinking status from llm-thought events"},{"ancestorTitles":["useChatStream state + stream handling"],"duration":0,"failureDetails":[],"failureMessages":[],"fullName":"useChatStream state + stream handling accepts llm-thought payload content fallback","invocations":1,"location":null,"numPassingAsserts":2,"retryReasons":[],"status":"passed","title":"accepts llm-thought payload content fallback"},{"ancestorTitles":["useChatStream state + stream handling"],"duration":1,"failureDetails":[],"failureMessages":[],"fullName":"useChatStream state + stream handling clears thinking status on tool call","invocations":1,"location":null,"numPassingAsserts":2,"retryReasons":[],"status":"passed","title":"clears thinking status on tool call"},{"ancestorTitles":["useChatStream state + stream handling"],"duration":1,"failureDetails":[],"failureMessages":[],"fullName":"useChatStream state + stream handling clears thinking status on streaming complete","invocations":1,"location":null,"numPassingAsserts":2,"retryReasons":[],"status":"passed","title":"clears thinking status on streaming complete"},{"ancestorTitles":["useChatStream state + stream handling"],"duration":0,"failureDetails":[],"failureMessages":[],"fullName":"useChatStream state + stream handling adds local user message to store","invocations":1,"location":null,"numPassingAsserts":3,"retryReasons":[],"status":"passed","title":"adds local user message to store"},{"ancestorTitles":["useChatStream state + stream handling"],"duration":1,"failureDetails":[],"failureMessages":[],"fullName":"useChatStream state + stream handling updates token counts from token-count events","invocations":1,"location":null,"numPassingAsserts":2,"retryReasons":[],"status":"passed","title":"updates token counts from token-count events"},{"ancestorTitles":["useChatStream state + stream handling"],"duration":1,"failureDetails":[],"failureMessages":[],"fullName":"useChatStream state + stream handling appends text to last incomplete assistant streaming message","invocations":1,"location":null,"numPassingAsserts":2,"retryReasons":[],"status":"passed","title":"appends text to last incomplete assistant streaming message"},{"ancestorTitles":["useChatStream state + stream handling"],"duration":1,"failureDetails":[],"failureMessages":[],"fullName":"useChatStream state + stream handling creates new assistant message when last message is complete","invocations":1,"location":null,"numPassingAsserts":3,"retryReasons":[],"status":"passed","title":"creates new assistant message when last message is complete"},{"ancestorTitles":["useChatStream state + stream handling"],"duration":1,"failureDetails":[],"failureMessages":[],"fullName":"useChatStream state + stream handling ignores benign settings update errors","invocations":1,"location":null,"numPassingAsserts":4,"retryReasons":[],"status":"passed","title":"ignores benign settings update errors"},{"ancestorTitles":["useChatStream state + stream handling"],"duration":0,"failureDetails":[],"failureMessages":[],"fullName":"useChatStream state + stream handling handles real errors even when error text is in payload content","invocations":1,"location":null,"numPassingAsserts":4,"retryReasons":[],"status":"passed","title":"handles real errors even when error text is in payload content"},{"ancestorTitles":["useChatStream state + stream handling"],"duration":1,"failureDetails":[],"failureMessages":[],"fullName":"useChatStream state + stream handling ignores local-user-message when text is missing","invocations":1,"location":null,"numPassingAsserts":2,"retryReasons":[],"status":"passed","title":"ignores local-user-message when text is missing"},{"ancestorTitles":["useChatStream state + stream handling"],"duration":5,"failureDetails":[],"failureMessages":[],"fullName":"useChatStream state + stream handling does not append chunk to non-contiguous older llm-text for same turn_ref","invocations":1,"location":null,"numPassingAsserts":3,"retryReasons":[],"status":"passed","title":"does not append chunk to non-contiguous older llm-text for same turn_ref"},{"ancestorTitles":["useChatStream state + stream handling"],"duration":1,"failureDetails":[],"failureMessages":[],"fullName":"useChatStream state + stream handling creates a new llm-text message when latest turn message is tool output","invocations":1,"location":null,"numPassingAsserts":3,"retryReasons":[],"status":"passed","title":"creates a new llm-text message when latest turn message is tool output"},{"ancestorTitles":["useChatStream state + stream handling"],"duration":1,"failureDetails":[],"failureMessages":[],"fullName":"useChatStream state + stream handling tracks stream lifecycle fields across local-user-message and chunks","invocations":1,"location":null,"numPassingAsserts":4,"retryReasons":[],"status":"passed","title":"tracks stream lifecycle fields across local-user-message and chunks"}],"endTime":1772003272131,"message":"","name":"/mnt/E/Assistants/WindieOS_workspace/windieos/tests/frontend/ChatStreamThinkingStatus.state.test.tsx","startTime":1772003271926,"status":"passed","summary":""},{"assertionResults":[{"ancestorTitles":["ChatBoxResponse tool ghost behavior"],"duration":15,"failureDetails":[],"failureMessages":[],"fullName":"ChatBoxResponse tool ghost behavior does not render tool-call response pane before llm text","invocations":1,"location":null,"numPassingAsserts":2,"retryReasons":[],"status":"passed","title":"does not render tool-call response pane before llm text"},{"ancestorTitles":["ChatBoxResponse tool ghost behavior"],"duration":10,"failureDetails":[],"failureMessages":[],"fullName":"ChatBoxResponse tool ghost behavior shows tool-action ghost during tool-call phase and hides typing indicator","invocations":1,"location":null,"numPassingAsserts":4,"retryReasons":[],"status":"passed","title":"shows tool-action ghost during tool-call phase and hides typing indicator"},{"ancestorTitles":["ChatBoxResponse tool ghost behavior"],"duration":6,"failureDetails":[],"failureMessages":[],"fullName":"ChatBoxResponse tool ghost behavior renders target ripple at target coordinate for click-like ghost actions","invocations":1,"location":null,"numPassingAsserts":4,"retryReasons":[],"status":"passed","title":"renders target ripple at target coordinate for click-like ghost actions"},{"ancestorTitles":["ChatBoxResponse tool ghost behavior"],"duration":4,"failureDetails":[],"failureMessages":[],"fullName":"ChatBoxResponse tool ghost behavior uses scroll tool explanation as ghost label text","invocations":1,"location":null,"numPassingAsserts":3,"retryReasons":[],"status":"passed","title":"uses scroll tool explanation as ghost label text"},{"ancestorTitles":["ChatBoxResponse tool ghost behavior"],"duration":8,"failureDetails":[],"failureMessages":[],"fullName":"ChatBoxResponse tool ghost behavior uses current mouse position as click-ghost animation start point","invocations":1,"location":null,"numPassingAsserts":6,"retryReasons":[],"status":"passed","title":"uses current mouse position as click-ghost animation start point"},{"ancestorTitles":["ChatBoxResponse tool ghost behavior"],"duration":6,"failureDetails":[],"failureMessages":[],"fullName":"ChatBoxResponse tool ghost behavior maps click target from raw coordinates when target display size is missing","invocations":1,"location":null,"numPassingAsserts":6,"retryReasons":[],"status":"passed","title":"maps click target from raw coordinates when target display size is missing"},{"ancestorTitles":["ChatBoxResponse tool ghost behavior"],"duration":5,"failureDetails":[],"failureMessages":[],"fullName":"ChatBoxResponse tool ghost behavior maps browser click target from coordinate_x/coordinate_y payload fields","invocations":1,"location":null,"numPassingAsserts":7,"retryReasons":[],"status":"passed","title":"maps browser click target from coordinate_x/coordinate_y payload fields"},{"ancestorTitles":["ChatBoxResponse tool ghost behavior"],"duration":3,"failureDetails":[],"failureMessages":[],"fullName":"ChatBoxResponse tool ghost behavior hides click ghost immediately after full click animation timeline","invocations":1,"location":null,"numPassingAsserts":4,"retryReasons":[],"status":"passed","title":"hides click ghost immediately after full click animation timeline"},{"ancestorTitles":["ChatBoxResponse tool ghost behavior"],"duration":3,"failureDetails":[],"failureMessages":[],"fullName":"ChatBoxResponse tool ghost behavior uses coordinate contract metadata to position targeted tool ghost preview","invocations":1,"location":null,"numPassingAsserts":6,"retryReasons":[],"status":"passed","title":"uses coordinate contract metadata to position targeted tool ghost preview"},{"ancestorTitles":["ChatBoxResponse tool ghost behavior"],"duration":3,"failureDetails":[],"failureMessages":[],"fullName":"ChatBoxResponse tool ghost behavior renders a target rectangle when target_rect metadata is present","invocations":1,"location":null,"numPassingAsserts":7,"retryReasons":[],"status":"passed","title":"renders a target rectangle when target_rect metadata is present"}],"endTime":1772003272400,"message":"","name":"/mnt/E/Assistants/WindieOS_workspace/windieos/tests/frontend/ChatBoxResponse.toolGhost.test.jsx","startTime":1772003272136,"status":"passed","summary":""},{"assertionResults":[{"ancestorTitles":["useToolRunner event handling"],"duration":2,"failureDetails":[],"failureMessages":[],"fullName":"useToolRunner event handling subscribes to backend events when enabled","invocations":1,"location":null,"numPassingAsserts":1,"retryReasons":[],"status":"passed","title":"subscribes to backend events when enabled"},{"ancestorTitles":["useToolRunner event handling"],"duration":0,"failureDetails":[],"failureMessages":[],"fullName":"useToolRunner event handling does not subscribe when disabled","invocations":1,"location":null,"numPassingAsserts":1,"retryReasons":[],"status":"passed","title":"does not subscribe when disabled"},{"ancestorTitles":["useToolRunner event handling"],"duration":0,"failureDetails":[],"failureMessages":[],"fullName":"useToolRunner event handling removes backend listener on unmount","invocations":1,"location":null,"numPassingAsserts":1,"retryReasons":[],"status":"passed","title":"removes backend listener on unmount"},{"ancestorTitles":["useToolRunner event handling"],"duration":1,"failureDetails":[],"failureMessages":[],"fullName":"useToolRunner event handling dispatches tool-call events to ToolExecutionService","invocations":1,"location":null,"numPassingAsserts":1,"retryReasons":[],"status":"passed","title":"dispatches tool-call events to ToolExecutionService"},{"ancestorTitles":["useToolRunner event handling"],"duration":1,"failureDetails":[],"failureMessages":[],"fullName":"useToolRunner event handling delays mouse click tool-call execution until ghost preview sync window completes","invocations":1,"location":null,"numPassingAsserts":3,"retryReasons":[],"status":"passed","title":"delays mouse click tool-call execution until ghost preview sync window completes"},{"ancestorTitles":["useToolRunner event handling"],"duration":0,"failureDetails":[],"failureMessages":[],"fullName":"useToolRunner event handling delays direct click tool-call execution until ghost preview sync window completes","invocations":1,"location":null,"numPassingAsserts":3,"retryReasons":[],"status":"passed","title":"delays direct click tool-call execution until ghost preview sync window completes"},{"ancestorTitles":["useToolRunner event handling"],"duration":0,"failureDetails":[],"failureMessages":[],"fullName":"useToolRunner event handling delays browser action click tool-call execution until ghost preview sync window completes","invocations":1,"location":null,"numPassingAsserts":3,"retryReasons":[],"status":"passed","title":"delays browser action click tool-call execution until ghost preview sync window completes"},{"ancestorTitles":["useToolRunner event handling"],"duration":1,"failureDetails":[],"failureMessages":[],"fullName":"useToolRunner event handling dispatches tool-bundle events with mapped tools","invocations":1,"location":null,"numPassingAsserts":1,"retryReasons":[],"status":"passed","title":"dispatches tool-bundle events with mapped tools"},{"ancestorTitles":["useToolRunner event handling"],"duration":1,"failureDetails":[],"failureMessages":[],"fullName":"useToolRunner event handling uses generated bundle id when bundle_id is missing","invocations":1,"location":null,"numPassingAsserts":1,"retryReasons":[],"status":"passed","title":"uses generated bundle id when bundle_id is missing"},{"ancestorTitles":["useToolRunner event handling"],"duration":0,"failureDetails":[],"failureMessages":[],"fullName":"useToolRunner event handling falls back to event id for tool-call correlation id","invocations":1,"location":null,"numPassingAsserts":1,"retryReasons":[],"status":"passed","title":"falls back to event id for tool-call correlation id"},{"ancestorTitles":["useToolRunner event handling"],"duration":1,"failureDetails":[],"failureMessages":[],"fullName":"useToolRunner event handling dispatches tool-call with empty args object","invocations":1,"location":null,"numPassingAsserts":1,"retryReasons":[],"status":"passed","title":"dispatches tool-call with empty args object"},{"ancestorTitles":["useToolRunner event handling"],"duration":1,"failureDetails":[],"failureMessages":[],"fullName":"useToolRunner event handling skips frontend execution for non-executable tool-call metadata","invocations":1,"location":null,"numPassingAsserts":1,"retryReasons":[],"status":"passed","title":"skips frontend execution for non-executable tool-call metadata"},{"ancestorTitles":["useToolRunner event handling"],"duration":0,"failureDetails":[],"failureMessages":[],"fullName":"useToolRunner event handling logs executeToolBundle failures","invocations":1,"location":null,"numPassingAsserts":1,"retryReasons":[],"status":"passed","title":"logs executeToolBundle failures"},{"ancestorTitles":["useToolRunner event handling"],"duration":1,"failureDetails":[],"failureMessages":[],"fullName":"useToolRunner event handling logs executeTool failures","invocations":1,"location":null,"numPassingAsserts":1,"retryReasons":[],"status":"passed","title":"logs executeTool failures"},{"ancestorTitles":["useToolRunner event handling"],"duration":1,"failureDetails":[],"failureMessages":[],"fullName":"useToolRunner event handling ignores invalid backend payloads","invocations":1,"location":null,"numPassingAsserts":2,"retryReasons":[],"status":"passed","title":"ignores invalid backend payloads"}],"endTime":1772003272542,"message":"","name":"/mnt/E/Assistants/WindieOS_workspace/windieos/tests/frontend/ToolRunnerHook.events.test.ts","startTime":1772003272405,"status":"passed","summary":""},{"assertionResults":[{"ancestorTitles":["SystemCapture"],"duration":1,"failureDetails":[],"failureMessages":[],"fullName":"SystemCapture extractOSstate returns system state and screenshot for first user message","invocations":1,"location":null,"numPassingAsserts":4,"retryReasons":[],"status":"passed","title":"extractOSstate returns system state and screenshot for first user message"},{"ancestorTitles":["SystemCapture"],"duration":0,"failureDetails":[],"failureMessages":[],"fullName":"SystemCapture extractOSstate waits before capture when wait is positive","invocations":1,"location":null,"numPassingAsserts":2,"retryReasons":[],"status":"passed","title":"extractOSstate waits before capture when wait is positive"},{"ancestorTitles":["SystemCapture"],"duration":1,"failureDetails":[],"failureMessages":[],"fullName":"SystemCapture extractOSstate includes stored display bounds in screenshot args","invocations":1,"location":null,"numPassingAsserts":1,"retryReasons":[],"status":"passed","title":"extractOSstate includes stored display bounds in screenshot args"},{"ancestorTitles":["SystemCapture"],"duration":0,"failureDetails":[],"failureMessages":[],"fullName":"SystemCapture extractOSstate handles system-state-only capture","invocations":1,"location":null,"numPassingAsserts":3,"retryReasons":[],"status":"passed","title":"extractOSstate handles system-state-only capture"},{"ancestorTitles":["SystemCapture"],"duration":1,"failureDetails":[],"failureMessages":[],"fullName":"SystemCapture extractOSstate captures screenshot only when system state disabled","invocations":1,"location":null,"numPassingAsserts":4,"retryReasons":[],"status":"passed","title":"extractOSstate captures screenshot only when system state disabled"},{"ancestorTitles":["SystemCapture"],"duration":0,"failureDetails":[],"failureMessages":[],"fullName":"SystemCapture extractOSstate resolves screenshot content types from compression/format fields","invocations":1,"location":null,"numPassingAsserts":3,"retryReasons":[],"status":"passed","title":"extractOSstate resolves screenshot content types from compression/format fields"},{"ancestorTitles":["SystemCapture"],"duration":1,"failureDetails":[],"failureMessages":[],"fullName":"SystemCapture extractOSstate ignores non-string screenshot payloads","invocations":1,"location":null,"numPassingAsserts":1,"retryReasons":[],"status":"passed","title":"extractOSstate ignores non-string screenshot payloads"},{"ancestorTitles":["SystemCapture"],"duration":0,"failureDetails":[],"failureMessages":[],"fullName":"SystemCapture extractOSstate returns null screenshot fields for unsuccessful tool payloads","invocations":1,"location":null,"numPassingAsserts":1,"retryReasons":[],"status":"passed","title":"extractOSstate returns null screenshot fields for unsuccessful tool payloads"},{"ancestorTitles":["SystemCapture"],"duration":0,"failureDetails":[],"failureMessages":[],"fullName":"SystemCapture extractOSstate returns nulls when both capture modes disabled","invocations":1,"location":null,"numPassingAsserts":2,"retryReasons":[],"status":"passed","title":"extractOSstate returns nulls when both capture modes disabled"},{"ancestorTitles":["SystemCapture"],"duration":1,"failureDetails":[],"failureMessages":[],"fullName":"SystemCapture extractOSstate uses default non-first-message mode when fourth arg is omitted","invocations":1,"location":null,"numPassingAsserts":2,"retryReasons":[],"status":"passed","title":"extractOSstate uses default non-first-message mode when fourth arg is omitted"},{"ancestorTitles":["SystemCapture"],"duration":0,"failureDetails":[],"failureMessages":[],"fullName":"SystemCapture extractOSstate first-message path supports disabled screenshot/system-state flags","invocations":1,"location":null,"numPassingAsserts":2,"retryReasons":[],"status":"passed","title":"extractOSstate first-message path supports disabled screenshot/system-state flags"},{"ancestorTitles":["SystemCapture"],"duration":0,"failureDetails":[],"failureMessages":[],"fullName":"SystemCapture extractOSstate handles invoke errors gracefully","invocations":1,"location":null,"numPassingAsserts":1,"retryReasons":[],"status":"passed","title":"extractOSstate handles invoke errors gracefully"},{"ancestorTitles":["SystemCapture"],"duration":0,"failureDetails":[],"failureMessages":[],"fullName":"SystemCapture extractOSstate handles first-message extraction errors gracefully","invocations":1,"location":null,"numPassingAsserts":2,"retryReasons":[],"status":"passed","title":"extractOSstate handles first-message extraction errors gracefully"}],"endTime":1772003272626,"message":"","name":"/mnt/E/Assistants/WindieOS_workspace/windieos/tests/frontend/SystemCapture.test.ts","startTime":1772003272547,"status":"passed","summary":""},{"assertionResults":[{"ancestorTitles":["AppConfigProvider storage + IPC status handling"],"duration":3,"failureDetails":[],"failureMessages":[],"fullName":"AppConfigProvider storage + IPC status handling skips disk-sync writes when disk config matches stored config","invocations":1,"location":null,"numPassingAsserts":2,"retryReasons":[],"status":"passed","title":"skips disk-sync writes when disk config matches stored config"},{"ancestorTitles":["AppConfigProvider storage + IPC status handling"],"duration":2,"failureDetails":[],"failureMessages":[],"fullName":"AppConfigProvider storage + IPC status handling applies disk config when it differs from stored config","invocations":1,"location":null,"numPassingAsserts":2,"retryReasons":[],"status":"passed","title":"applies disk config when it differs from stored config"},{"ancestorTitles":["AppConfigProvider storage + IPC status handling"],"duration":2,"failureDetails":[],"failureMessages":[],"fullName":"AppConfigProvider storage + IPC status handling applies cross-window config changes from localStorage events","invocations":1,"location":null,"numPassingAsserts":1,"retryReasons":[],"status":"passed","title":"applies cross-window config changes from localStorage events"},{"ancestorTitles":["AppConfigProvider storage + IPC status handling"],"duration":1,"failureDetails":[],"failureMessages":[],"fullName":"AppConfigProvider storage + IPC status handling ignores unrelated localStorage events","invocations":1,"location":null,"numPassingAsserts":1,"retryReasons":[],"status":"passed","title":"ignores unrelated localStorage events"},{"ancestorTitles":["AppConfigProvider storage + IPC status handling"],"duration":1,"failureDetails":[],"failureMessages":[],"fullName":"AppConfigProvider storage + IPC status handling updates transcript session when client user id resolves","invocations":1,"location":null,"numPassingAsserts":1,"retryReasons":[],"status":"passed","title":"updates transcript session when client user id resolves"},{"ancestorTitles":["AppConfigProvider storage + IPC status handling"],"duration":7,"failureDetails":[],"failureMessages":[],"fullName":"AppConfigProvider storage + IPC status handling syncs current config when get-client-user-id reports already connected","invocations":1,"location":null,"numPassingAsserts":1,"retryReasons":[],"status":"passed","title":"syncs current config when get-client-user-id reports already connected"},{"ancestorTitles":["AppConfigProvider storage + IPC status handling"],"duration":1,"failureDetails":[],"failureMessages":[],"fullName":"AppConfigProvider storage + IPC status handling sets artifact backend http URL when get-client-user-id includes endpoint metadata","invocations":1,"location":null,"numPassingAsserts":1,"retryReasons":[],"status":"passed","title":"sets artifact backend http URL when get-client-user-id includes endpoint metadata"},{"ancestorTitles":["AppConfigProvider storage + IPC status handling"],"duration":1,"failureDetails":[],"failureMessages":[],"fullName":"AppConfigProvider storage + IPC status handling updates transcript session from IPC status events with userId","invocations":1,"location":null,"numPassingAsserts":2,"retryReasons":[],"status":"passed","title":"updates transcript session from IPC status events with userId"},{"ancestorTitles":["AppConfigProvider storage + IPC status handling"],"duration":1,"failureDetails":[],"failureMessages":[],"fullName":"AppConfigProvider storage + IPC status handling sets artifact backend http URL from IPC status payload","invocations":1,"location":null,"numPassingAsserts":2,"retryReasons":[],"status":"passed","title":"sets artifact backend http URL from IPC status payload"},{"ancestorTitles":["AppConfigProvider storage + IPC status handling"],"duration":1,"failureDetails":[],"failureMessages":[],"fullName":"AppConfigProvider storage + IPC status handling syncs current config to backend when IPC status reports connected","invocations":1,"location":null,"numPassingAsserts":2,"retryReasons":[],"status":"passed","title":"syncs current config to backend when IPC status reports connected"},{"ancestorTitles":["AppConfigProvider storage + IPC status handling"],"duration":1,"failureDetails":[],"failureMessages":[],"fullName":"AppConfigProvider storage + IPC status handling does not sync config when IPC status reports disconnected","invocations":1,"location":null,"numPassingAsserts":2,"retryReasons":[],"status":"passed","title":"does not sync config when IPC status reports disconnected"},{"ancestorTitles":["AppConfigProvider storage + IPC status handling"],"duration":1,"failureDetails":[],"failureMessages":[],"fullName":"AppConfigProvider storage + IPC status handling ignores IPC status events when userId is invalid","invocations":1,"location":null,"numPassingAsserts":2,"retryReasons":[],"status":"passed","title":"ignores IPC status events when userId is invalid"},{"ancestorTitles":["AppConfigProvider storage + IPC status handling"],"duration":1,"failureDetails":[],"failureMessages":[],"fullName":"AppConfigProvider storage + IPC status handling wakeword toggle events update wakewordActive state only for boolean payloads","invocations":1,"location":null,"numPassingAsserts":4,"retryReasons":[],"status":"passed","title":"wakeword toggle events update wakewordActive state only for boolean payloads"},{"ancestorTitles":["AppConfigProvider storage + IPC status handling"],"duration":1,"failureDetails":[],"failureMessages":[],"fullName":"AppConfigProvider storage + IPC status handling warns when disk config load fails","invocations":1,"location":null,"numPassingAsserts":1,"retryReasons":[],"status":"passed","title":"warns when disk config load fails"},{"ancestorTitles":["AppConfigProvider storage + IPC status handling"],"duration":0,"failureDetails":[],"failureMessages":[],"fullName":"AppConfigProvider storage + IPC status handling warns when save-to-disk invoke fails during updateConfig","invocations":1,"location":null,"numPassingAsserts":1,"retryReasons":[],"status":"passed","title":"warns when save-to-disk invoke fails during updateConfig"}],"endTime":1772003272794,"message":"","name":"/mnt/E/Assistants/WindieOS_workspace/windieos/tests/frontend/AppConfigProvider.storageAndIpc.test.tsx","startTime":1772003272635,"status":"passed","summary":""},{"assertionResults":[{"ancestorTitles":["TranscriptWriter user + assistant writes"],"duration":32,"failureDetails":[],"failureMessages":[],"fullName":"TranscriptWriter user + assistant writes queues user messages until conversation/user ids are available, then flushes","invocations":1,"location":null,"numPassingAsserts":2,"retryReasons":[],"status":"passed","title":"queues user messages until conversation/user ids are available, then flushes"},{"ancestorTitles":["TranscriptWriter user + assistant writes"],"duration":2,"failureDetails":[],"failureMessages":[],"fullName":"TranscriptWriter user + assistant writes recordUserMessage writes immediately when conversation/user provided in options","invocations":1,"location":null,"numPassingAsserts":1,"retryReasons":[],"status":"passed","title":"recordUserMessage writes immediately when conversation/user provided in options"},{"ancestorTitles":["TranscriptWriter user + assistant writes"],"duration":1,"failureDetails":[],"failureMessages":[],"fullName":"TranscriptWriter user + assistant writes recordUserMessage requeues immediate writes when IPC store fails","invocations":1,"location":null,"numPassingAsserts":4,"retryReasons":[],"status":"passed","title":"recordUserMessage requeues immediate writes when IPC store fails"},{"ancestorTitles":["TranscriptWriter user + assistant writes"],"duration":1,"failureDetails":[],"failureMessages":[],"fullName":"TranscriptWriter user + assistant writes recordUserMessage ignores empty text payloads","invocations":1,"location":null,"numPassingAsserts":1,"retryReasons":[],"status":"passed","title":"recordUserMessage ignores empty text payloads"},{"ancestorTitles":["TranscriptWriter user + assistant writes"],"duration":2,"failureDetails":[],"failureMessages":[],"fullName":"TranscriptWriter user + assistant writes queues assistant messages until conversation/user ids are available, then flushes","invocations":1,"location":null,"numPassingAsserts":2,"retryReasons":[],"status":"passed","title":"queues assistant messages until conversation/user ids are available, then flushes"},{"ancestorTitles":["TranscriptWriter user + assistant writes"],"duration":2,"failureDetails":[],"failureMessages":[],"fullName":"TranscriptWriter user + assistant writes recordAssistantMessage uses default message type llm-text","invocations":1,"location":null,"numPassingAsserts":1,"retryReasons":[],"status":"passed","title":"recordAssistantMessage uses default message type llm-text"},{"ancestorTitles":["TranscriptWriter user + assistant writes"],"duration":2,"failureDetails":[],"failureMessages":[],"fullName":"TranscriptWriter user + assistant writes recordAssistantMessage requeues immediate writes when IPC store fails","invocations":1,"location":null,"numPassingAsserts":4,"retryReasons":[],"status":"passed","title":"recordAssistantMessage requeues immediate writes when IPC store fails"},{"ancestorTitles":["TranscriptWriter user + assistant writes"],"duration":1,"failureDetails":[],"failureMessages":[],"fullName":"TranscriptWriter user + assistant writes recordAssistantMessage ignores empty text payloads","invocations":1,"location":null,"numPassingAsserts":1,"retryReasons":[],"status":"passed","title":"recordAssistantMessage ignores empty text payloads"},{"ancestorTitles":["TranscriptWriter user + assistant writes"],"duration":1,"failureDetails":[],"failureMessages":[],"fullName":"TranscriptWriter user + assistant writes requeues queued user messages when a pending flush write fails","invocations":1,"location":null,"numPassingAsserts":5,"retryReasons":[],"status":"passed","title":"requeues queued user messages when a pending flush write fails"}],"endTime":1772003272922,"message":"","name":"/mnt/E/Assistants/WindieOS_workspace/windieos/tests/frontend/TranscriptWriter.userAssistant.test.ts","startTime":1772003272799,"status":"passed","summary":""},{"assertionResults":[{"ancestorTitles":["useChatStream transcript + event filtering"],"duration":2,"failureDetails":[],"failureMessages":[],"fullName":"useChatStream transcript + event filtering uses latest model metadata without re-subscribing backend listener","invocations":1,"location":null,"numPassingAsserts":4,"retryReasons":[],"status":"passed","title":"uses latest model metadata without re-subscribing backend listener"},{"ancestorTitles":["useChatStream transcript + event filtering"],"duration":1,"failureDetails":[],"failureMessages":[],"fullName":"useChatStream transcript + event filtering writes tool-output transcript with correlation fallback from metadata","invocations":1,"location":null,"numPassingAsserts":3,"retryReasons":[],"status":"passed","title":"writes tool-output transcript with correlation fallback from metadata"},{"ancestorTitles":["useChatStream transcript + event filtering"],"duration":1,"failureDetails":[],"failureMessages":[],"fullName":"useChatStream transcript + event filtering streaming-complete marks assistant message complete and records transcript","invocations":1,"location":null,"numPassingAsserts":3,"retryReasons":[],"status":"passed","title":"streaming-complete marks assistant message complete and records transcript"},{"ancestorTitles":["useChatStream transcript + event filtering"],"duration":1,"failureDetails":[],"failureMessages":[],"fullName":"useChatStream transcript + event filtering does not write transcript entries when transcript is disabled","invocations":1,"location":null,"numPassingAsserts":3,"retryReasons":[],"status":"passed","title":"does not write transcript entries when transcript is disabled"},{"ancestorTitles":["useChatStream transcript + event filtering"],"duration":1,"failureDetails":[],"failureMessages":[],"fullName":"useChatStream transcript + event filtering handles tool-bundle events and records transcript metadata","invocations":1,"location":null,"numPassingAsserts":3,"retryReasons":[],"status":"passed","title":"handles tool-bundle events and records transcript metadata"},{"ancestorTitles":["useChatStream transcript + event filtering"],"duration":1,"failureDetails":[],"failureMessages":[],"fullName":"useChatStream transcript + event filtering ignores non-backend events entirely","invocations":1,"location":null,"numPassingAsserts":2,"retryReasons":[],"status":"passed","title":"ignores non-backend events entirely"},{"ancestorTitles":["useChatStream transcript + event filtering"],"duration":0,"failureDetails":[],"failureMessages":[],"fullName":"useChatStream transcript + event filtering updates transcript session on each valid backend event when enabled","invocations":1,"location":null,"numPassingAsserts":2,"retryReasons":[],"status":"passed","title":"updates transcript session on each valid backend event when enabled"},{"ancestorTitles":["useChatStream transcript + event filtering"],"duration":1,"failureDetails":[],"failureMessages":[],"fullName":"useChatStream transcript + event filtering ignores stale events when conversation_ref does not match active conversation","invocations":1,"location":null,"numPassingAsserts":3,"retryReasons":[],"status":"passed","title":"ignores stale events when conversation_ref does not match active conversation"},{"ancestorTitles":["useChatStream transcript + event filtering"],"duration":1,"failureDetails":[],"failureMessages":[],"fullName":"useChatStream transcript + event filtering still processes events that omit conversation_ref for compatibility","invocations":1,"location":null,"numPassingAsserts":3,"retryReasons":[],"status":"passed","title":"still processes events that omit conversation_ref for compatibility"},{"ancestorTitles":["useChatStream transcript + event filtering"],"duration":0,"failureDetails":[],"failureMessages":[],"fullName":"useChatStream transcript + event filtering preserves transcript session refs when backend event omits conversation and user ids","invocations":1,"location":null,"numPassingAsserts":3,"retryReasons":[],"status":"passed","title":"preserves transcript session refs when backend event omits conversation and user ids"}],"endTime":1772003273029,"message":"","name":"/mnt/E/Assistants/WindieOS_workspace/windieos/tests/frontend/ChatStreamThinkingStatus.transcript.test.tsx","startTime":1772003272933,"status":"passed","summary":""},{"assertionResults":[{"ancestorTitles":["ToolExecutionBundleRunner"],"duration":0,"failureDetails":[],"failureMessages":[],"fullName":"ToolExecutionBundleRunner runs tools sequentially and captures only for computer-use tools","invocations":1,"location":null,"numPassingAsserts":8,"retryReasons":[],"status":"passed","title":"runs tools sequentially and captures only for computer-use tools"},{"ancestorTitles":["ToolExecutionBundleRunner"],"duration":0,"failureDetails":[],"failureMessages":[],"fullName":"ToolExecutionBundleRunner fails fast when tool result is unsuccessful","invocations":1,"location":null,"numPassingAsserts":2,"retryReasons":[],"status":"passed","title":"fails fast when tool result is unsuccessful"},{"ancestorTitles":["ToolExecutionBundleRunner"],"duration":0,"failureDetails":[],"failureMessages":[],"fullName":"ToolExecutionBundleRunner converts thrown non-error values to step output text","invocations":1,"location":null,"numPassingAsserts":2,"retryReasons":[],"status":"passed","title":"converts thrown non-error values to step output text"},{"ancestorTitles":["ToolExecutionBundleRunner"],"duration":0,"failureDetails":[],"failureMessages":[],"fullName":"ToolExecutionBundleRunner uses Error.message when invokeTool throws an Error","invocations":1,"location":null,"numPassingAsserts":1,"retryReasons":[],"status":"passed","title":"uses Error.message when invokeTool throws an Error"},{"ancestorTitles":["ToolExecutionBundleRunner"],"duration":0,"failureDetails":[],"failureMessages":[],"fullName":"ToolExecutionBundleRunner uses Unknown error when thrown value is non-string and non-Error","invocations":1,"location":null,"numPassingAsserts":1,"retryReasons":[],"status":"passed","title":"uses Unknown error when thrown value is non-string and non-Error"},{"ancestorTitles":["ToolExecutionBundleRunner"],"duration":1,"failureDetails":[],"failureMessages":[],"fullName":"ToolExecutionBundleRunner uses no-output success fallback when tool succeeds without output payload","invocations":1,"location":null,"numPassingAsserts":1,"retryReasons":[],"status":"passed","title":"uses no-output success fallback when tool succeeds without output payload"},{"ancestorTitles":["ToolExecutionBundleRunner"],"duration":0,"failureDetails":[],"failureMessages":[],"fullName":"ToolExecutionBundleRunner uses llm_content for success output when output field is missing","invocations":1,"location":null,"numPassingAsserts":1,"retryReasons":[],"status":"passed","title":"uses llm_content for success output when output field is missing"},{"ancestorTitles":["ToolExecutionBundleRunner"],"duration":0,"failureDetails":[],"failureMessages":[],"fullName":"ToolExecutionBundleRunner uses Unknown error output when failed result has no error text","invocations":1,"location":null,"numPassingAsserts":1,"retryReasons":[],"status":"passed","title":"uses Unknown error output when failed result has no error text"},{"ancestorTitles":["ToolExecutionBundleRunner"],"duration":0,"failureDetails":[],"failureMessages":[],"fullName":"ToolExecutionBundleRunner captures non-final computer tool without overwriting systemState","invocations":1,"location":null,"numPassingAsserts":5,"retryReasons":[],"status":"passed","title":"captures non-final computer tool without overwriting systemState"}],"endTime":1772003273101,"message":"","name":"/mnt/E/Assistants/WindieOS_workspace/windieos/tests/frontend/ToolExecutionBundleRunner.test.ts","startTime":1772003273034,"status":"passed","summary":""},{"assertionResults":[{"ancestorTitles":["ChatInterface wiring"],"duration":3,"failureDetails":[],"failureMessages":[],"fullName":"ChatInterface wiring uses main-window sender surface for centralized send behavior","invocations":1,"location":null,"numPassingAsserts":1,"retryReasons":[],"status":"passed","title":"uses main-window sender surface for centralized send behavior"},{"ancestorTitles":["ChatInterface wiring"],"duration":29,"failureDetails":[],"failureMessages":[],"fullName":"ChatInterface wiring window controls invoke matching IPC channels","invocations":1,"location":null,"numPassingAsserts":1,"retryReasons":[],"status":"passed","title":"window controls invoke matching IPC channels"},{"ancestorTitles":["ChatInterface wiring"],"duration":2,"failureDetails":[],"failureMessages":[],"fullName":"ChatInterface wiring shows agent mode badge and passes enabled voice mode to input","invocations":1,"location":null,"numPassingAsserts":4,"retryReasons":[],"status":"passed","title":"shows agent mode badge and passes enabled voice mode to input"},{"ancestorTitles":["ChatInterface wiring"],"duration":1,"failureDetails":[],"failureMessages":[],"fullName":"ChatInterface wiring falls back to chat mode label and disabled voice mode when config is missing","invocations":1,"location":null,"numPassingAsserts":2,"retryReasons":[],"status":"passed","title":"falls back to chat mode label and disabled voice mode when config is missing"},{"ancestorTitles":["ChatInterface wiring"],"duration":5,"failureDetails":[],"failureMessages":[],"fullName":"ChatInterface wiring stop button sends stop-query while stream is active","invocations":1,"location":null,"numPassingAsserts":5,"retryReasons":[],"status":"passed","title":"stop button sends stop-query while stream is active"},{"ancestorTitles":["ChatInterface wiring"],"duration":6,"failureDetails":[],"failureMessages":[],"fullName":"ChatInterface wiring stop button is disabled when no active stream is running","invocations":1,"location":null,"numPassingAsserts":1,"retryReasons":[],"status":"passed","title":"stop button is disabled when no active stream is running"},{"ancestorTitles":["ChatInterface wiring"],"duration":5,"failureDetails":[],"failureMessages":[],"fullName":"ChatInterface wiring new chat button clears local conversation state","invocations":1,"location":null,"numPassingAsserts":6,"retryReasons":[],"status":"passed","title":"new chat button clears local conversation state"}],"endTime":1772003273284,"message":"","name":"/mnt/E/Assistants/WindieOS_workspace/windieos/tests/frontend/ChatInterfaceWiring.test.jsx","startTime":1772003273111,"status":"passed","summary":""},{"assertionResults":[{"ancestorTitles":["ToolExecutionCapture"],"duration":1,"failureDetails":[],"failureMessages":[],"fullName":"ToolExecutionCapture isComputerUseTool detects standard tools and run_shell_command wait","invocations":1,"location":null,"numPassingAsserts":4,"retryReasons":[],"status":"passed","title":"isComputerUseTool detects standard tools and run_shell_command wait"},{"ancestorTitles":["ToolExecutionCapture"],"duration":0,"failureDetails":[],"failureMessages":[],"fullName":"ToolExecutionCapture captureAfterTool uses computed wait seconds and returns system state","invocations":1,"location":null,"numPassingAsserts":5,"retryReasons":[],"status":"passed","title":"captureAfterTool uses computed wait seconds and returns system state"},{"ancestorTitles":["ToolExecutionCapture"],"duration":1,"failureDetails":[],"failureMessages":[],"fullName":"ToolExecutionCapture captureAfterTool prefers args.wait and falls back to default wait","invocations":1,"location":null,"numPassingAsserts":4,"retryReasons":[],"status":"passed","title":"captureAfterTool prefers args.wait and falls back to default wait"},{"ancestorTitles":["ToolExecutionCapture"],"duration":0,"failureDetails":[],"failureMessages":[],"fullName":"ToolExecutionCapture captureAfterTool drops system state when disabled","invocations":1,"location":null,"numPassingAsserts":3,"retryReasons":[],"status":"passed","title":"captureAfterTool drops system state when disabled"},{"ancestorTitles":["ToolExecutionCapture"],"duration":0,"failureDetails":[],"failureMessages":[],"fullName":"ToolExecutionCapture ensureAutoCapture resolves existing screenshot fields without new capture","invocations":1,"location":null,"numPassingAsserts":3,"retryReasons":[],"status":"passed","title":"ensureAutoCapture resolves existing screenshot fields without new capture"},{"ancestorTitles":["ToolExecutionCapture"],"duration":0,"failureDetails":[],"failureMessages":[],"fullName":"ToolExecutionCapture ensureAutoCapture ignores non-string screenshot fields for non-capture tools","invocations":1,"location":null,"numPassingAsserts":2,"retryReasons":[],"status":"passed","title":"ensureAutoCapture ignores non-string screenshot fields for non-capture tools"},{"ancestorTitles":["ToolExecutionCapture"],"duration":0,"failureDetails":[],"failureMessages":[],"fullName":"ToolExecutionCapture resolveSystemState prefers explicit state then payload fallback","invocations":1,"location":null,"numPassingAsserts":3,"retryReasons":[],"status":"passed","title":"resolveSystemState prefers explicit state then payload fallback"},{"ancestorTitles":["ToolExecutionCapture"],"duration":1,"failureDetails":[],"failureMessages":[],"fullName":"ToolExecutionCapture ensureAutoCapture keeps existing screenshot and skips capture","invocations":1,"location":null,"numPassingAsserts":2,"retryReasons":[],"status":"passed","title":"ensureAutoCapture keeps existing screenshot and skips capture"},{"ancestorTitles":["ToolExecutionCapture"],"duration":0,"failureDetails":[],"failureMessages":[],"fullName":"ToolExecutionCapture ensureAutoCapture captures for screenshot tool and writes back to result data","invocations":1,"location":null,"numPassingAsserts":5,"retryReasons":[],"status":"passed","title":"ensureAutoCapture captures for screenshot tool and writes back to result data"},{"ancestorTitles":["ToolExecutionCapture"],"duration":0,"failureDetails":[],"failureMessages":[],"fullName":"ToolExecutionCapture ensureAutoCapture respects skipAutoCapture option","invocations":1,"location":null,"numPassingAsserts":6,"retryReasons":[],"status":"passed","title":"ensureAutoCapture respects skipAutoCapture option"}],"endTime":1772003273362,"message":"","name":"/mnt/E/Assistants/WindieOS_workspace/windieos/tests/frontend/ToolExecutionCapture.test.ts","startTime":1772003273293,"status":"passed","summary":""},{"assertionResults":[{"ancestorTitles":["useWakewordDetection"],"duration":2,"failureDetails":[],"failureMessages":[],"fullName":"useWakewordDetection registers listeners and sends wakeword enable signal on mount","invocations":1,"location":null,"numPassingAsserts":3,"retryReasons":[],"status":"passed","title":"registers listeners and sends wakeword enable signal on mount"},{"ancestorTitles":["useWakewordDetection"],"duration":7,"failureDetails":[],"failureMessages":[],"fullName":"useWakewordDetection ignores detection events with invalid confidence payloads","invocations":1,"location":null,"numPassingAsserts":3,"retryReasons":[],"status":"passed","title":"ignores detection events with invalid confidence payloads"},{"ancestorTitles":["useWakewordDetection"],"duration":1,"failureDetails":[],"failureMessages":[],"fullName":"useWakewordDetection triggers callback and disable signal for detections above threshold with cooldown guard","invocations":1,"location":null,"numPassingAsserts":4,"retryReasons":[],"status":"passed","title":"triggers callback and disable signal for detections above threshold with cooldown guard"},{"ancestorTitles":["useWakewordDetection"],"duration":1,"failureDetails":[],"failureMessages":[],"fullName":"useWakewordDetection warns when chunk size is normalized","invocations":1,"location":null,"numPassingAsserts":1,"retryReasons":[],"status":"passed","title":"warns when chunk size is normalized"},{"ancestorTitles":["useWakewordDetection"],"duration":1,"failureDetails":[],"failureMessages":[],"fullName":"useWakewordDetection stops late microphone stream when disabled before getUserMedia resolves","invocations":1,"location":null,"numPassingAsserts":2,"retryReasons":[],"status":"passed","title":"stops late microphone stream when disabled before getUserMedia resolves"},{"ancestorTitles":["useWakewordDetection"],"duration":1,"failureDetails":[],"failureMessages":[],"fullName":"useWakewordDetection stops audio safely when stop is triggered multiple times","invocations":1,"location":null,"numPassingAsserts":3,"retryReasons":[],"status":"passed","title":"stops audio safely when stop is triggered multiple times"}],"endTime":1772003273496,"message":"","name":"/mnt/E/Assistants/WindieOS_workspace/windieos/tests/frontend/WakewordDetectionHook.test.ts","startTime":1772003273366,"status":"passed","summary":""},{"assertionResults":[{"ancestorTitles":["PlayerService"],"duration":2,"failureDetails":[],"failureMessages":[],"fullName":"PlayerService starts playback when first chunk is enqueued","invocations":1,"location":null,"numPassingAsserts":3,"retryReasons":[],"status":"passed","title":"starts playback when first chunk is enqueued"},{"ancestorTitles":["PlayerService"],"duration":0,"failureDetails":[],"failureMessages":[],"fullName":"PlayerService plays queued chunks sequentially after source end","invocations":1,"location":null,"numPassingAsserts":2,"retryReasons":[],"status":"passed","title":"plays queued chunks sequentially after source end"},{"ancestorTitles":["PlayerService"],"duration":1,"failureDetails":[],"failureMessages":[],"fullName":"PlayerService stopPlayback stops active source and prevents stale onended from continuing playback","invocations":1,"location":null,"numPassingAsserts":4,"retryReasons":[],"status":"passed","title":"stopPlayback stops active source and prevents stale onended from continuing playback"},{"ancestorTitles":["PlayerService"],"duration":0,"failureDetails":[],"failureMessages":[],"fullName":"PlayerService ignores stored onended callback after playback generation changes","invocations":1,"location":null,"numPassingAsserts":1,"retryReasons":[],"status":"passed","title":"ignores stored onended callback after playback generation changes"},{"ancestorTitles":["PlayerService"],"duration":0,"failureDetails":[],"failureMessages":[],"fullName":"PlayerService cleanup closes audio context","invocations":1,"location":null,"numPassingAsserts":1,"retryReasons":[],"status":"passed","title":"cleanup closes audio context"},{"ancestorTitles":["PlayerService"],"duration":0,"failureDetails":[],"failureMessages":[],"fullName":"PlayerService handles suspended audio context resume rejection without crashing playback","invocations":1,"location":null,"numPassingAsserts":1,"retryReasons":[],"status":"passed","title":"handles suspended audio context resume rejection without crashing playback"},{"ancestorTitles":["PlayerService"],"duration":1,"failureDetails":[],"failureMessages":[],"fullName":"PlayerService marks player idle when active source finishes and queue is empty","invocations":1,"location":null,"numPassingAsserts":2,"retryReasons":[],"status":"passed","title":"marks player idle when active source finishes and queue is empty"},{"ancestorTitles":["PlayerService"],"duration":0,"failureDetails":[],"failureMessages":[],"fullName":"PlayerService stopPlayback swallows source stop/disconnect and context close errors","invocations":1,"location":null,"numPassingAsserts":2,"retryReasons":[],"status":"passed","title":"stopPlayback swallows source stop/disconnect and context close errors"},{"ancestorTitles":["PlayerService"],"duration":0,"failureDetails":[],"failureMessages":[],"fullName":"PlayerService continues to next chunk when source start throws during playback","invocations":1,"location":null,"numPassingAsserts":2,"retryReasons":[],"status":"passed","title":"continues to next chunk when source start throws during playback"}],"endTime":1772003273579,"message":"","name":"/mnt/E/Assistants/WindieOS_workspa
[...]
cts screenshot fields from url/ref/inline payload"},{"ancestorTitles":["messageScreenshots"],"duration":0,"failureDetails":[],"failureMessages":[],"fullName":"messageScreenshots returns false when no screenshot fields exist","invocations":1,"location":null,"numPassingAsserts":1,"retryReasons":[],"status":"passed","title":"returns false when no screenshot fields exist"},{"ancestorTitles":["messageScreenshots"],"duration":0,"failureDetails":[],"failureMessages":[],"fullName":"messageScreenshots treats empty screenshot fields as falsey","invocations":1,"location":null,"numPassingAsserts":3,"retryReasons":[],"status":"passed","title":"treats empty screenshot fields as falsey"},{"ancestorTitles":["messageScreenshots"],"duration":0,"failureDetails":[],"failureMessages":[],"fullName":"messageScreenshots matches only user messages with screenshot payloads","invocations":1,"location":null,"numPassingAsserts":3,"retryReasons":[],"status":"passed","title":"matches only user messages with screenshot payloads"}],"endTime":1772003279904,"message":"","name":"/mnt/E/Assistants/WindieOS_workspace/windieos/tests/frontend/MessageScreenshots.test.js","startTime":1772003279843,"status":"passed","summary":""},{"assertionResults":[{"ancestorTitles":["MainLayout"],"duration":11,"failureDetails":[],"failureMessages":[],"fullName":"MainLayout does not render an Active status pill for selected section","invocations":1,"location":null,"numPassingAsserts":2,"retryReasons":[],"status":"passed","title":"does not render an Active status pill for selected section"},{"ancestorTitles":["MainLayout"],"duration":6,"failureDetails":[],"failureMessages":[],"fullName":"MainLayout still switches section when clicking nav buttons","invocations":1,"location":null,"numPassingAsserts":1,"retryReasons":[],"status":"passed","title":"still switches section when clicking nav buttons"}],"endTime":1772003280019,"message":"","name":"/mnt/E/Assistants/WindieOS_workspace/windieos/tests/frontend/MainLayout.test.jsx","startTime":1772003279914,"status":"passed","summary":""},{"assertionResults":[{"ancestorTitles":["buildMessageClassName"],"duration":1,"failureDetails":[],"failureMessages":[],"fullName":"buildMessageClassName builds base user message class names","invocations":1,"location":null,"numPassingAsserts":1,"retryReasons":[],"status":"passed","title":"builds base user message class names"},{"ancestorTitles":["buildMessageClassName"],"duration":0,"failureDetails":[],"failureMessages":[],"fullName":"buildMessageClassName includes streaming class for incomplete assistant messages","invocations":1,"location":null,"numPassingAsserts":1,"retryReasons":[],"status":"passed","title":"includes streaming class for incomplete assistant messages"},{"ancestorTitles":["buildMessageClassName"],"duration":0,"failureDetails":[],"failureMessages":[],"fullName":"buildMessageClassName includes message type and screenshot classes when present","invocations":1,"location":null,"numPassingAsserts":1,"retryReasons":[],"status":"passed","title":"includes message type and screenshot classes when present"},{"ancestorTitles":["buildMessageClassName"],"duration":0,"failureDetails":[],"failureMessages":[],"fullName":"buildMessageClassName does not include streaming class for complete assistant messages","invocations":1,"location":null,"numPassingAsserts":1,"retryReasons":[],"status":"passed","title":"does not include streaming class for complete assistant messages"}],"endTime":1772003280081,"message":"","name":"/mnt/E/Assistants/WindieOS_workspace/windieos/tests/frontend/MessageListClasses.test.js","startTime":1772003280022,"status":"passed","summary":""},{"assertionResults":[{"ancestorTitles":["configFilter"],"duration":0,"failureDetails":[],"failureMessages":[],"fullName":"configFilter filterFrontendConfig keeps only allowed fields","invocations":1,"location":null,"numPassingAsserts":1,"retryReasons":[],"status":"passed","title":"filterFrontendConfig keeps only allowed fields"},{"ancestorTitles":["configFilter"],"duration":1,"failureDetails":[],"failureMessages":[],"fullName":"configFilter filterFrontendConfig returns empty object on invalid input","invocations":1,"location":null,"numPassingAsserts":3,"retryReasons":[],"status":"passed","title":"filterFrontendConfig returns empty object on invalid input"},{"ancestorTitles":["configFilter"],"duration":0,"failureDetails":[],"failureMessages":[],"fullName":"configFilter filterFrontendConfig keeps interaction_mode","invocations":1,"location":null,"numPassingAsserts":1,"retryReasons":[],"status":"passed","title":"filterFrontendConfig keeps interaction_mode"}],"endTime":1772003280149,"message":"","name":"/mnt/E/Assistants/WindieOS_workspace/windieos/tests/frontend/configFilter.test.js","startTime":1772003280086,"status":"passed","summary":""},{"assertionResults":[{"ancestorTitles":["hasShallowConfigChanges"],"duration":1,"failureDetails":[],"failureMessages":[],"fullName":"hasShallowConfigChanges returns false when shallow config values are identical","invocations":1,"location":null,"numPassingAsserts":1,"retryReasons":[],"status":"passed","title":"returns false when shallow config values are identical"},{"ancestorTitles":["hasShallowConfigChanges"],"duration":0,"failureDetails":[],"failureMessages":[],"fullName":"hasShallowConfigChanges returns true when a value changes","invocations":1,"location":null,"numPassingAsserts":1,"retryReasons":[],"status":"passed","title":"returns true when a value changes"},{"ancestorTitles":["hasShallowConfigChanges"],"duration":0,"failureDetails":[],"failureMessages":[],"fullName":"hasShallowConfigChanges returns true when a key is removed","invocations":1,"location":null,"numPassingAsserts":1,"retryReasons":[],"status":"passed","title":"returns true when a key is removed"},{"ancestorTitles":["hasShallowConfigChanges"],"duration":0,"failureDetails":[],"failureMessages":[],"fullName":"hasShallowConfigChanges returns true when a key is added","invocations":1,"location":null,"numPassingAsserts":1,"retryReasons":[],"status":"passed","title":"returns true when a key is added"},{"ancestorTitles":["hasShallowConfigChanges"],"duration":0,"failureDetails":[],"failureMessages":[],"fullName":"hasShallowConfigChanges handles nullish configs","invocations":1,"location":null,"numPassingAsserts":3,"retryReasons":[],"status":"passed","title":"handles nullish configs"}],"endTime":1772003280214,"message":"","name":"/mnt/E/Assistants/WindieOS_workspace/windieos/tests/frontend/ConfigComparison.test.ts","startTime":1772003280160,"status":"passed","summary":""},{"assertionResults":[{"ancestorTitles":["MessageList thinking display ordering"],"duration":6,"failureDetails":[],"failureMessages":[],"fullName":"MessageList thinking display ordering keeps end anchor after thinking display so auto-scroll includes reasoning tokens","invocations":1,"location":null,"numPassingAsserts":2,"retryReasons":[],"status":"passed","title":"keeps end anchor after thinking display so auto-scroll includes reasoning tokens"}],"endTime":1772003280350,"message":"","name":"/mnt/E/Assistants/WindieOS_workspace/windieos/tests/frontend/MessageListThinkingDisplay.test.jsx","startTime":1772003280219,"status":"passed","summary":""},{"assertionResults":[{"ancestorTitles":["backendAudioEvents"],"duration":1,"failureDetails":[],"failureMessages":[],"fullName":"backendAudioEvents returns normalized audio chunk payload for valid audio-chunk events","invocations":1,"location":null,"numPassingAsserts":1,"retryReasons":[],"status":"passed","title":"returns normalized audio chunk payload for valid audio-chunk events"},{"ancestorTitles":["backendAudioEvents"],"duration":0,"failureDetails":[],"failureMessages":[],"fullName":"backendAudioEvents returns null for invalid event envelopes","invocations":1,"location":null,"numPassingAsserts":3,"retryReasons":[],"status":"passed","title":"returns null for invalid event envelopes"},{"ancestorTitles":["backendAudioEvents"],"duration":0,"failureDetails":[],"failureMessages":[],"fullName":"backendAudioEvents returns null for malformed audio chunk payloads","invocations":1,"location":null,"numPassingAsserts":3,"retryReasons":[],"status":"passed","title":"returns null for malformed audio chunk payloads"}],"endTime":1772003280443,"message":"","name":"/mnt/E/Assistants/WindieOS_workspace/windieos/tests/frontend/BackendAudioEvents.test.js","startTime":1772003280356,"status":"passed","summary":""},{"assertionResults":[{"ancestorTitles":["overlay_renderer_registration"],"duration":1,"failureDetails":[],"failureMessages":[],"fullName":"overlay_renderer_registration registers each provided window in order","invocations":1,"location":null,"numPassingAsserts":4,"retryReasons":[],"status":"passed","title":"registers each provided window in order"},{"ancestorTitles":["overlay_renderer_registration"],"duration":0,"failureDetails":[],"failureMessages":[],"fullName":"overlay_renderer_registration skips null/undefined windows","invocations":1,"location":null,"numPassingAsserts":2,"retryReasons":[],"status":"passed","title":"skips null/undefined windows"}],"endTime":1772003280514,"message":"","name":"/mnt/E/Assistants/WindieOS_workspace/windieos/tests/frontend/OverlayRendererRegistration.test.cjs","startTime":1772003280447,"status":"passed","summary":""},{"assertionResults":[{"ancestorTitles":["pendingUserQueue"],"duration":1,"failureDetails":[],"failureMessages":[],"fullName":"pendingUserQueue enqueues pending user messages and drains in insertion order","invocations":1,"location":null,"numPassingAsserts":3,"retryReasons":[],"status":"passed","title":"enqueues pending user messages and drains in insertion order"},{"ancestorTitles":["pendingUserQueue"],"duration":0,"failureDetails":[],"failureMessages":[],"fullName":"pendingUserQueue drain returns empty array when queue is empty","invocations":1,"location":null,"numPassingAsserts":1,"retryReasons":[],"status":"passed","title":"drain returns empty array when queue is empty"},{"ancestorTitles":["pendingUserQueue"],"duration":1,"failureDetails":[],"failureMessages":[],"fullName":"pendingUserQueue drained array mutation does not re-populate queue","invocations":1,"location":null,"numPassingAsserts":2,"retryReasons":[],"status":"passed","title":"drained array mutation does not re-populate queue"}],"endTime":1772003280589,"message":"","name":"/mnt/E/Assistants/WindieOS_workspace/windieos/tests/frontend/TranscriptPendingQueue.test.ts","startTime":1772003280525,"status":"passed","summary":""},{"assertionResults":[{"ancestorTitles":["AppConfigContext"],"duration":12,"failureDetails":[],"failureMessages":[],"fullName":"AppConfigContext useAppConfigContext throws outside AppConfigProvider","invocations":1,"location":null,"numPassingAsserts":1,"retryReasons":[],"status":"passed","title":"useAppConfigContext throws outside AppConfigProvider"},{"ancestorTitles":["AppConfigContext"],"duration":1,"failureDetails":[],"failureMessages":[],"fullName":"AppConfigContext useAppConfigContext returns context value when provider exists","invocations":1,"location":null,"numPassingAsserts":1,"retryReasons":[],"status":"passed","title":"useAppConfigContext returns context value when provider exists"}],"endTime":1772003280672,"message":"","name":"/mnt/E/Assistants/WindieOS_workspace/windieos/tests/frontend/AppConfigContext.test.tsx","startTime":1772003280593,"status":"passed","summary":""},{"assertionResults":[{"ancestorTitles":["AppStatusContext"],"duration":11,"failureDetails":[],"failureMessages":[],"fullName":"AppStatusContext useAppStatusContext throws outside AppStatusProvider","invocations":1,"location":null,"numPassingAsserts":1,"retryReasons":[],"status":"passed","title":"useAppStatusContext throws outside AppStatusProvider"},{"ancestorTitles":["AppStatusContext"],"duration":2,"failureDetails":[],"failureMessages":[],"fullName":"AppStatusContext useAppStatusContext returns context value when provider exists","invocations":1,"location":null,"numPassingAsserts":1,"retryReasons":[],"status":"passed","title":"useAppStatusContext returns context value when provider exists"}],"endTime":1772003280765,"message":"","name":"/mnt/E/Assistants/WindieOS_workspace/windieos/tests/frontend/AppStatusContext.test.tsx","startTime":1772003280676,"status":"passed","summary":""},{"assertionResults":[{"ancestorTitles":["ArtifactImageUtils"],"duration":0,"failureDetails":[],"failureMessages":[],"fullName":"ArtifactImageUtils normalizes image content type with jpeg fallback","invocations":1,"location":null,"numPassingAsserts":4,"retryReasons":[],"status":"passed","title":"normalizes image content type with jpeg fallback"},{"ancestorTitles":["ArtifactImageUtils"],"duration":0,"failureDetails":[],"failureMessages":[],"fullName":"ArtifactImageUtils normalizes png content type","invocations":1,"location":null,"numPassingAsserts":2,"retryReasons":[],"status":"passed","title":"normalizes png content type"},{"ancestorTitles":["ArtifactImageUtils"],"duration":0,"failureDetails":[],"failureMessages":[],"fullName":"ArtifactImageUtils resolves extension from normalized content type","invocations":1,"location":null,"numPassingAsserts":3,"retryReasons":[],"status":"passed","title":"resolves extension from normalized content type"}],"endTime":1772003280841,"message":"","name":"/mnt/E/Assistants/WindieOS_workspace/windieos/tests/frontend/ArtifactImageUtils.test.ts","startTime":1772003280777,"status":"passed","summary":""},{"assertionResults":[{"ancestorTitles":["MemoryContextMenu"],"duration":5,"failureDetails":[],"failureMessages":[],"fullName":"MemoryContextMenu renders menu actions and forwards handlers","invocations":1,"location":null,"numPassingAsserts":4,"retryReasons":[],"status":"passed","title":"renders menu actions and forwards handlers"}],"endTime":1772003280930,"message":"","name":"/mnt/E/Assistants/WindieOS_workspace/windieos/tests/frontend/MemoryContextMenu.test.jsx","startTime":1772003280845,"status":"passed","summary":""},{"assertionResults":[{"ancestorTitles":["messageInput utils"],"duration":0,"failureDetails":[],"failureMessages":[],"fullName":"messageInput utils returns null for blank/whitespace-only messages","invocations":1,"location":null,"numPassingAsserts":2,"retryReasons":[],"status":"passed","title":"returns null for blank/whitespace-only messages"},{"ancestorTitles":["messageInput utils"],"duration":0,"failureDetails":[],"failureMessages":[],"fullName":"messageInput utils returns trimmed message for non-empty input","invocations":1,"location":null,"numPassingAsserts":1,"retryReasons":[],"status":"passed","title":"returns trimmed message for non-empty input"},{"ancestorTitles":["messageInput utils"],"duration":0,"failureDetails":[],"failureMessages":[],"fullName":"messageInput utils buildOutgoingMessage blocks sends while isSending is true","invocations":1,"location":null,"numPassingAsserts":1,"retryReasons":[],"status":"passed","title":"buildOutgoingMessage blocks sends while isSending is true"},{"ancestorTitles":["messageInput utils"],"duration":0,"failureDetails":[],"failureMessages":[],"fullName":"messageInput utils buildOutgoingMessage delegates to normalized text when sending is allowed","invocations":1,"location":null,"numPassingAsserts":1,"retryReasons":[],"status":"passed","title":"buildOutgoingMessage delegates to normalized text when sending is allowed"},{"ancestorTitles":["messageInput utils"],"duration":0,"failureDetails":[],"failureMessages":[],"fullName":"messageInput utils buildOutgoingMessage returns null for whitespace even when sending is allowed","invocations":1,"location":null,"numPassingAsserts":1,"retryReasons":[],"status":"passed","title":"buildOutgoingMessage returns null for whitespace even when sending is allowed"}],"endTime":1772003280998,"message":"","name":"/mnt/E/Assistants/WindieOS_workspace/windieos/tests/frontend/MessageInputUtils.test.js","startTime":1772003280934,"status":"passed","summary":""},{"assertionResults":[{"ancestorTitles":["wakewordEventUtils"],"duration":0,"failureDetails":[],"failureMessages":[],"fullName":"wakewordEventUtils getChunkSizeWarning returns warning only when chunk size is normalized","invocations":1,"location":null,"numPassingAsserts":2,"retryReasons":[],"status":"passed","title":"getChunkSizeWarning returns warning only when chunk size is normalized"},{"ancestorTitles":["wakewordEventUtils"],"duration":1,"failureDetails":[],"failureMessages":[],"fullName":"wakewordEventUtils resolveConfidence accepts finite numbers only","invocations":1,"location":null,"numPassingAsserts":4,"retryReasons":[],"status":"passed","title":"resolveConfidence accepts finite numbers only"},{"ancestorTitles":["wakewordEventUtils"],"duration":0,"failureDetails":[],"failureMessages":[],"fullName":"wakewordEventUtils isWithinCooldown checks detection cooldown boundary","invocations":1,"location":null,"numPassingAsserts":2,"retryReasons":[],"status":"passed","title":"isWithinCooldown checks detection cooldown boundary"}],"endTime":1772003281068,"message":"","name":"/mnt/E/Assistants/WindieOS_workspace/windieos/tests/frontend/WakewordEventUtils.test.ts","startTime":1772003281002,"status":"passed","summary":""},{"assertionResults":[{"ancestorTitles":["transcript session info storage (node env)"],"duration":1,"failureDetails":[],"failureMessages":[],"fullName":"transcript session info storage (node env) readSessionInfoFromStorage returns null fields when window is undefined","invocations":1,"location":null,"numPassingAsserts":1,"retryReasons":[],"status":"passed","title":"readSessionInfoFromStorage returns null fields when window is undefined"},{"ancestorTitles":["transcript session info storage (node env)"],"duration":0,"failureDetails":[],"failureMessages":[],"fullName":"transcript session info storage (node env) persistSessionInfoToStorage is a no-op when window is undefined","invocations":1,"location":null,"numPassingAsserts":1,"retryReasons":[],"status":"passed","title":"persistSessionInfoToStorage is a no-op when window is undefined"},{"ancestorTitles":["transcript session info storage (node env)"],"duration":0,"failureDetails":[],"failureMessages":[],"fullName":"transcript session info storage (node env) emitSessionUpdateEvent is a no-op when window is undefined","invocations":1,"location":null,"numPassingAsserts":1,"retryReasons":[],"status":"passed","title":"emitSessionUpdateEvent is a no-op when window is undefined"}],"endTime":1772003281147,"message":"","name":"/mnt/E/Assistants/WindieOS_workspace/windieos/tests/frontend/TranscriptStorageNodeEnv.test.ts","startTime":1772003281076,"status":"passed","summary":""},{"assertionResults":[{"ancestorTitles":["useLatestRef"],"duration":1,"failureDetails":[],"failureMessages":[],"fullName":"useLatestRef keeps stable ref identity while updating current value","invocations":1,"location":null,"numPassingAsserts":3,"retryReasons":[],"status":"passed","title":"keeps stable ref identity while updating current value"}],"endTime":1772003281227,"message":"","name":"/mnt/E/Assistants/WindieOS_workspace/windieos/tests/frontend/useLatestRef.test.ts","startTime":1772003281151,"status":"passed","summary":""},{"assertionResults":[{"ancestorTitles":["overlayFrameSize"],"duration":0,"failureDetails":[],"failureMessages":[],"fullName":"overlayFrameSize returns rounded frame size with minimum 1x1 bounds","invocations":1,"location":null,"numPassingAsserts":1,"retryReasons":[],"status":"passed","title":"returns rounded frame size with minimum 1x1 bounds"},{"ancestorTitles":["overlayFrameSize"],"duration":0,"failureDetails":[],"failureMessages":[],"fullName":"overlayFrameSize returns null when no measurable element exists","invocations":1,"location":null,"numPassingAsserts":2,"retryReasons":[],"status":"passed","title":"returns null when no measurable element exists"}],"endTime":1772003281294,"message":"","name":"/mnt/E/Assistants/WindieOS_workspace/windieos/tests/frontend/OverlayFrameSize.test.js","startTime":1772003281230,"status":"passed","summary":""}],"wasInterrupted":false}
