{"numFailedTestSuites":0,"numFailedTests":0,"numPassedTestSuites":187,"numPassedTests":1217,"numPendingTestSuites":0,"numPendingTests":0,"numRuntimeErrorTestSuites":0,"numTodoTests":0,"numTotalTestSuites":187,"numTotalTests":1217,"openHandles":[],"snapshot":{"added":0,"didUpdate":false,"failure":false,"filesAdded":0,"filesRemoved":0,"filesRemovedList":[],"filesUnmatched":0,"filesUpdated":0,"matched":0,"total":0,"unchecked":0,"uncheckedKeysByFile":[],"unmatched":0,"updated":0},"startTime":1772739932217,"success":true,"testResults":[{"assertionResults":[{"ancestorTitles":["ChatInterface wiring"],"duration":17,"failureDetails":[],"failureMessages":[],"fullName":"ChatInterface wiring uses main-window sender surface for centralized send behavior","invocations":1,"location":null,"numPassingAsserts":1,"retryReasons":[],"status":"passed","title":"uses main-window sender surface for centralized send behavior"},{"ancestorTitles":["ChatInterface wiring"],"duration":3,"failureDetails":[],"failureMessages":[],"fullName":"ChatInterface wiring does not clear active conversation mapping when transcript session conversation is temporarily null","invocations":1,"location":null,"numPassingAsserts":1,"retryReasons":[],"status":"passed","title":"does not clear active conversation mapping when transcript session conversation is temporarily null"},{"ancestorTitles":["ChatInterface wiring"],"duration":18,"failureDetails":[],"failureMessages":[],"fullName":"ChatInterface wiring shows text-to-speech toggle in header","invocations":1,"location":null,"numPassingAsserts":1,"retryReasons":[],"status":"passed","title":"shows text-to-speech toggle in header"},{"ancestorTitles":["ChatInterface wiring"],"duration":16,"failureDetails":[],"failureMessages":[],"fullName":"ChatInterface wiring window controls invoke minimize, maximize, and close IPC channels","invocations":1,"location":null,"numPassingAsserts":3,"retryReasons":[],"status":"passed","title":"window controls invoke minimize, maximize, and close IPC channels"},{"ancestorTitles":["ChatInterface wiring"],"duration":6,"failureDetails":[],"failureMessages":[],"fullName":"ChatInterface wiring hides native window controls when vm_mode query flag is enabled","invocations":1,"location":null,"numPassingAsserts":3,"retryReasons":[],"status":"passed","title":"hides native window controls when vm_mode query flag is enabled"},{"ancestorTitles":["ChatInterface wiring"],"duration":6,"failureDetails":[],"failureMessages":[],"fullName":"ChatInterface wiring shows connection warning when backend transport disconnects","invocations":1,"location":null,"numPassingAsserts":3,"retryReasons":[],"status":"passed","title":"shows connection warning when backend transport disconnects"},{"ancestorTitles":["ChatInterface wiring"],"duration":3,"failureDetails":[],"failureMessages":[],"fullName":"ChatInterface wiring does not render a duplicate header logo when sidebar is collapsed","invocations":1,"location":null,"numPassingAsserts":1,"retryReasons":[],"status":"passed","title":"does not render a duplicate header logo when sidebar is collapsed"},{"ancestorTitles":["ChatInterface wiring"],"duration":5,"failureDetails":[],"failureMessages":[],"fullName":"ChatInterface wiring text-to-speech toggle updates speech_mode_enabled","invocations":1,"location":null,"numPassingAsserts":1,"retryReasons":[],"status":"passed","title":"text-to-speech toggle updates speech_mode_enabled"},{"ancestorTitles":["ChatInterface wiring"],"duration":4,"failureDetails":[],"failureMessages":[],"fullName":"ChatInterface wiring does not render dashboard auto-compaction control when dev UI is disabled","invocations":1,"location":null,"numPassingAsserts":1,"retryReasons":[],"status":"passed","title":"does not render dashboard auto-compaction control when dev UI is disabled"},{"ancestorTitles":["ChatInterface wiring"],"duration":60,"failureDetails":[],"failureMessages":[],"fullName":"ChatInterface wiring runs compact-history from dashboard when dev auto-compaction control is clicked","invocations":1,"location":null,"numPassingAsserts":6,"retryReasons":[],"status":"passed","title":"runs compact-history from dashboard when dev auto-compaction control is clicked"},{"ancestorTitles":["ChatInterface wiring"],"duration":58,"failureDetails":[],"failureMessages":[],"fullName":"ChatInterface wiring keeps dashboard compaction control clickable even during active stream phases","invocations":1,"location":null,"numPassingAsserts":4,"retryReasons":[],"status":"passed","title":"keeps dashboard compaction control clickable even during active stream phases"},{"ancestorTitles":["ChatInterface wiring"],"duration":7,"failureDetails":[],"failureMessages":[],"fullName":"ChatInterface wiring shows model selector and passes enabled voice mode to input","invocations":1,"location":null,"numPassingAsserts":6,"retryReasons":[],"status":"passed","title":"shows model selector and passes enabled voice mode to input"},{"ancestorTitles":["ChatInterface wiring"],"duration":11,"failureDetails":[],"failureMessages":[],"fullName":"ChatInterface wiring renders curated model display label when selected_model_id is a legacy runtime id","invocations":1,"location":null,"numPassingAsserts":2,"retryReasons":[],"status":"passed","title":"renders curated model display label when selected_model_id is a legacy runtime id"},{"ancestorTitles":["ChatInterface wiring"],"duration":6,"failureDetails":[],"failureMessages":[],"fullName":"ChatInterface wiring falls back to default model label and disabled voice mode when config is missing","invocations":1,"location":null,"numPassingAsserts":3,"retryReasons":[],"status":"passed","title":"falls back to default model label and disabled voice mode when config is missing"},{"ancestorTitles":["ChatInterface wiring"],"duration":28,"failureDetails":[],"failureMessages":[],"fullName":"ChatInterface wiring model selector lists only models for selected provider","invocations":1,"location":null,"numPassingAsserts":3,"retryReasons":[],"status":"passed","title":"model selector lists only models for selected provider"},{"ancestorTitles":["ChatInterface wiring"],"duration":11,"failureDetails":[],"failureMessages":[],"fullName":"ChatInterface wiring selecting a model updates config with model id and provider","invocations":1,"location":null,"numPassingAsserts":1,"retryReasons":[],"status":"passed","title":"selecting a model updates config with model id and provider"},{"ancestorTitles":["ChatInterface wiring"],"duration":2,"failureDetails":[],"failureMessages":[],"fullName":"ChatInterface wiring renders welcome empty state when there are no messages","invocations":1,"location":null,"numPassingAsserts":2,"retryReasons":[],"status":"passed","title":"renders welcome empty state when there are no messages"},{"ancestorTitles":["ChatInterface wiring"],"duration":2,"failureDetails":[],"failureMessages":[],"fullName":"ChatInterface wiring stop response handler sends stop-query while stream is active","invocations":1,"location":null,"numPassingAsserts":5,"retryReasons":[],"status":"passed","title":"stop response handler sends stop-query while stream is active"},{"ancestorTitles":["ChatInterface wiring"],"duration":2,"failureDetails":[],"failureMessages":[],"fullName":"ChatInterface wiring stop shortcut sends stop-query while stream is active","invocations":1,"location":null,"numPassingAsserts":5,"retryReasons":[],"status":"passed","title":"stop shortcut sends stop-query while stream is active"},{"ancestorTitles":["ChatInterface wiring"],"duration":2,"failureDetails":[],"failureMessages":[],"fullName":"ChatInterface wiring stop shortcut ignores key presses when loop is idle","invocations":1,"location":null,"numPassingAsserts":4,"retryReasons":[],"status":"passed","title":"stop shortcut ignores key presses when loop is idle"},{"ancestorTitles":["ChatInterface wiring"],"duration":2,"failureDetails":[],"failureMessages":[],"fullName":"ChatInterface wiring stop response handler sends stop-query immediately after send while awaiting first event","invocations":1,"location":null,"numPassingAsserts":5,"retryReasons":[],"status":"passed","title":"stop response handler sends stop-query immediately after send while awaiting first event"},{"ancestorTitles":["ChatInterface wiring"],"duration":2,"failureDetails":[],"failureMessages":[],"fullName":"ChatInterface wiring keeps composer in stop state during tool loop even when isSending is false","invocations":1,"location":null,"numPassingAsserts":2,"retryReasons":[],"status":"passed","title":"keeps composer in stop state during tool loop even when isSending is false"},{"ancestorTitles":["ChatInterface wiring"],"duration":2,"failureDetails":[],"failureMessages":[],"fullName":"ChatInterface wiring shows awaiting dot until the first assistant row is visible","invocations":1,"location":null,"numPassingAsserts":2,"retryReasons":[],"status":"passed","title":"shows awaiting dot until the first assistant row is visible"},{"ancestorTitles":["ChatInterface wiring"],"duration":2,"failureDetails":[],"failureMessages":[],"fullName":"ChatInterface wiring passes active conversation ref to MessageList for conversation-switch scroll resets","invocations":1,"location":null,"numPassingAsserts":1,"retryReasons":[],"status":"passed","title":"passes active conversation ref to MessageList for conversation-switch scroll resets"},{"ancestorTitles":["ChatInterface wiring"],"duration":1,"failureDetails":[],"failureMessages":[],"fullName":"ChatInterface wiring shows awaiting dot while local send is pending first token","invocations":1,"location":null,"numPassingAsserts":1,"retryReasons":[],"status":"passed","title":"shows awaiting dot while local send is pending first token"},{"ancestorTitles":["ChatInterface wiring"],"duration":2,"failureDetails":[],"failureMessages":[],"fullName":"ChatInterface wiring keeps awaiting dot visible if streaming phase arrives before the first assistant row renders","invocations":1,"location":null,"numPassingAsserts":1,"retryReasons":[],"status":"passed","title":"keeps awaiting dot visible if streaming phase arrives before the first assistant row renders"},{"ancestorTitles":["ChatInterface wiring"],"duration":1,"failureDetails":[],"failureMessages":[],"fullName":"ChatInterface wiring stop response handler is a no-op when no active stream is running","invocations":1,"location":null,"numPassingAsserts":1,"retryReasons":[],"status":"passed","title":"stop response handler is a no-op when no active stream is running"},{"ancestorTitles":["ChatInterface wiring"],"duration":2,"failureDetails":[],"failureMessages":[],"fullName":"ChatInterface wiring dashboard new-chat event clears local conversation state","invocations":1,"location":null,"numPassingAsserts":6,"retryReasons":[],"status":"passed","title":"dashboard new-chat event clears local conversation state"},{"ancestorTitles":["ChatInterface wiring"],"duration":2,"failureDetails":[],"failureMessages":[],"fullName":"ChatInterface wiring passes assistant message action handlers to MessageList when chat has messages","invocations":1,"location":null,"numPassingAsserts":4,"retryReasons":[],"status":"passed","title":"passes assistant message action handlers to MessageList when chat has messages"},{"ancestorTitles":["ChatInterface wiring"],"duration":1,"failureDetails":[],"failureMessages":[],"fullName":"ChatInterface wiring assistant feedback action updates message feedback state","invocations":1,"location":null,"numPassingAsserts":1,"retryReasons":[],"status":"passed","title":"assistant feedback action updates message feedback state"},{"ancestorTitles":["ChatInterface wiring"],"duration":3,"failureDetails":[],"failureMessages":[],"fullName":"ChatInterface wiring try again rewinds tool loop and re-queries from triggering user message","invocations":1,"location":null,"numPassingAsserts":7,"retryReasons":[],"status":"passed","title":"try again rewinds tool loop and re-queries from triggering user message"},{"ancestorTitles":["ChatInterface wiring"],"duration":2,"failureDetails":[],"failureMessages":[],"fullName":"ChatInterface wiring user edit rewinds assistant output and re-queries with edited text","invocations":1,"location":null,"numPassingAsserts":7,"retryReasons":[],"status":"passed","title":"user edit rewinds assistant output and re-queries with edited text"}],"endTime":1772739933371,"message":"","name":"/mnt/E/Assistants/WindieOS_workspace/windieos/tests/frontend/ChatInterfaceWiring.test.jsx","startTime":1772739932520,"status":"passed","summary":""},{"assertionResults":[{"ancestorTitles":["ChatGptDashboardShell"],"duration":17,"failureDetails":[],"failureMessages":[],"fullName":"ChatGptDashboardShell renders chat interface as primary main content","invocations":1,"location":null,"numPassingAsserts":2,"retryReasons":[],"status":"passed","title":"renders chat interface as primary main content"},{"ancestorTitles":["ChatGptDashboardShell"],"duration":4,"failureDetails":[],"failureMessages":[],"fullName":"ChatGptDashboardShell locks document scroll while dashboard shell is mounted","invocations":1,"location":null,"numPassingAsserts":5,"retryReasons":[],"status":"passed","title":"locks document scroll while dashboard shell is mounted"},{"ancestorTitles":["ChatGptDashboardShell"],"duration":5,"failureDetails":[],"failureMessages":[],"fullName":"ChatGptDashboardShell opens settings modal when main process emits settings target","invocations":1,"location":null,"numPassingAsserts":2,"retryReasons":[],"status":"passed","title":"opens settings modal when main process emits settings target"},{"ancestorTitles":["ChatGptDashboardShell"],"duration":23,"failureDetails":[],"failureMessages":[],"fullName":"ChatGptDashboardShell collapses and expands sidebar through dedicated controls","invocations":1,"location":null,"numPassingAsserts":7,"retryReasons":[],"status":"passed","title":"collapses and expands sidebar through dedicated controls"},{"ancestorTitles":["ChatGptDashboardShell"],"duration":8,"failureDetails":[],"failureMessages":[],"fullName":"ChatGptDashboardShell sidebar models button opens models modal","invocations":1,"location":null,"numPassingAsserts":2,"retryReasons":[],"status":"passed","title":"sidebar models button opens models modal"},{"ancestorTitles":["ChatGptDashboardShell"],"duration":7,"failureDetails":[],"failureMessages":[],"fullName":"ChatGptDashboardShell sidebar usage button opens usage modal","invocations":1,"location":null,"numPassingAsserts":2,"retryReasons":[],"status":"passed","title":"sidebar usage button opens usage modal"},{"ancestorTitles":["ChatGptDashboardShell"],"duration":6,"failureDetails":[],"failureMessages":[],"fullName":"ChatGptDashboardShell profile click opens menu first, then settings from menu item","invocations":1,"location":null,"numPassingAsserts":5,"retryReasons":[],"status":"passed","title":"profile click opens menu first, then settings from menu item"},{"ancestorTitles":["ChatGptDashboardShell"],"duration":8,"failureDetails":[],"failureMessages":[],"fullName":"ChatGptDashboardShell chat target closes an open modal","invocations":1,"location":null,"numPassingAsserts":3,"retryReasons":[],"status":"passed","title":"chat target closes an open modal"},{"ancestorTitles":["ChatGptDashboardShell"],"duration":5,"failureDetails":[],"failureMessages":[],"fullName":"ChatGptDashboardShell vm mode hides sidebar and disables dashboard panel targets","invocations":1,"location":null,"numPassingAsserts":3,"retryReasons":[],"status":"passed","title":"vm mode hides sidebar and disables dashboard panel targets"},{"ancestorTitles":["ChatGptDashboardShell"],"duration":11,"failureDetails":[],"failureMessages":[],"fullName":"ChatGptDashboardShell opens recent conversation from sidebar history list","invocations":1,"location":null,"numPassingAsserts":6,"retryReasons":[],"status":"passed","title":"opens recent conversation from sidebar history list"},{"ancestorTitles":["ChatGptDashboardShell"],"duration":10,"failureDetails":[],"failureMessages":[],"fullName":"ChatGptDashboardShell allows switching history while another loop is active","invocations":1,"location":null,"numPassingAsserts":6,"retryReasons":[],"status":"passed","title":"allows switching history while another loop is active"},{"ancestorTitles":["ChatGptDashboardShell"],"duration":9,"failureDetails":[],"failureMessages":[],"fullName":"ChatGptDashboardShell highlights active conversation row in sidebar history","invocations":1,"location":null,"numPassingAsserts":2,"retryReasons":[],"status":"passed","title":"highlights active conversation row in sidebar history"},{"ancestorTitles":["ChatGptDashboardShell"],"duration":36,"failureDetails":[],"failureMessages":[],"fullName":"ChatGptDashboardShell conversation kebab menu shows only rename, pin, and delete actions","invocations":1,"location":null,"numPassingAsserts":7,"retryReasons":[],"status":"passed","title":"conversation kebab menu shows only rename, pin, and delete actions"},{"ancestorTitles":["ChatGptDashboardShell"],"duration":19,"failureDetails":[],"failureMessages":[],"fullName":"ChatGptDashboardShell delete action from conversation kebab menu calls delete-conversation","invocations":1,"location":null,"numPassingAsserts":2,"retryReasons":[],"status":"passed","title":"delete action from conversation kebab menu calls delete-conversation"},{"ancestorTitles":["ChatGptDashboardShell"],"duration":5,"failureDetails":[],"failureMessages":[],"fullName":"ChatGptDashboardShell reloads recent chats when transcript session user id becomes available","invocations":1,"location":null,"numPassingAsserts":3,"retryReasons":[],"status":"passed","title":"reloads recent chats when transcript session user id becomes available"},{"ancestorTitles":["ChatGptDashboardShell"],"duration":15,"failureDetails":[],"failureMessages":[],"fullName":"ChatGptDashboardShell ignores stale recent-chat response after transcript user switch","invocations":1,"location":null,"numPassingAsserts":6,"retryReasons":[],"status":"passed","title":"ignores stale recent-chat response after transcript user switch"},{"ancestorTitles":["ChatGptDashboardShell"],"duration":9,"failureDetails":[],"failureMessages":[],"fullName":"ChatGptDashboardShell reloads recent chats after assistant llm transcript entry is stored","invocations":1,"location":null,"numPassingAsserts":4,"retryReasons":[],"status":"passed","title":"reloads recent chats after assistant llm transcript entry is stored"},{"ancestorTitles":["ChatGptDashboardShell"],"duration":10,"failureDetails":[],"failureMessages":[],"fullName":"ChatGptDashboardShell retries recent chats on startup when local backend is not ready","invocations":1,"location":null,"numPassingAsserts":3,"retryReasons":[],"status":"passed","title":"retries recent chats on startup when local backend is not ready"},{"ancestorTitles":["ChatGptDashboardShell"],"duration":5,"failureDetails":[],"failureMessages":[],"fullName":"ChatGptDashboardShell plays dashboard open animation on mount and when window becomes visible again","invocations":1,"location":null,"numPassingAsserts":5,"retryReasons":[],"status":"passed","title":"plays dashboard open animation on mount and when window becomes visible again"},{"ancestorTitles":["ChatGptDashboardShell"],"duration":26,"failureDetails":[],"failureMessages":[],"fullName":"ChatGptDashboardShell search chats opens modal, filters list, and opens selected conversation","invocations":1,"location":null,"numPassingAsserts":7,"retryReasons":[],"status":"passed","title":"search chats opens modal, filters list, and opens selected conversation"}],"endTime":1772739933700,"message":"","name":"/mnt/E/Assistants/WindieOS_workspace/windieos/tests/frontend/ChatGptDashboardShell.test.jsx","startTime":1772739933378,"status":"passed","summary":""},{"assertionResults":[{"ancestorTitles":["ChatBox overlay mouse ignore"],"duration":5,"failureDetails":[],"failureMessages":[],"fullName":"ChatBox overlay mouse ignore does not manage overlay click-through from the renderer and avoids live window resize","invocations":1,"location":null,"numPassingAsserts":3,"retryReasons":[],"status":"passed","title":"does not manage overlay click-through from the renderer and avoids live window resize"},{"ancestorTitles":["ChatBox overlay mouse ignore"],"duration":2,"failureDetails":[],"failureMessages":[],"fullName":"ChatBox overlay mouse ignore does not enable click-through from response overlay phase activity","invocations":1,"location":null,"numPassingAsserts":1,"retryReasons":[],"status":"passed","title":"does not enable click-through from response overlay phase activity"},{"ancestorTitles":["ChatBox overlay mouse ignore"],"duration":15,"failureDetails":[],"failureMessages":[],"fullName":"ChatBox overlay mouse ignore keeps fixed-size preview lane and does not invoke chatbox resize when images change","invocations":1,"location":null,"numPassingAsserts":14,"retryReasons":[],"status":"passed","title":"keeps fixed-size preview lane and does not invoke chatbox resize when images change"},{"ancestorTitles":["ChatBox overlay mouse ignore"],"duration":2,"failureDetails":[],"failureMessages":[],"fullName":"ChatBox overlay mouse ignore keeps compact non-preview classes stable on startup without delayed flips","invocations":1,"location":null,"numPassingAsserts":7,"retryReasons":[],"status":"passed","title":"keeps compact non-preview classes stable on startup without delayed flips"},{"ancestorTitles":["ChatBox overlay mouse ignore"],"duration":33,"failureDetails":[],"failureMessages":[],"fullName":"ChatBox overlay mouse ignore keeps preview-expanded class until last image is removed and stays compact afterward","invocations":1,"location":null,"numPassingAsserts":14,"retryReasons":[],"status":"passed","title":"keeps preview-expanded class until last image is removed and stays compact afterward"},{"ancestorTitles":["ChatBox overlay mouse ignore"],"duration":1,"failureDetails":[],"failureMessages":[],"fullName":"ChatBox overlay mouse ignore wires overlay sender surface for centralized UI send behavior","invocations":1,"location":null,"numPassingAsserts":1,"retryReasons":[],"status":"passed","title":"wires overlay sender surface for centralized UI send behavior"},{"ancestorTitles":["ChatBox overlay mouse ignore"],"duration":5,"failureDetails":[],"failureMessages":[],"fullName":"ChatBox overlay mouse ignore settings button opens and maximizes the dashboard window","invocations":1,"location":null,"numPassingAsserts":1,"retryReasons":[],"status":"passed","title":"settings button opens and maximizes the dashboard window"},{"ancestorTitles":["ChatBox overlay mouse ignore"],"duration":20,"failureDetails":[],"failureMessages":[],"fullName":"ChatBox overlay mouse ignore locks pill controls during active loop phases and leaves send disabled","invocations":1,"location":null,"numPassingAsserts":7,"retryReasons":[],"status":"passed","title":"locks pill controls during active loop phases and leaves send disabled"},{"ancestorTitles":["ChatBox overlay mouse ignore"],"duration":3,"failureDetails":[],"failureMessages":[],"fullName":"ChatBox overlay mouse ignore does not render compaction control when dev UI flag is disabled","invocations":1,"location":null,"numPassingAsserts":1,"retryReasons":[],"status":"passed","title":"does not render compaction control when dev UI flag is disabled"},{"ancestorTitles":["ChatBox overlay mouse ignore"],"duration":5,"failureDetails":[],"failureMessages":[],"fullName":"ChatBox overlay mouse ignore renders dev compaction control and dispatches compact-history","invocations":1,"location":null,"numPassingAsserts":1,"retryReasons":[],"status":"passed","title":"renders dev compaction control and dispatches compact-history"},{"ancestorTitles":["ChatBox overlay mouse ignore"],"duration":2,"failureDetails":[],"failureMessages":[],"fullName":"ChatBox overlay mouse ignore dragging pill sends absolute move-chatbox-to coordinates","invocations":1,"location":null,"numPassingAsserts":2,"retryReasons":[],"status":"passed","title":"dragging pill sends absolute move-chatbox-to coordinates"},{"ancestorTitles":["ChatBox overlay mouse ignore"],"duration":2,"failureDetails":[],"failureMessages":[],"fullName":"ChatBox overlay mouse ignore input interactions do not start drag movement","invocations":1,"location":null,"numPassingAsserts":1,"retryReasons":[],"status":"passed","title":"input interactions do not start drag movement"},{"ancestorTitles":["ChatBox overlay mouse ignore"],"duration":1,"failureDetails":[],"failureMessages":[],"fullName":"ChatBox overlay mouse ignore auto-focuses input on mount","invocations":1,"location":null,"numPassingAsserts":1,"retryReasons":[],"status":"passed","title":"auto-focuses input on mount"},{"ancestorTitles":["ChatBox overlay mouse ignore"],"duration":1,"failureDetails":[],"failureMessages":[],"fullName":"ChatBox overlay mouse ignore responds only to explicit chatbox-focus events and ignores generic window focus churn","invocations":1,"location":null,"numPassingAsserts":2,"retryReasons":[],"status":"passed","title":"responds only to explicit chatbox-focus events and ignores generic window focus churn"},{"ancestorTitles":["ChatBox overlay mouse ignore"],"duration":5,"failureDetails":[],"failureMessages":[],"fullName":"ChatBox overlay mouse ignore does not focus input from chatbox-focus while loop interaction is locked","invocations":1,"location":null,"numPassingAsserts":3,"retryReasons":[],"status":"passed","title":"does not focus input from chatbox-focus while loop interaction is locked"},{"ancestorTitles":["ChatBox overlay mouse ignore"],"duration":2,"failureDetails":[],"failureMessages":[],"fullName":"ChatBox overlay mouse ignore adds ambient loop glow class while active overlay phases are running","invocations":1,"location":null,"numPassingAsserts":3,"retryReasons":[],"status":"passed","title":"adds ambient loop glow class while active overlay phases are running"},{"ancestorTitles":["ChatBox overlay mouse ignore"],"duration":6,"failureDetails":[],"failureMessages":[],"fullName":"ChatBox overlay mouse ignore send button dispatches message and clears input","invocations":1,"location":null,"numPassingAsserts":2,"retryReasons":[],"status":"passed","title":"send button dispatches message and clears input"},{"ancestorTitles":["ChatBox overlay mouse ignore"],"duration":7,"failureDetails":[],"failureMessages":[],"fullName":"ChatBox overlay mouse ignore keeps send button rendered but disabled during active stream","invocations":1,"location":null,"numPassingAsserts":5,"retryReasons":[],"status":"passed","title":"keeps send button rendered but disabled during active stream"},{"ancestorTitles":["ChatBox overlay mouse ignore"],"duration":6,"failureDetails":[],"failureMessages":[],"fullName":"ChatBox overlay mouse ignore keeps send button disabled when isSending is true before first stream event","invocations":1,"location":null,"numPassingAsserts":5,"retryReasons":[],"status":"passed","title":"keeps send button disabled when isSending is true before first stream event"},{"ancestorTitles":["ChatBox overlay mouse ignore"],"duration":2,"failureDetails":[],"failureMessages":[],"fullName":"ChatBox overlay mouse ignore does not start wakeword STT voice mode when setting is disabled","invocations":1,"location":null,"numPassingAsserts":2,"retryReasons":[],"status":"passed","title":"does not start wakeword STT voice mode when setting is disabled"},{"ancestorTitles":["ChatBox overlay mouse ignore"],"duration":4,"failureDetails":[],"failureMessages":[],"fullName":"ChatBox overlay mouse ignore text-to-speech button toggles speech mode config","invocations":1,"location":null,"numPassingAsserts":1,"retryReasons":[],"status":"passed","title":"text-to-speech button toggles speech mode config"},{"ancestorTitles":["ChatBox overlay mouse ignore"],"duration":1,"failureDetails":[],"failureMessages":[],"fullName":"ChatBox overlay mouse ignore does not render active app label inside chatbox pill surface","invocations":1,"location":null,"numPassingAsserts":2,"retryReasons":[],"status":"passed","title":"does not render active app label inside chatbox pill surface"}],"endTime":1772739933902,"message":"","name":"/mnt/E/Assistants/WindieOS_workspace/windieos/tests/frontend/ChatBoxOverlayMouseIgnore.test.jsx","startTime":1772739933705,"status":"passed","summary":""},{"assertionResults":[{"ancestorTitles":["ModelsSection"],"duration":10,"failureDetails":[],"failureMessages":[],"fullName":"ModelsSection left close button calls onClose","invocations":1,"location":null,"numPassingAsserts":1,"retryReasons":[],"status":"passed","title":"left close button calls onClose"},{"ancestorTitles":["ModelsSection"],"duration":66,"failureDetails":[],"failureMessages":[],"fullName":"ModelsSection shows provider list first and opens provider-specific model list on click","invocations":1,"location":null,"numPassingAsserts":7,"retryReasons":[],"status":"passed","title":"shows provider list first and opens provider-specific model list on click"},{"ancestorTitles":["ModelsSection"],"duration":13,"failureDetails":[],"failureMessages":[],"fullName":"ModelsSection selecting provider model updates config with selected provider and model","invocations":1,"location":null,"numPassingAsserts":1,"retryReasons":[],"status":"passed","title":"selecting provider model updates config with selected provider and model"},{"ancestorTitles":["ModelsSection"],"duration":14,"failureDetails":[],"failureMessages":[],"fullName":"ModelsSection api keys section is collapsible and expands on click","invocations":1,"location":null,"numPassingAsserts":8,"retryReasons":[],"status":"passed","title":"api keys section is collapsible and expands on click"},{"ancestorTitles":["ModelsSection"],"duration":9,"failureDetails":[],"failureMessages":[],"fullName":"ModelsSection api key toggle and input update provider_api_keys config","invocations":1,"location":null,"numPassingAsserts":2,"retryReasons":[],"status":"passed","title":"api key toggle and input update provider_api_keys config"},{"ancestorTitles":["ModelsSection"],"duration":15,"failureDetails":[],"failureMessages":[],"fullName":"ModelsSection oauth login updates provider_oauth config for openai codex","invocations":1,"location":null,"numPassingAsserts":3,"retryReasons":[],"status":"passed","title":"oauth login updates provider_oauth config for openai codex"}],"endTime":1772739934099,"message":"","name":"/mnt/E/Assistants/WindieOS_workspace/windieos/tests/frontend/ModelsSection.test.jsx","startTime":1772739933906,"status":"passed","summary":""},{"assertionResults":[{"ancestorTitles":["MemorySection"],"duration":44,"failureDetails":[],"failureMessages":[],"fullName":"MemorySection loads episodic and semantic memories without using conversation list","invocations":1,"location":null,"numPassingAsserts":4,"retryReasons":[],"status":"passed","title":"loads episodic and semantic memories without using conversation list"},{"ancestorTitles":["MemorySection"],"duration":12,"failureDetails":[],"failureMessages":[],"fullName":"MemorySection left close button calls onClose","invocations":1,"location":null,"numPassingAsserts":1,"retryReasons":[],"status":"passed","title":"left close button calls onClose"},{"ancestorTitles":["MemorySection"],"duration":22,"failureDetails":[],"failureMessages":[],"fullName":"MemorySection semantic delete routes through delete-semantic-memory","invocations":1,"location":null,"numPassingAsserts":1,"retryReasons":[],"status":"passed","title":"semantic delete routes through delete-semantic-memory"},{"ancestorTitles":["MemorySection"],"duration":20,"failureDetails":[],"failureMessages":[],"fullName":"MemorySection episodic delete routes through delete-episodic-memory","invocations":1,"location":null,"numPassingAsserts":1,"retryReasons":[],"status":"passed","title":"episodic delete routes through delete-episodic-memory"},{"ancestorTitles":["MemorySection"],"duration":20,"failureDetails":[],"failureMessages":[],"fullName":"MemorySection deletes semantic memory with one click and does not show confirmation dialog","invocations":1,"location":null,"numPassingAsserts":2,"retryReasons":[],"status":"passed","title":"deletes semantic memory with one click and does not show confirmation dialog"},{"ancestorTitles":["MemorySection"],"duration":9,"failureDetails":[],"failureMessages":[],"fullName":"MemorySection persists memory retrieval injection toggle state in localStorage","invocations":1,"location":null,"numPassingAsserts":3,"retryReasons":[],"status":"passed","title":"persists memory retrieval injection toggle state in localStorage"},{"ancestorTitles":["MemorySection"],"duration":9,"failureDetails":[],"failureMessages":[],"fullName":"MemorySection episodic search matches assistant responses","invocations":1,"location":null,"numPassingAsserts":1,"retryReasons":[],"status":"passed","title":"episodic search matches assistant responses"}],"endTime":1772739934286,"message":"","name":"/mnt/E/Assistants/WindieOS_workspace/windieos/tests/frontend/MemorySection.test.jsx","startTime":1772739934103,"status":"passed","summary":""},{"assertionResults":[{"ancestorTitles":["ChatBoxResponse state behavior"],"duration":3,"failureDetails":[],"failureMessages":[],"fullName":"ChatBoxResponse state behavior shows awaiting indicator when no assistant response exists yet","invocations":1,"location":null,"numPassingAsserts":1,"retryReasons":[],"status":"passed","title":"shows awaiting indicator when no assistant response exists yet"},{"ancestorTitles":["ChatBoxResponse state behavior"],"duration":7,"failureDetails":[],"failureMessages":[],"fullName":"ChatBoxResponse state behavior shows response overlay even when assistant text arrives before local user anchor","invocations":1,"location":null,"numPassingAsserts":3,"retryReasons":[],"status":"passed","title":"shows response overlay even when assistant text arrives before local user anchor"},{"ancestorTitles":["ChatBoxResponse state behavior"],"duration":3,"failureDetails":[],"failureMessages":[],"fullName":"ChatBoxResponse state behavior hides awaiting indicator after first assistant chunk arrives during streaming","invocations":1,"location":null,"numPassingAsserts":3,"retryReasons":[],"status":"passed","title":"hides awaiting indicator after first assistant chunk arrives during streaming"},{"ancestorTitles":["ChatBoxResponse state behavior"],"duration":2,"failureDetails":[],"failureMessages":[],"fullName":"ChatBoxResponse state behavior keeps awaiting indicator visible when query is sending and overlay phase is streaming","invocations":1,"location":null,"numPassingAsserts":2,"retryReasons":[],"status":"passed","title":"keeps awaiting indicator visible when query is sending and overlay phase is streaming"},{"ancestorTitles":["ChatBoxResponse state behavior"],"duration":4,"failureDetails":[],"failureMessages":[],"fullName":"ChatBoxResponse state behavior keeps awaiting indicator during tool-output and clears on terminal overlay phase","invocations":1,"location":null,"numPassingAsserts":4,"retryReasons":[],"status":"passed","title":"keeps awaiting indicator during tool-output and clears on terminal overlay phase"},{"ancestorTitles":["ChatBoxResponse state behavior"],"duration":8,"failureDetails":[],"failureMessages":[],"fullName":"ChatBoxResponse state behavior shows awaiting indicator for tool-output phase after response is dismissed","invocations":1,"location":null,"numPassingAsserts":5,"retryReasons":[],"status":"passed","title":"shows awaiting indicator for tool-output phase after response is dismissed"},{"ancestorTitles":["ChatBoxResponse state behavior"],"duration":4,"failureDetails":[],"failureMessages":[],"fullName":"ChatBoxResponse state behavior incomplete llm response is visible but not closeable","invocations":1,"location":null,"numPassingAsserts":2,"retryReasons":[],"status":"passed","title":"incomplete llm response is visible but not closeable"},{"ancestorTitles":["ChatBoxResponse state behavior"],"duration":4,"failureDetails":[],"failureMessages":[],"fullName":"ChatBoxResponse state behavior error response can be closed and stays dismissed","invocations":1,"location":null,"numPassingAsserts":2,"retryReasons":[],"status":"passed","title":"error response can be closed and stays dismissed"},{"ancestorTitles":["ChatBoxResponse state behavior"],"duration":4,"failureDetails":[],"failureMessages":[],"fullName":"ChatBoxResponse state behavior shows top overflow indicator when response pane is scrolled above bottom","invocations":1,"location":null,"numPassingAsserts":3,"retryReasons":[],"status":"passed","title":"shows top overflow indicator when response pane is scrolled above bottom"},{"ancestorTitles":["ChatBoxResponse state behavior"],"duration":4,"failureDetails":[],"failureMessages":[],"fullName":"ChatBoxResponse state behavior keeps response pane at a fixed height while content streams","invocations":1,"location":null,"numPassingAsserts":4,"retryReasons":[],"status":"passed","title":"keeps response pane at a fixed height while content streams"},{"ancestorTitles":["ChatBoxResponse state behavior"],"duration":2,"failureDetails":[],"failureMessages":[],"fullName":"ChatBoxResponse state behavior keeps awaiting indicator stable while thinking text exists","invocations":1,"location":null,"numPassingAsserts":2,"retryReasons":[],"status":"passed","title":"keeps awaiting indicator stable while thinking text exists"},{"ancestorTitles":["ChatBoxResponse state behavior"],"duration":2,"failureDetails":[],"failureMessages":[],"fullName":"ChatBoxResponse state behavior does not show reasoning stream when compaction status arrives without awaiting phase","invocations":1,"location":null,"numPassingAsserts":2,"retryReasons":[],"status":"passed","title":"does not show reasoning stream when compaction status arrives without awaiting phase"},{"ancestorTitles":["ChatBoxResponse state behavior"],"duration":4,"failureDetails":[],"failureMessages":[],"fullName":"ChatBoxResponse state behavior clears awaiting indicator on idle and only re-shows it for a live phase","invocations":1,"location":null,"numPassingAsserts":6,"retryReasons":[],"status":"passed","title":"clears awaiting indicator on idle and only re-shows it for a live phase"},{"ancestorTitles":["ChatBoxResponse state behavior"],"duration":4,"failureDetails":[],"failureMessages":[],"fullName":"ChatBoxResponse state behavior hides stale completed response while awaiting phase is active","invocations":1,"location":null,"numPassingAsserts":4,"retryReasons":[],"status":"passed","title":"hides stale completed response while awaiting phase is active"},{"ancestorTitles":["ChatBoxResponse state behavior"],"duration":6,"failureDetails":[],"failureMessages":[],"fullName":"ChatBoxResponse state behavior keeps stale response hidden after visibility restore and unlocks on same-id token update","invocations":1,"location":null,"numPassingAsserts":9,"retryReasons":[],"status":"passed","title":"keeps stale response hidden after visibility restore and unlocks on same-id token update"},{"ancestorTitles":["ChatBoxResponse state behavior"],"duration":53,"failureDetails":[],"failureMessages":[],"fullName":"ChatBoxResponse state behavior re-reports compact overlay size after visibility hide/show cycle","invocations":1,"location":null,"numPassingAsserts":5,"retryReasons":[],"status":"passed","title":"re-reports compact overlay size after visibility hide/show cycle"}],"endTime":1772739934462,"message":"","name":"/mnt/E/Assistants/WindieOS_workspace/windieos/tests/frontend/ChatBoxResponse.state.test.jsx","startTime":1772739934290,"status":"passed","summary":""},{"assertionResults":[{"ancestorTitles":["MessageList assistant actions"],"duration":24,"failureDetails":[],"failureMessages":[],"fullName":"MessageList assistant actions renders copy/like/dislike/try-again actions for assistant llm messages","invocations":1,"location":null,"numPassingAsserts":4,"retryReasons":[],"status":"passed","title":"renders copy/like/dislike/try-again actions for assistant llm messages"},{"ancestorTitles":["MessageList assistant actions"],"duration":3,"failureDetails":[],"failureMessages":[],"fullName":"MessageList assistant actions does not render assistant actions for tool-call/tool-output messages","invocations":1,"location":null,"numPassingAsserts":2,"retryReasons":[],"status":"passed","title":"does not render assistant actions for tool-call/tool-output messages"},{"ancestorTitles":["MessageList assistant actions"],"duration":5,"failureDetails":[],"failureMessages":[],"fullName":"MessageList assistant actions calls retry callback with assistant message id","invocations":1,"location":null,"numPassingAsserts":1,"retryReasons":[],"status":"passed","title":"calls retry callback with assistant message id"},{"ancestorTitles":["MessageList assistant actions"],"duration":10,"failureDetails":[],"failureMessages":[],"fullName":"MessageList assistant actions copy action swaps to check icon for 4 seconds then reverts","invocations":1,"location":null,"numPassingAsserts":9,"retryReasons":[],"status":"passed","title":"copy action swaps to check icon for 4 seconds then reverts"},{"ancestorTitles":["MessageList assistant actions"],"duration":11,"failureDetails":[],"failureMessages":[],"fullName":"MessageList assistant actions user edit opens inline composer and sends updated text","invocations":1,"location":null,"numPassingAsserts":2,"retryReasons":[],"status":"passed","title":"user edit opens inline composer and sends updated text"},{"ancestorTitles":["MessageList assistant actions"],"duration":8,"failureDetails":[],"failureMessages":[],"fullName":"MessageList assistant actions user edit cancel closes inline composer without sending","invocations":1,"location":null,"numPassingAsserts":2,"retryReasons":[],"status":"passed","title":"user edit cancel closes inline composer without sending"},{"ancestorTitles":["MessageList assistant actions"],"duration":1,"failureDetails":[],"failureMessages":[],"fullName":"MessageList assistant actions renders compacting status row under history when compaction is in progress","invocations":1,"location":null,"numPassingAsserts":2,"retryReasons":[],"status":"passed","title":"renders compacting status row under history when compaction is in progress"},{"ancestorTitles":["MessageList assistant actions"],"duration":1,"failureDetails":[],"failureMessages":[],"fullName":"MessageList assistant actions renders compacted status row under history when compaction completes","invocations":1,"location":null,"numPassingAsserts":2,"retryReasons":[],"status":"passed","title":"renders compacted status row under history when compaction completes"},{"ancestorTitles":["MessageList assistant actions"],"duration":1,"failureDetails":[],"failureMessages":[],"fullName":"MessageList assistant actions does not render compacting status row for non-compaction thinking states","invocations":1,"location":null,"numPassingAsserts":1,"retryReasons":[],"status":"passed","title":"does not render compacting status row for non-compaction thinking states"},{"ancestorTitles":["MessageList assistant actions"],"duration":0,"failureDetails":[],"failureMessages":[],"fullName":"MessageList assistant actions renders assistant awaiting dot while waiting for first token","invocations":1,"location":null,"numPassingAsserts":1,"retryReasons":[],"status":"passed","title":"renders assistant awaiting dot while waiting for first token"},{"ancestorTitles":["MessageList assistant actions"],"duration":3,"failureDetails":[],"failureMessages":[],"fullName":"MessageList assistant actions renders assistant awaiting dot directly after latest user message","invocations":1,"location":null,"numPassingAsserts":2,"retryReasons":[],"status":"passed","title":"renders assistant awaiting dot directly after latest user message"},{"ancestorTitles":["MessageList assistant actions"],"duration":1,"failureDetails":[],"failureMessages":[],"fullName":"MessageList assistant actions does not render assistant awaiting dot by default","invocations":1,"location":null,"numPassingAsserts":1,"retryReasons":[],"status":"passed","title":"does not render assistant awaiting dot by default"}],"endTime":1772739934623,"message":"","name":"/mnt/E/Assistants/WindieOS_workspace/windieos/tests/frontend/MessageListAssistantActions.test.jsx","startTime":1772739934466,"status":"passed","summary":""},{"assertionResults":[{"ancestorTitles":["MessageInput"],"duration":6,"failureDetails":[],"failureMessages":[],"fullName":"MessageInput submits trimmed message text","invocations":1,"location":null,"numPassingAsserts":2,"retryReasons":[],"status":"passed","title":"submits trimmed message text"},{"ancestorTitles":["MessageInput"],"duration":2,"failureDetails":[],"failureMessages":[],"fullName":"MessageInput does not submit whitespace-only messages","invocations":1,"location":null,"numPassingAsserts":1,"retryReasons":[],"status":"passed","title":"does not submit whitespace-only messages"},{"ancestorTitles":["MessageInput"],"duration":7,"failureDetails":[],"failureMessages":[],"fullName":"MessageInput blocks submit when isSending is true","invocations":1,"location":null,"numPassingAsserts":2,"retryReasons":[],"status":"passed","title":"blocks submit when isSending is true"},{"ancestorTitles":["MessageInput"],"duration":1,"failureDetails":[],"failureMessages":[],"fullName":"MessageInput disables side controls while loop is active","invocations":1,"location":null,"numPassingAsserts":2,"retryReasons":[],"status":"passed","title":"disables side controls while loop is active"},{"ancestorTitles":["MessageInput"],"duration":4,"failureDetails":[],"failureMessages":[],"fullName":"MessageInput send button is disabled for empty input","invocations":1,"location":null,"numPassingAsserts":1,"retryReasons":[],"status":"passed","title":"send button is disabled for empty input"},{"ancestorTitles":["MessageInput"],"duration":3,"failureDetails":[],"failureMessages":[],"fullName":"MessageInput auto-sends latest transcription when utterance ends in voice mode","invocations":1,"location":null,"numPassingAsserts":5,"retryReasons":[],"status":"passed","title":"auto-sends latest transcription when utterance ends in voice mode"},{"ancestorTitles":["MessageInput"],"duration":9,"failureDetails":[],"failureMessages":[],"fullName":"MessageInput shows pasted image preview and sends it with the typed message","invocations":1,"location":null,"numPassingAsserts":4,"retryReasons":[],"status":"passed","title":"shows pasted image preview and sends it with the typed message"},{"ancestorTitles":["MessageInput"],"duration":6,"failureDetails":[],"failureMessages":[],"fullName":"MessageInput allows removing pasted image preview before sending","invocations":1,"location":null,"numPassingAsserts":2,"retryReasons":[],"status":"passed","title":"allows removing pasted image preview before sending"},{"ancestorTitles":["MessageInput"],"duration":3,"failureDetails":[],"failureMessages":[],"fullName":"MessageInput appends a second pasted image instead of replacing the first","invocations":1,"location":null,"numPassingAsserts":2,"retryReasons":[],"status":"passed","title":"appends a second pasted image instead of replacing the first"},{"ancestorTitles":["MessageInput"],"duration":2,"failureDetails":[],"failureMessages":[],"fullName":"MessageInput focuses textarea when focus request token changes","invocations":1,"location":null,"numPassingAsserts":2,"retryReasons":[],"status":"passed","title":"focuses textarea when focus request token changes"},{"ancestorTitles":["MessageInput"],"duration":5,"failureDetails":[],"failureMessages":[],"fullName":"MessageInput opens add-attachment menu from plus button and closes on outside click","invocations":1,"location":null,"numPassingAsserts":8,"retryReasons":[],"status":"passed","title":"opens add-attachment menu from plus button and closes on outside click"},{"ancestorTitles":["MessageInput"],"duration":4,"failureDetails":[],"failureMessages":[],"fullName":"MessageInput closes add-attachment menu when loop becomes active","invocations":1,"location":null,"numPassingAsserts":2,"retryReasons":[],"status":"passed","title":"closes add-attachment menu when loop becomes active"},{"ancestorTitles":["MessageInput"],"duration":5,"failureDetails":[],"failureMessages":[],"fullName":"MessageInput opens native file picker when selecting add photos & files","invocations":1,"location":null,"numPassingAsserts":1,"retryReasons":[],"status":"passed","title":"opens native file picker when selecting add photos & files"},{"ancestorTitles":["MessageInput"],"duration":5,"failureDetails":[],"failureMessages":[],"fullName":"MessageInput includes selected readable files in outgoing payload and shows file name","invocations":1,"location":null,"numPassingAsserts":7,"retryReasons":[],"status":"passed","title":"includes selected readable files in outgoing payload and shows file name"},{"ancestorTitles":["MessageInput"],"duration":5,"failureDetails":[],"failureMessages":[],"fullName":"MessageInput enables send button for attachment-only message","invocations":1,"location":null,"numPassingAsserts":2,"retryReasons":[],"status":"passed","title":"enables send button for attachment-only message"},{"ancestorTitles":["MessageInput"],"duration":2,"failureDetails":[],"failureMessages":[],"fullName":"MessageInput does not render thinking dropdown control next to add attachment","invocations":1,"location":null,"numPassingAsserts":2,"retryReasons":[],"status":"passed","title":"does not render thinking dropdown control next to add attachment"}],"endTime":1772739934752,"message":"","name":"/mnt/E/Assistants/WindieOS_workspace/windieos/tests/frontend/MessageInput.test.jsx","startTime":1772739934627,"status":"passed","summary":""},{"assertionResults":[{"ancestorTitles":["useToolRunner event handling"],"duration":2,"failureDetails":[],"failureMessages":[],"fullName":"useToolRunner event handling subscribes to backend events when enabled","invocations":1,"location":null,"numPassingAsserts":1,"retryReasons":[],"status":"passed","title":"subscribes to backend events when enabled"},{"ancestorTitles":["useToolRunner event handling"],"duration":1,"failureDetails":[],"failureMessages":[],"fullName":"useToolRunner event handling does not subscribe when disabled","invocations":1,"location":null,"numPassingAsserts":1,"retryReasons":[],"status":"passed","title":"does not subscribe when disabled"},{"ancestorTitles":["useToolRunner event handling"],"duration":0,"failureDetails":[],"failureMessages":[],"fullName":"useToolRunner event handling removes backend listener on unmount","invocations":1,"location":null,"numPassingAsserts":1,"retryReasons":[],"status":"passed","title":"removes backend listener on unmount"},{"ancestorTitles":["useToolRunner event handling"],"duration":5,"failureDetails":[],"failureMessages":[],"fullName":"useToolRunner event handling dispatches tool-call events to ToolExecutionService","invocations":1,"location":null,"numPassingAsserts":2,"retryReasons":[],"status":"passed","title":"dispatches tool-call events to ToolExecutionService"},{"ancestorTitles":["useToolRunner event handling"],"duration":1,"failureDetails":[],"failureMessages":[],"fullName":"useToolRunner event handling dispatches mouse click tool-call without ghost-sync delay","invocations":1,"location":null,"numPassingAsserts":4,"retryReasons":[],"status":"passed","title":"dispatches mouse click tool-call without ghost-sync delay"},{"ancestorTitles":["useToolRunner event handling"],"duration":1,"failureDetails":[],"failureMessages":[],"fullName":"useToolRunner event handling dispatches direct click tool-call without ghost-sync delay","invocations":1,"location":null,"numPassingAsserts":4,"retryReasons":[],"status":"passed","title":"dispatches direct click tool-call without ghost-sync delay"},{"ancestorTitles":["useToolRunner event handling"],"duration":0,"failureDetails":[],"failureMessages":[],"fullName":"useToolRunner event handling dispatches browser click without surface handoff","invocations":1,"location":null,"numPassingAsserts":4,"retryReasons":[],"status":"passed","title":"dispatches browser click without surface handoff"},{"ancestorTitles":["useToolRunner event handling"],"duration":0,"failureDetails":[],"failureMessages":[],"fullName":"useToolRunner event handling keeps chat pill visible for switch_tab tool-call when dashboard is closed","invocations":1,"location":null,"numPassingAsserts":5,"retryReasons":[],"status":"passed","title":"keeps chat pill visible for switch_tab tool-call when dashboard is closed"},{"ancestorTitles":["useToolRunner event handling"],"duration":1,"failureDetails":[],"failureMessages":[],"fullName":"useToolRunner event handling hides then restores chat pill for screenshot tool-call when dashboard is open","invocations":1,"location":null,"numPassingAsserts":2,"retryReasons":[],"status":"passed","title":"hides then restores chat pill for screenshot tool-call when dashboard is open"},{"ancestorTitles":["useToolRunner event handling"],"duration":1,"failureDetails":[],"failureMessages":[],"fullName":"useToolRunner event handling keeps chat pill visible for interactive tool-call even when dashboard is open","invocations":1,"location":null,"numPassingAsserts":5,"retryReasons":[],"status":"passed","title":"keeps chat pill visible for interactive tool-call even when dashboard is open"},{"ancestorTitles":["useToolRunner event handling"],"duration":0,"failureDetails":[],"failureMessages":[],"fullName":"useToolRunner event handling keeps renderer-side overlay IPC disabled around interactive tool execution window","invocations":1,"location":null,"numPassingAsserts":2,"retryReasons":[],"status":"passed","title":"keeps renderer-side overlay IPC disabled around interactive tool execution window"},{"ancestorTitles":["useToolRunner event handling"],"duration":1,"failureDetails":[],"failureMessages":[],"fullName":"useToolRunner event handling dispatches tool-bundle events with mapped tools","invocations":1,"location":null,"numPassingAsserts":2,"retryReasons":[],"status":"passed","title":"dispatches tool-bundle events with mapped tools"},{"ancestorTitles":["useToolRunner event handling"],"duration":1,"failureDetails":[],"failureMessages":[],"fullName":"useToolRunner event handling keeps chat pill visible for screenshot bundles when dashboard is closed","invocations":1,"location":null,"numPassingAsserts":5,"retryReasons":[],"status":"passed","title":"keeps chat pill visible for screenshot bundles when dashboard is closed"},{"ancestorTitles":["useToolRunner event handling"],"duration":0,"failureDetails":[],"failureMessages":[],"fullName":"useToolRunner event handling keeps chat pill visible for switch_tab-only bundles without focus verification","invocations":1,"location":null,"numPassingAsserts":5,"retryReasons":[],"status":"passed","title":"keeps chat pill visible for switch_tab-only bundles without focus verification"},{"ancestorTitles":["useToolRunner event handling"],"duration":1,"failureDetails":[],"failureMessages":[],"fullName":"useToolRunner event handling uses generated bundle id when bundle_id is missing","invocations":1,"location":null,"numPassingAsserts":1,"retryReasons":[],"status":"passed","title":"uses generated bundle id when bundle_id is missing"},{"ancestorTitles":["useToolRunner event handling"],"duration":0,"failureDetails":[],"failureMessages":[],"fullName":"useToolRunner event handling falls back to event id for tool-call correlation id","invocations":1,"location":null,"numPassingAsserts":1,"retryReasons":[],"status":"passed","title":"falls back to event id for tool-call correlation id"},{"ancestorTitles":["useToolRunner event handling"],"duration":1,"failureDetails":[],"failureMessages":[],"fullName":"useToolRunner event handling dispatches tool-call with empty args object","invocations":1,"location":null,"numPassingAsserts":5,"retryReasons":[],"status":"passed","title":"dispatches tool-call with empty args object"},{"ancestorTitles":["useToolRunner event handling"],"duration":1,"failureDetails":[],"failureMessages":[],"fullName":"useToolRunner event handling keeps interactive tool-call executable without focus verification IPC","invocations":1,"location":null,"numPassingAsserts":4,"retryReasons":[],"status":"passed","title":"keeps interactive tool-call executable without focus verification IPC"},{"ancestorTitles":["useToolRunner event handling"],"duration":0,"failureDetails":[],"failureMessages":[],"fullName":"useToolRunner event handling keeps interactive tool bundles executable without focus verification IPC","invocations":1,"location":null,"numPassingAsserts":4,"retryReasons":[],"status":"passed","title":"keeps interactive tool bundles executable without focus verification IPC"},{"ancestorTitles":["useToolRunner event handling"],"duration":1,"failureDetails":[],"failureMessages":[],"fullName":"useToolRunner event handling skips frontend execution for non-executable tool-call metadata","invocations":1,"location":null,"numPassingAsserts":1,"retryReasons":[],"status":"passed","title":"skips frontend execution for non-executable tool-call metadata"},{"ancestorTitles":["useToolRunner event handling"],"duration":0,"failureDetails":[],"failureMessages":[],"fullName":"useToolRunner event handling logs executeToolBundle failures","invocations":1,"location":null,"numPassingAsserts":1,"retryReasons":[],"status":"passed","title":"logs executeToolBundle failures"},{"ancestorTitles":["useToolRunner event handling"],"duration":1,"failureDetails":[],"failureMessages":[],"fullName":"useToolRunner event handling logs executeTool failures","invocations":1,"location":null,"numPassingAsserts":1,"retryReasons":[],"status":"passed","title":"logs executeTool failures"},{"ancestorTitles":["useToolRunner event handling"],"duration":0,"failureDetails":[],"failureMessages":[],"fullName":"useToolRunner event handling ignores invalid backend payloads","invocations":1,"location":null,"numPassingAsserts":2,"retryReasons":[],"status":"passed","title":"ignores invalid backend payloads"}],"endTime":1772739934867,"message":"","name":"/mnt/E/Assistants/WindieOS_workspace/windieos/tests/frontend/ToolRunnerHook.events.test.ts","startTime":1772739934756,"status":"passed","summary":""},{"assertionResults":[{"ancestorTitles":["LandingPage"],"duration":12,"failureDetails":[],"failureMessages":[],"fullName":"LandingPage renders without crashing","invocations":1,"location":null,"numPassingAsserts":0,"retryReasons":[],"status":"passed","title":"renders without crashing"},{"ancestorTitles":["LandingPage"],"duration":13,"failureDetails":[],"failureMessages":[],"fullName":"LandingPage contains main brand elements","invocations":1,"location":null,"numPassingAsserts":2,"retryReasons":[],"status":"passed","title":"contains main brand elements"},{"ancestorTitles":["HeroSection"],"duration":2,"failureDetails":[],"failureMessages":[],"fullName":"HeroSection renders hero content","invocations":1,"location":null,"numPassingAsserts":5,"retryReasons":[],"status":"passed","title":"renders hero content"},{"ancestorTitles":["HeroSection"],"duration":1,"failureDetails":[],"failureMessages":[],"fullName":"HeroSection renders feature highlights","invocations":1,"location":null,"numPassingAsserts":3,"retryReasons":[],"status":"passed","title":"renders feature highlights"},{"ancestorTitles":["WhySection"],"duration":2,"failureDetails":[],"failureMessages":[],"fullName":"WhySection renders section header","invocations":1,"location":null,"numPassingAsserts":2,"retryReasons":[],"status":"passed","title":"renders section header"},{"ancestorTitles":["WhySection"],"duration":7,"failureDetails":[],"failureMessages":[],"fullName":"WhySection renders all feature cards","invocations":1,"location":null,"numPassingAsserts":6,"retryReasons":[],"status":"passed","title":"renders all feature cards"},{"ancestorTitles":["HowItWorksSection"],"duration":1,"failureDetails":[],"failureMessages":[],"fullName":"HowItWorksSection renders section header","invocations":1,"location":null,"numPassingAsserts":1,"retryReasons":[],"status":"passed","title":"renders section header"},{"ancestorTitles":["HowItWorksSection"],"duration":3,"failureDetails":[],"failureMessages":[],"fullName":"HowItWorksSection renders all steps","invocations":1,"location":null,"numPassingAsserts":4,"retryReasons":[],"status":"passed","title":"renders all steps"},{"ancestorTitles":["AvailableTodaySection"],"duration":3,"failureDetails":[],"failureMessages":[],"fullName":"AvailableTodaySection renders section header","invocations":1,"location":null,"numPassingAsserts":2,"retryReasons":[],"status":"passed","title":"renders section header"},{"ancestorTitles":["AvailableTodaySection"],"duration":3,"failureDetails":[],"failureMessages":[],"fullName":"AvailableTodaySection renders all categories","invocations":1,"location":null,"numPassingAsserts":4,"retryReasons":[],"status":"passed","title":"renders all categories"},{"ancestorTitles":["AvailableTodaySection"],"duration":3,"failureDetails":[],"failureMessages":[],"fullName":"AvailableTodaySection renders CTA box","invocations":1,"location":null,"numPassingAsserts":2,"retryReasons":[],"status":"passed","title":"renders CTA box"},{"ancestorTitles":["PrivacySection"],"duration":2,"failureDetails":[],"failureMessages":[],"fullName":"PrivacySection renders section header","invocations":1,"location":null,"numPassingAsserts":2,"retryReasons":[],"status":"passed","title":"renders section header"},{"ancestorTitles":["PrivacySection"],"duration":2,"failureDetails":[],"failureMessages":[],"fullName":"PrivacySection renders privacy highlights","invocations":1,"location":null,"numPassingAsserts":3,"retryReasons":[],"status":"passed","title":"renders privacy highlights"},{"ancestorTitles":["RoadmapSection"],"duration":3,"failureDetails":[],"failureMessages":[],"fullName":"RoadmapSection renders section header","invocations":1,"location":null,"numPassingAsserts":1,"retryReasons":[],"status":"passed","title":"renders section header"},{"ancestorTitles":["RoadmapSection"],"duration":4,"failureDetails":[],"failureMessages":[],"fullName":"RoadmapSection renders all phases","invocations":1,"location":null,"numPassingAsserts":4,"retryReasons":[],"status":"passed","title":"renders all phases"},{"ancestorTitles":["RoadmapSection"],"duration":3,"failureDetails":[],"failureMessages":[],"fullName":"RoadmapSection distinguishes available vs planned","invocations":1,"location":null,"numPassingAsserts":2,"retryReasons":[],"status":"passed","title":"distinguishes available vs planned"},{"ancestorTitles":["CTAFooter"],"duration":2,"failureDetails":[],"failureMessages":[],"fullName":"CTAFooter renders CTA section","invocations":1,"location":null,"numPassingAsserts":2,"retryReasons":[],"status":"passed","title":"renders CTA section"},{"ancestorTitles":["CTAFooter"],"duration":2,"failureDetails":[],"failureMessages":[],"fullName":"CTAFooter renders footer content","invocations":1,"location":null,"numPassingAsserts":3,"retryReasons":[],"status":"passed","title":"renders footer content"},{"ancestorTitles":["CTAFooter"],"duration":2,"failureDetails":[],"failureMessages":[],"fullName":"CTAFooter renders copyright","invocations":1,"location":null,"numPassingAsserts":1,"retryReasons":[],"status":"passed","title":"renders copyright"}],"endTime":1772739934998,"message":"","name":"/mnt/E/Assistants/WindieOS_workspace/windieos/tests/frontend/landing/LandingPage.test.jsx","startTime":1772739934871,"status":"passed","summary":""},{"assertionResults":[{"ancestorTitles":["local_backend_bridge RPC handlers"],"duration":8,"failureDetails":[],"failureMessages":[],"fullName":"local_backend_bridge RPC handlers execute-tool handler returns success for valid response","invocations":1,"location":null,"numPassingAsserts":1,"retryReasons":[],"status":"passed","title":"execute-tool handler returns success for valid response"},{"ancestorTitles":["local_backend_bridge RPC handlers"],"duration":20,"failureDetails":[],"failureMessages":[],"fullName":"local_backend_bridge RPC handlers execute-tool handles large JSON-RPC stdout lines","invocations":1,"location":null,"numPassingAsserts":2,"retryReasons":[],"status":"passed","title":"execute-tool handles large JSON-RPC stdout lines"},{"ancestorTitles":["local_backend_bridge RPC handlers"],"duration":4,"failureDetails":[],"failureMessages":[],"fullName":"local_backend_bridge RPC handlers execute-tool uploads screenshot temp-path responses and returns artifact refs","invocations":1,"location":null,"numPassingAsserts":3,"retryReasons":[],"status":"passed","title":"execute-tool uploads screenshot temp-path responses and returns artifact refs"},{"ancestorTitles":["local_backend_bridge RPC handlers"],"duration":2,"failureDetails":[],"failureMessages":[],"fullName":"local_backend_bridge RPC handlers execute-tool injects native sudo auth mode when full sudo access is enabled","invocations":1,"location":null,"numPassingAsserts":2,"retryReasons":[],"status":"passed","title":"execute-tool injects native sudo auth mode when full sudo access is enabled"},{"ancestorTitles":["local_backend_bridge RPC handlers"],"duration":2,"failureDetails":[],"failureMessages":[],"fullName":"local_backend_bridge RPC handlers execute-tool injects os_prompt sudo auth mode when full sudo access is disabled","invocations":1,"location":null,"numPassingAsserts":2,"retryReasons":[],"status":"passed","title":"execute-tool injects os_prompt sudo auth mode when full sudo access is disabled"},{"ancestorTitles":["local_backend_bridge RPC handlers"],"duration":1,"failureDetails":[],"failureMessages":[],"fullName":"local_backend_bridge RPC handlers execute-tool forwards computer_use envelope unchanged","invocations":1,"location":null,"numPassingAsserts":2,"retryReasons":[],"status":"passed","title":"execute-tool forwards computer_use envelope unchanged"},{"ancestorTitles":["local_backend_bridge RPC handlers"],"duration":2,"failureDetails":[],"failureMessages":[],"fullName":"local_backend_bridge RPC handlers passes resolved backend http URL to Python sidecar env","invocations":1,"location":null,"numPassingAsserts":1,"retryReasons":[],"status":"passed","title":"passes resolved backend http URL to Python sidecar env"},{"ancestorTitles":["local_backend_bridge RPC handlers"],"duration":1,"failureDetails":[],"failureMessages":[],"fullName":"local_backend_bridge RPC handlers passes packaged hosted backend default URL to Python sidecar env","invocations":1,"location":null,"numPassingAsserts":1,"retryReasons":[],"status":"passed","title":"passes packaged hosted backend default URL to Python sidecar env"},{"ancestorTitles":["local_backend_bridge RPC handlers"],"duration":2,"failureDetails":[],"failureMessages":[],"fullName":"local_backend_bridge RPC handlers adds --no-deprecation to Node options for local backend subprocesses","invocations":1,"location":null,"numPassingAsserts":1,"retryReasons":[],"status":"passed","title":"adds --no-deprecation to Node options for local backend subprocesses"},{"ancestorTitles":["local_backend_bridge RPC handlers"],"duration":1,"failureDetails":[],"failureMessages":[],"fullName":"local_backend_bridge RPC handlers suppresses known deprecation and INFO stderr lines by default","invocations":1,"location":null,"numPassingAsserts":4,"retryReasons":[],"status":"passed","title":"suppresses known deprecation and INFO stderr lines by default"},{"ancestorTitles":["local_backend_bridge RPC handlers"],"duration":2,"failureDetails":[],"failureMessages":[],"fullName":"local_backend_bridge RPC handlers forwards INFO stderr lines when verbose sidecar stderr flag is enabled","invocations":1,"location":null,"numPassingAsserts":1,"retryReasons":[],"status":"passed","title":"forwards INFO stderr lines when verbose sidecar stderr flag is enabled"},{"ancestorTitles":["local_backend_bridge RPC handlers"],"duration":1,"failureDetails":[],"failureMessages":[],"fullName":"local_backend_bridge RPC handlers execute-tool handler returns error on json-rpc error","invocations":1,"location":null,"numPassingAsserts":1,"retryReasons":[],"status":"passed","title":"execute-tool handler returns error on json-rpc error"},{"ancestorTitles":["local_backend_bridge RPC handlers"],"duration":2,"failureDetails":[],"failureMessages":[],"fullName":"local_backend_bridge RPC handlers get-system-state handler returns null on error response","invocations":1,"location":null,"numPassingAsserts":1,"retryReasons":[],"status":"passed","title":"get-system-state handler returns null on error response"},{"ancestorTitles":["local_backend_bridge RPC handlers"],"duration":1,"failureDetails":[],"failureMessages":[],"fullName":"local_backend_bridge RPC handlers search-memory handler returns error on json-rpc error","invocations":1,"location":null,"numPassingAsserts":2,"retryReasons":[],"status":"passed","title":"search-memory handler returns error on json-rpc error"},{"ancestorTitles":["local_backend_bridge RPC handlers"],"duration":2,"failureDetails":[],"failureMessages":[],"fullName":"local_backend_bridge RPC handlers search-memory handler accepts snake_case exclude_conversation_id payload key","invocations":1,"location":null,"numPassingAsserts":2,"retryReasons":[],"status":"passed","title":"search-memory handler accepts snake_case exclude_conversation_id payload key"},{"ancestorTitles":["local_backend_bridge RPC handlers"],"duration":1,"failureDetails":[],"failureMessages":[],"fullName":"local_backend_bridge RPC handlers list-conversations handler maps payload keys to backend params","invocations":1,"location":null,"numPassingAsserts":2,"retryReasons":[],"status":"passed","title":"list-conversations handler maps payload keys to backend params"},{"ancestorTitles":["local_backend_bridge RPC handlers"],"duration":2,"failureDetails":[],"failureMessages":[],"fullName":"local_backend_bridge RPC handlers search-conversations handler maps payload keys to backend params","invocations":1,"location":null,"numPassingAsserts":2,"retryReasons":[],"status":"passed","title":"search-conversations handler maps payload keys to backend params"},{"ancestorTitles":["local_backend_bridge RPC handlers"],"duration":1,"failureDetails":[],"failureMessages":[],"fullName":"local_backend_bridge RPC handlers list-conversations handler safely handles non-object payloads","invocations":1,"location":null,"numPassingAsserts":2,"retryReasons":[],"status":"passed","title":"list-conversations handler safely handles non-object payloads"},{"ancestorTitles":["local_backend_bridge RPC handlers"],"duration":2,"failureDetails":[],"failureMessages":[],"fullName":"local_backend_bridge RPC handlers list-semantic-memories handler maps payload keys to backend params","invocations":1,"location":null,"numPassingAsserts":2,"retryReasons":[],"status":"passed","title":"list-semantic-memories handler maps payload keys to backend params"},{"ancestorTitles":["local_backend_bridge RPC handlers"],"duration":1,"failureDetails":[],"failureMessages":[],"fullName":"local_backend_bridge RPC handlers list-episodic-memories handler maps payload keys to backend params","invocations":1,"location":null,"numPassingAsserts":2,"retryReasons":[],"status":"passed","title":"list-episodic-memories handler maps payload keys to backend params"},{"ancestorTitles":["local_backend_bridge RPC handlers"],"duration":2,"failureDetails":[],"failureMessages":[],"fullName":"local_backend_bridge RPC handlers get-conversation handler maps missing conversationId to null","invocations":1,"location":null,"numPassingAsserts":2,"retryReasons":[],"status":"passed","title":"get-conversation handler maps missing conversationId to null"},{"ancestorTitles":["local_backend_bridge RPC handlers"],"duration":1,"failureDetails":[],"failureMessages":[],"fullName":"local_backend_bridge RPC handlers get-conversation handler maps afterMessageIndex cursor","invocations":1,"location":null,"numPassingAsserts":2,"retryReasons":[],"status":"passed","title":"get-conversation handler maps afterMessageIndex cursor"},{"ancestorTitles":["local_backend_bridge RPC handlers"],"duration":2,"failureDetails":[],"failureMessages":[],"fullName":"local_backend_bridge RPC handlers delete-conversation handler maps payload keys to backend params","invocations":1,"location":null,"numPassingAsserts":2,"retryReasons":[],"status":"passed","title":"delete-conversation handler maps payload keys to backend params"},{"ancestorTitles":["local_backend_bridge RPC handlers"],"duration":1,"failureDetails":[],"failureMessages":[],"fullName":"local_backend_bridge RPC handlers delete-semantic-memory handler maps payload keys to backend params","invocations":1,"location":null,"numPassingAsserts":2,"retryReasons":[],"status":"passed","title":"delete-semantic-memory handler maps payload keys to backend params"},{"ancestorTitles":["local_backend_bridge RPC handlers"],"duration":2,"failureDetails":[],"failureMessages":[],"fullName":"local_backend_bridge RPC handlers delete-episodic-memory handler maps payload keys to backend params","invocations":1,"location":null,"numPassingAsserts":2,"retryReasons":[],"status":"passed","title":"delete-episodic-memory handler maps payload keys to backend params"},{"ancestorTitles":["local_backend_bridge RPC handlers"],"duration":1,"failureDetails":[],"failureMessages":[],"fullName":"local_backend_bridge RPC handlers store-transcript handler returns standardized error payload","invocations":1,"location":null,"numPassingAsserts":2,"retryReasons":[],"status":"passed","title":"store-transcript handler returns standardized error payload"},{"ancestorTitles":["local_backend_bridge RPC handlers"],"duration":2,"failureDetails":[],"failureMessages":[],"fullName":"local_backend_bridge RPC handlers store-transcript handler sanitizes surrogate and mojibake payload text","invocations":1,"location":null,"numPassingAsserts":2,"retryReasons":[],"status":"passed","title":"store-transcript handler sanitizes surrogate and mojibake payload text"},{"ancestorTitles":["local_backend_bridge RPC handlers"],"duration":1,"failureDetails":[],"failureMessages":[],"fullName":"local_backend_bridge RPC handlers store-transcript handler preserves emoji while replacing lone surrogate payload text","invocations":1,"location":null,"numPassingAsserts":2,"retryReasons":[],"status":"passed","title":"store-transcript handler preserves emoji while replacing lone surrogate payload text"},{"ancestorTitles":["local_backend_bridge RPC handlers"],"duration":2,"failureDetails":[],"failureMessages":[],"fullName":"local_backend_bridge RPC handlers store-memory handler maps payload keys to backend params","invocations":1,"location":null,"numPassingAsserts":2,"retryReasons":[],"status":"passed","title":"store-memory handler maps payload keys to backend params"},{"ancestorTitles":["local_backend_bridge RPC handlers"],"duration":1,"failureDetails":[],"failureMessages":[],"fullName":"local_backend_bridge RPC handlers store-memory handler sanitizes surrogate and mojibake payload text","invocations":1,"location":null,"numPassingAsserts":2,"retryReasons":[],"status":"passed","title":"store-memory handler sanitizes surrogate and mojibake payload text"},{"ancestorTitles":["local_backend_bridge RPC handlers"],"duration":2,"failureDetails":[],"failureMessages":[],"fullName":"local_backend_bridge RPC handlers store-memory handler preserves emoji while replacing lone surrogate payload text","invocations":1,"location":null,"numPassingAsserts":2,"retryReasons":[],"status":"passed","title":"store-memory handler preserves emoji while replacing lone surrogate payload text"}],"endTime":1772739935145,"message":"","name":"/mnt/E/Assistants/WindieOS_workspace/windieos/tests/frontend/LocalBackendBridge.rpc.test.cjs","startTime":1772739935018,"status":"passed","summary":""},{"assertionResults":[{"ancestorTitles":["DashboardSidebar collapsed header controls"],"duration":11,"failureDetails":[],"failureMessages":[],"fullName":"DashboardSidebar collapsed header controls swaps brand icon to expand icon on hover and restores on mouse leave","invocations":1,"location":null,"numPassingAsserts":6,"retryReasons":[],"status":"passed","title":"swaps brand icon to expand icon on hover and restores on mouse leave"},{"ancestorTitles":["DashboardSidebar collapsed header controls"],"duration":9,"failureDetails":[],"failureMessages":[],"fullName":"DashboardSidebar collapsed header controls does not swap to expand icon from keyboard focus alone","invocations":1,"location":null,"numPassingAsserts":2,"retryReasons":[],"status":"passed","title":"does not swap to expand icon from keyboard focus alone"},{"ancestorTitles":["DashboardSidebar collapsed header controls"],"duration":9,"failureDetails":[],"failureMessages":[],"fullName":"DashboardSidebar collapsed header controls clears stale hover state after collapse-expand-collapse transitions","invocations":1,"location":null,"numPassingAsserts":3,"retryReasons":[],"status":"passed","title":"clears stale hover state after collapse-expand-collapse transitions"},{"ancestorTitles":["DashboardSidebar collapsed header controls"],"duration":2,"failureDetails":[],"failureMessages":[],"fullName":"DashboardSidebar collapsed header controls uses explicit expand callback when collapsed expand button is clicked","invocations":1,"location":null,"numPassingAsserts":1,"retryReasons":[],"status":"passed","title":"uses explicit expand callback when collapsed expand button is clicked"},{"ancestorTitles":["DashboardSidebar collapsed header controls"],"duration":2,"failureDetails":[],"failureMessages":[],"fullName":"DashboardSidebar collapsed header controls uses explicit collapse callback when expanded collapse button is clicked","invocations":1,"location":null,"numPassingAsserts":1,"retryReasons":[],"status":"passed","title":"uses explicit collapse callback when expanded collapse button is clicked"},{"ancestorTitles":["DashboardSidebar collapsed header controls"],"duration":4,"failureDetails":[],"failureMessages":[],"fullName":"DashboardSidebar collapsed header controls renders one new chat action in collapsed mode and triggers new chat from header","invocations":1,"location":null,"numPassingAsserts":2,"retryReasons":[],"status":"passed","title":"renders one new chat action in collapsed mode and triggers new chat from header"},{"ancestorTitles":["DashboardSidebar collapsed header controls"],"duration":3,"failureDetails":[],"failureMessages":[],"fullName":"DashboardSidebar collapsed header controls profile menu settings action opens general settings tab","invocations":1,"location":null,"numPassingAsserts":1,"retryReasons":[],"status":"passed","title":"profile menu settings action opens general settings tab"},{"ancestorTitles":["DashboardSidebar collapsed header controls"],"duration":2,"failureDetails":[],"failureMessages":[],"fullName":"DashboardSidebar collapsed header controls shows empty-state copy when chat list is empty and transport is connected","invocations":1,"location":null,"numPassingAsserts":2,"retryReasons":[],"status":"passed","title":"shows empty-state copy when chat list is empty and transport is connected"},{"ancestorTitles":["DashboardSidebar collapsed header controls"],"duration":2,"failureDetails":[],"failureMessages":[],"fullName":"DashboardSidebar collapsed header controls shows load error copy when chat list is empty and transport is disconnected","invocations":1,"location":null,"numPassingAsserts":1,"retryReasons":[],"status":"passed","title":"shows load error copy when chat list is empty and transport is disconnected"}],"endTime":1772739935245,"message":"","name":"/mnt/E/Assistants/WindieOS_workspace/windieos/tests/frontend/DashboardSidebar.test.jsx","startTime":1772739935149,"status":"passed","summary":""},{"assertionResults":[{"ancestorTitles":["ipc.cjs bridge query handling"],"duration":8,"failureDetails":[],"failureMessages":[],"fullName":"ipc.cjs bridge query handling runs overlay pre-capture hook for chatbox-origin query sends","invocations":1,"location":null,"numPassingAsserts":1,"retryReasons":[],"status":"passed","title":"runs overlay pre-capture hook for chatbox-origin query sends"},{"ancestorTitles":["ipc.cj
[...]
hatStreamTurnGuard"],"duration":0,"failureDetails":[],"failureMessages":[],"fullName":"chatStreamTurnGuard treats missing event turn refs as non-stale","invocations":1,"location":null,"numPassingAsserts":2,"retryReasons":[],"status":"passed","title":"treats missing event turn refs as non-stale"},{"ancestorTitles":["chatStreamTurnGuard"],"duration":0,"failureDetails":[],"failureMessages":[],"fullName":"chatStreamTurnGuard treats missing active turn refs as non-stale","invocations":1,"location":null,"numPassingAsserts":2,"retryReasons":[],"status":"passed","title":"treats missing active turn refs as non-stale"},{"ancestorTitles":["chatStreamTurnGuard"],"duration":0,"failureDetails":[],"failureMessages":[],"fullName":"chatStreamTurnGuard marks mismatched turn refs as stale","invocations":1,"location":null,"numPassingAsserts":1,"retryReasons":[],"status":"passed","title":"marks mismatched turn refs as stale"},{"ancestorTitles":["chatStreamTurnGuard"],"duration":0,"failureDetails":[],"failureMessages":[],"fullName":"chatStreamTurnGuard accepts matching turn refs","invocations":1,"location":null,"numPassingAsserts":1,"retryReasons":[],"status":"passed","title":"accepts matching turn refs"}],"endTime":1772739943113,"message":"","name":"/mnt/E/Assistants/WindieOS_workspace/windieos/tests/frontend/ChatStreamTurnGuard.test.ts","startTime":1772739943077,"status":"passed","summary":""},{"assertionResults":[{"ancestorTitles":["chatStreamTracking"],"duration":0,"failureDetails":[],"failureMessages":[],"fullName":"chatStreamTracking resetForTurn seeds a fresh tracking state","invocations":1,"location":null,"numPassingAsserts":1,"retryReasons":[],"status":"passed","title":"resetForTurn seeds a fresh tracking state"},{"ancestorTitles":["chatStreamTracking"],"duration":0,"failureDetails":[],"failureMessages":[],"fullName":"chatStreamTracking streaming-response updates chunk counters and firstChunkAt","invocations":1,"location":null,"numPassingAsserts":1,"retryReasons":[],"status":"passed","title":"streaming-response updates chunk counters and firstChunkAt"},{"ancestorTitles":["chatStreamTracking"],"duration":1,"failureDetails":[],"failureMessages":[],"fullName":"chatStreamTracking tool and completion events stamp counters and completedAt","invocations":1,"location":null,"numPassingAsserts":2,"retryReasons":[],"status":"passed","title":"tool and completion events stamp counters and completedAt"},{"ancestorTitles":["chatStreamTracking"],"duration":0,"failureDetails":[],"failureMessages":[],"fullName":"chatStreamTracking error updates terminal state and lastError","invocations":1,"location":null,"numPassingAsserts":1,"retryReasons":[],"status":"passed","title":"error updates terminal state and lastError"}],"endTime":1772739943159,"message":"","name":"/mnt/E/Assistants/WindieOS_workspace/windieos/tests/frontend/ChatStreamTracking.test.ts","startTime":1772739943122,"status":"passed","summary":""},{"assertionResults":[{"ancestorTitles":["appConfigPersistence"],"duration":0,"failureDetails":[],"failureMessages":[],"fullName":"appConfigPersistence sanitizes config by stripping undefined fields","invocations":1,"location":null,"numPassingAsserts":1,"retryReasons":[],"status":"passed","title":"sanitizes config by stripping undefined fields"},{"ancestorTitles":["appConfigPersistence"],"duration":1,"failureDetails":[],"failureMessages":[],"fullName":"appConfigPersistence applies config when shallow changes exist","invocations":1,"location":null,"numPassingAsserts":3,"retryReasons":[],"status":"passed","title":"applies config when shallow changes exist"},{"ancestorTitles":["appConfigPersistence"],"duration":0,"failureDetails":[],"failureMessages":[],"fullName":"appConfigPersistence does not apply config when no shallow changes exist","invocations":1,"location":null,"numPassingAsserts":2,"retryReasons":[],"status":"passed","title":"does not apply config when no shallow changes exist"},{"ancestorTitles":["appConfigPersistence"],"duration":0,"failureDetails":[],"failureMessages":[],"fullName":"appConfigPersistence does not apply empty config objects","invocations":1,"location":null,"numPassingAsserts":2,"retryReasons":[],"status":"passed","title":"does not apply empty config objects"},{"ancestorTitles":["appConfigPersistence"],"duration":0,"failureDetails":[],"failureMessages":[],"fullName":"appConfigPersistence sanitizeFrontendProviderConfig does not mutate input object","invocations":1,"location":null,"numPassingAsserts":2,"retryReasons":[],"status":"passed","title":"sanitizeFrontendProviderConfig does not mutate input object"},{"ancestorTitles":["appConfigPersistence"],"duration":0,"failureDetails":[],"failureMessages":[],"fullName":"appConfigPersistence does not apply nullish config payloads","invocations":1,"location":null,"numPassingAsserts":3,"retryReasons":[],"status":"passed","title":"does not apply nullish config payloads"},{"ancestorTitles":["appConfigPersistence"],"duration":0,"failureDetails":[],"failureMessages":[],"fullName":"appConfigPersistence mergeFrontendProviderConfig preserves base fields and applies patch fields","invocations":1,"location":null,"numPassingAsserts":1,"retryReasons":[],"status":"passed","title":"mergeFrontendProviderConfig preserves base fields and applies patch fields"},{"ancestorTitles":["appConfigPersistence"],"duration":0,"failureDetails":[],"failureMessages":[],"fullName":"appConfigPersistence mergeFrontendProviderConfig deep-merges provider_api_keys entries","invocations":1,"location":null,"numPassingAsserts":1,"retryReasons":[],"status":"passed","title":"mergeFrontendProviderConfig deep-merges provider_api_keys entries"},{"ancestorTitles":["appConfigPersistence"],"duration":0,"failureDetails":[],"failureMessages":[],"fullName":"appConfigPersistence sanitizeFrontendProviderConfig strips undefined provider_api_keys fields","invocations":1,"location":null,"numPassingAsserts":1,"retryReasons":[],"status":"passed","title":"sanitizeFrontendProviderConfig strips undefined provider_api_keys fields"},{"ancestorTitles":["appConfigPersistence"],"duration":1,"failureDetails":[],"failureMessages":[],"fullName":"appConfigPersistence mergeFrontendProviderConfig deep-merges provider_oauth entries","invocations":1,"location":null,"numPassingAsserts":1,"retryReasons":[],"status":"passed","title":"mergeFrontendProviderConfig deep-merges provider_oauth entries"}],"endTime":1772739943200,"message":"","name":"/mnt/E/Assistants/WindieOS_workspace/windieos/tests/frontend/AppConfigPersistence.test.js","startTime":1772739943162,"status":"passed","summary":""},{"assertionResults":[{"ancestorTitles":["pendingUserQueue"],"duration":1,"failureDetails":[],"failureMessages":[],"fullName":"pendingUserQueue enqueues pending user messages and drains in insertion order","invocations":1,"location":null,"numPassingAsserts":3,"retryReasons":[],"status":"passed","title":"enqueues pending user messages and drains in insertion order"},{"ancestorTitles":["pendingUserQueue"],"duration":0,"failureDetails":[],"failureMessages":[],"fullName":"pendingUserQueue drain returns empty array when queue is empty","invocations":1,"location":null,"numPassingAsserts":1,"retryReasons":[],"status":"passed","title":"drain returns empty array when queue is empty"},{"ancestorTitles":["pendingUserQueue"],"duration":0,"failureDetails":[],"failureMessages":[],"fullName":"pendingUserQueue drained array mutation does not re-populate queue","invocations":1,"location":null,"numPassingAsserts":2,"retryReasons":[],"status":"passed","title":"drained array mutation does not re-populate queue"}],"endTime":1772739943240,"message":"","name":"/mnt/E/Assistants/WindieOS_workspace/windieos/tests/frontend/TranscriptPendingQueue.test.ts","startTime":1772739943203,"status":"passed","summary":""},{"assertionResults":[{"ancestorTitles":["ToolComputerUseCatalog"],"duration":1,"failureDetails":[],"failureMessages":[],"fullName":"ToolComputerUseCatalog exports canonical interactive and capture-only computer-use tool names","invocations":1,"location":null,"numPassingAsserts":2,"retryReasons":[],"status":"passed","title":"exports canonical interactive and capture-only computer-use tool names"},{"ancestorTitles":["ToolComputerUseCatalog"],"duration":0,"failureDetails":[],"failureMessages":[],"fullName":"ToolComputerUseCatalog exports a stable combined catalog without duplicates","invocations":1,"location":null,"numPassingAsserts":2,"retryReasons":[],"status":"passed","title":"exports a stable combined catalog without duplicates"},{"ancestorTitles":["ToolComputerUseCatalog"],"duration":0,"failureDetails":[],"failureMessages":[],"fullName":"ToolComputerUseCatalog keeps renderer execution catalog concrete and excludes unified computer_use wrapper","invocations":1,"location":null,"numPassingAsserts":3,"retryReasons":[],"status":"passed","title":"keeps renderer execution catalog concrete and excludes unified computer_use wrapper"}],"endTime":1772739943280,"message":"","name":"/mnt/E/Assistants/WindieOS_workspace/windieos/tests/frontend/ToolComputerUseCatalog.test.ts","startTime":1772739943244,"status":"passed","summary":""},{"assertionResults":[{"ancestorTitles":["surfaceOrchestrator phase constants"],"duration":0,"failureDetails":[],"failureMessages":[],"fullName":"surfaceOrchestrator phase constants exports stable phase names used by transition logs","invocations":1,"location":null,"numPassingAsserts":1,"retryReasons":[],"status":"passed","title":"exports stable phase names used by transition logs"}],"endTime":1772739943326,"message":"","name":"/mnt/E/Assistants/WindieOS_workspace/windieos/tests/frontend/SurfaceOrchestratorPhases.test.ts","startTime":1772739943289,"status":"passed","summary":""},{"assertionResults":[{"ancestorTitles":["surfaceOrchestrator context helpers"],"duration":0,"failureDetails":[],"failureMessages":[],"fullName":"surfaceOrchestrator context helpers resolves source and trims provided correlation id","invocations":1,"location":null,"numPassingAsserts":1,"retryReasons":[],"status":"passed","title":"resolves source and trims provided correlation id"},{"ancestorTitles":["surfaceOrchestrator context helpers"],"duration":0,"failureDetails":[],"failureMessages":[],"fullName":"surfaceOrchestrator context helpers synthesizes deterministic correlation id when missing","invocations":1,"location":null,"numPassingAsserts":5,"retryReasons":[],"status":"passed","title":"synthesizes deterministic correlation id when missing"}],"endTime":1772739943365,"message":"","name":"/mnt/E/Assistants/WindieOS_workspace/windieos/tests/frontend/SurfaceOrchestratorContext.test.ts","startTime":1772739943329,"status":"passed","summary":""},{"assertionResults":[{"ancestorTitles":["responseOverlayLayoutMode"],"duration":1,"failureDetails":[],"failureMessages":[],"fullName":"responseOverlayLayoutMode resolves response mode when response content is visible","invocations":1,"location":null,"numPassingAsserts":1,"retryReasons":[],"status":"passed","title":"resolves response mode when response content is visible"},{"ancestorTitles":["responseOverlayLayoutMode"],"duration":0,"failureDetails":[],"failureMessages":[],"fullName":"responseOverlayLayoutMode resolves hidden mode when no overlay content is visible","invocations":1,"location":null,"numPassingAsserts":1,"retryReasons":[],"status":"passed","title":"resolves hidden mode when no overlay content is visible"},{"ancestorTitles":["responseOverlayLayoutMode"],"duration":0,"failureDetails":[],"failureMessages":[],"fullName":"responseOverlayLayoutMode resolves awaiting-typing mode when awaiting","invocations":1,"location":null,"numPassingAsserts":1,"retryReasons":[],"status":"passed","title":"resolves awaiting-typing mode when awaiting"},{"ancestorTitles":["responseOverlayLayoutMode"],"duration":0,"failureDetails":[],"failureMessages":[],"fullName":"responseOverlayLayoutMode compact hover applies only to awaiting modes","invocations":1,"location":null,"numPassingAsserts":3,"retryReasons":[],"status":"passed","title":"compact hover applies only to awaiting modes"}],"endTime":1772739943404,"message":"","name":"/mnt/E/Assistants/WindieOS_workspace/windieos/tests/frontend/ResponseOverlayLayoutMode.test.js","startTime":1772739943368,"status":"passed","summary":""},{"assertionResults":[{"ancestorTitles":["overlayFrameSize"],"duration":1,"failureDetails":[],"failureMessages":[],"fullName":"overlayFrameSize returns rounded frame size with minimum 1x1 bounds","invocations":1,"location":null,"numPassingAsserts":1,"retryReasons":[],"status":"passed","title":"returns rounded frame size with minimum 1x1 bounds"},{"ancestorTitles":["overlayFrameSize"],"duration":0,"failureDetails":[],"failureMessages":[],"fullName":"overlayFrameSize returns null when no measurable element exists","invocations":1,"location":null,"numPassingAsserts":2,"retryReasons":[],"status":"passed","title":"returns null when no measurable element exists"},{"ancestorTitles":["overlayFrameSize"],"duration":0,"failureDetails":[],"failureMessages":[],"fullName":"overlayFrameSize uses ceil and structural box metrics to avoid clipping from fractional frame bounds","invocations":1,"location":null,"numPassingAsserts":1,"retryReasons":[],"status":"passed","title":"uses ceil and structural box metrics to avoid clipping from fractional frame bounds"}],"endTime":1772739943443,"message":"","name":"/mnt/E/Assistants/WindieOS_workspace/windieos/tests/frontend/OverlayFrameSize.test.js","startTime":1772739943407,"status":"passed","summary":""},{"assertionResults":[{"ancestorTitles":["modelThinkingCapabilities"],"duration":0,"failureDetails":[],"failureMessages":[],"fullName":"modelThinkingCapabilities infers Gemini thinking support and thought-text streaming when capability flags are absent","invocations":1,"location":null,"numPassingAsserts":1,"retryReasons":[],"status":"passed","title":"infers Gemini thinking support and thought-text streaming when capability flags are absent"},{"ancestorTitles":["modelThinkingCapabilities"],"duration":0,"failureDetails":[],"failureMessages":[],"fullName":"modelThinkingCapabilities respects explicit no thought-text stream flag when provided by model metadata","invocations":1,"location":null,"numPassingAsserts":1,"retryReasons":[],"status":"passed","title":"respects explicit no thought-text stream flag when provided by model metadata"},{"ancestorTitles":["modelThinkingCapabilities"],"duration":1,"failureDetails":[],"failureMessages":[],"fullName":"modelThinkingCapabilities uses explicit capability flags when provided by model metadata","invocations":1,"location":null,"numPassingAsserts":1,"retryReasons":[],"status":"passed","title":"uses explicit capability flags when provided by model metadata"}],"endTime":1772739943483,"message":"","name":"/mnt/E/Assistants/WindieOS_workspace/windieos/tests/frontend/ModelThinkingCapabilities.test.ts","startTime":1772739943447,"status":"passed","summary":""},{"assertionResults":[{"ancestorTitles":["messageTokenUsage"],"duration":0,"failureDetails":[],"failureMessages":[],"fullName":"messageTokenUsage uses fullUserMessage content for user text token estimate and reports image estimate separately","invocations":1,"location":null,"numPassingAsserts":1,"retryReasons":[],"status":"passed","title":"uses fullUserMessage content for user text token estimate and reports image estimate separately"},{"ancestorTitles":["messageTokenUsage"],"duration":0,"failureDetails":[],"failureMessages":[],"fullName":"messageTokenUsage counts user screenshots from screenshot attachment arrays","invocations":1,"location":null,"numPassingAsserts":1,"retryReasons":[],"status":"passed","title":"counts user screenshots from screenshot attachment arrays"},{"ancestorTitles":["messageTokenUsage"],"duration":0,"failureDetails":[],"failureMessages":[],"fullName":"messageTokenUsage estimates tool-call tokens from model-facing tool-call payload","invocations":1,"location":null,"numPassingAsserts":1,"retryReasons":[],"status":"passed","title":"estimates tool-call tokens from model-facing tool-call payload"},{"ancestorTitles":["messageTokenUsage"],"duration":1,"failureDetails":[],"failureMessages":[],"fullName":"messageTokenUsage estimates tool-output tokens from model-facing output text","invocations":1,"location":null,"numPassingAsserts":1,"retryReasons":[],"status":"passed","title":"estimates tool-output tokens from model-facing output text"},{"ancestorTitles":["messageTokenUsage"],"duration":0,"failureDetails":[],"failureMessages":[],"fullName":"messageTokenUsage returns null for non-user and non-tool messages","invocations":1,"location":null,"numPassingAsserts":1,"retryReasons":[],"status":"passed","title":"returns null for non-user and non-tool messages"}],"endTime":1772739943529,"message":"","name":"/mnt/E/Assistants/WindieOS_workspace/windieos/tests/frontend/MessageTokenUsage.test.js","startTime":1772739943492,"status":"passed","summary":""},{"assertionResults":[{"ancestorTitles":["CorrelationId utility"],"duration":1,"failureDetails":[],"failureMessages":[],"fullName":"CorrelationId utility resolves first valid correlation id from candidate list","invocations":1,"location":null,"numPassingAsserts":3,"retryReasons":[],"status":"passed","title":"resolves first valid correlation id from candidate list"}],"endTime":1772739943568,"message":"","name":"/mnt/E/Assistants/WindieOS_workspace/windieos/tests/frontend/CorrelationId.test.ts","startTime":1772739943532,"status":"passed","summary":""},{"assertionResults":[{"ancestorTitles":["chatMessageSenderUtils"],"duration":1,"failureDetails":[],"failureMessages":[],"fullName":"chatMessageSenderUtils hasUserMessages detects whether user messages exist","invocations":1,"location":null,"numPassingAsserts":2,"retryReasons":[],"status":"passed","title":"hasUserMessages detects whether user messages exist"},{"ancestorTitles":["chatMessageSenderUtils"],"duration":0,"failureDetails":[],"failureMessages":[],"fullName":"chatMessageSenderUtils buildPendingUserMessage creates user message with empty screenshot payload","invocations":1,"location":null,"numPassingAsserts":1,"retryReasons":[],"status":"passed","title":"buildPendingUserMessage creates user message with empty screenshot payload"},{"ancestorTitles":["chatMessageSenderUtils"],"duration":0,"failureDetails":[],"failureMessages":[],"fullName":"chatMessageSenderUtils buildArtifactUploadMeta normalizes content type and extension","invocations":1,"location":null,"numPassingAsserts":2,"retryReasons":[],"status":"passed","title":"buildArtifactUploadMeta normalizes content type and extension"},{"ancestorTitles":["chatMessageSenderUtils"],"duration":0,"failureDetails":[],"failureMessages":[],"fullName":"chatMessageSenderUtils toScreenshotAttachment maps uploaded artifact values and defaults to nulls","invocations":1,"location":null,"numPassingAsserts":2,"retryReasons":[],"status":"passed","title":"toScreenshotAttachment maps uploaded artifact values and defaults to nulls"}],"endTime":1772739943607,"message":"","name":"/mnt/E/Assistants/WindieOS_workspace/windieos/tests/frontend/ChatMessageSenderUtils.test.ts","startTime":1772739943571,"status":"passed","summary":""},{"assertionResults":[{"ancestorTitles":["agent stop shortcut helper"],"duration":0,"failureDetails":[],"failureMessages":[],"fullName":"agent stop shortcut helper matches ctrl+alt+period on non-mac","invocations":1,"location":null,"numPassingAsserts":2,"retryReasons":[],"status":"passed","title":"matches ctrl+alt+period on non-mac"},{"ancestorTitles":["agent stop shortcut helper"],"duration":0,"failureDetails":[],"failureMessages":[],"fullName":"agent stop shortcut helper requires meta+alt+period on mac","invocations":1,"location":null,"numPassingAsserts":3,"retryReasons":[],"status":"passed","title":"requires meta+alt+period on mac"}],"endTime":1772739943647,"message":"","name":"/mnt/E/Assistants/WindieOS_workspace/windieos/tests/frontend/AgentStopShortcut.test.js","startTime":1772739943611,"status":"passed","summary":""}],"wasInterrupted":false}
