{"numFailedTestSuites":0,"numFailedTests":0,"numPassedTestSuites":92,"numPassedTests":607,"numPendingTestSuites":0,"numPendingTests":0,"numRuntimeErrorTestSuites":0,"numTodoTests":0,"numTotalTestSuites":92,"numTotalTests":607,"openHandles":[],"snapshot":{"added":0,"didUpdate":false,"failure":false,"filesAdded":0,"filesRemoved":0,"filesRemovedList":[],"filesUnmatched":0,"filesUpdated":0,"matched":0,"total":0,"unchecked":0,"uncheckedKeysByFile":[],"unmatched":0,"updated":0},"startTime":1771947739389,"success":true,"testResults":[{"assertionResults":[{"ancestorTitles":["useVoiceMode"],"duration":11,"failureDetails":[],"failureMessages":[],"fullName":"useVoiceMode uses latest transcription callback without creating a new websocket","invocations":1,"location":null,"numPassingAsserts":5,"retryReasons":[],"status":"passed","title":"uses latest transcription callback without creating a new websocket"},{"ancestorTitles":["useVoiceMode"],"duration":2,"failureDetails":[],"failureMessages":[],"fullName":"useVoiceMode uses latest utterance-end callback without creating a new websocket","invocations":1,"location":null,"numPassingAsserts":5,"retryReasons":[],"status":"passed","title":"uses latest utterance-end callback without creating a new websocket"},{"ancestorTitles":["useVoiceMode"],"duration":2,"failureDetails":[],"failureMessages":[],"fullName":"useVoiceMode sends language payload when websocket opens","invocations":1,"location":null,"numPassingAsserts":1,"retryReasons":[],"status":"passed","title":"sends language payload when websocket opens"},{"ancestorTitles":["useVoiceMode"],"duration":1,"failureDetails":[],"failureMessages":[],"fullName":"useVoiceMode sends start_over after utterance-end when websocket is open","invocations":1,"location":null,"numPassingAsserts":2,"retryReasons":[],"status":"passed","title":"sends start_over after utterance-end when websocket is open"},{"ancestorTitles":["useVoiceMode"],"duration":1,"failureDetails":[],"failureMessages":[],"fullName":"useVoiceMode ignores unexpected binary messages","invocations":1,"location":null,"numPassingAsserts":2,"retryReasons":[],"status":"passed","title":"ignores unexpected binary messages"},{"ancestorTitles":["useVoiceMode"],"duration":2,"failureDetails":[],"failureMessages":[],"fullName":"useVoiceMode reconnects after socket close while enabled","invocations":1,"location":null,"numPassingAsserts":2,"retryReasons":[],"status":"passed","title":"reconnects after socket close while enabled"},{"ancestorTitles":["useVoiceMode"],"duration":1,"failureDetails":[],"failureMessages":[],"fullName":"useVoiceMode cancels pending reconnect when disabled","invocations":1,"location":null,"numPassingAsserts":1,"retryReasons":[],"status":"passed","title":"cancels pending reconnect when disabled"},{"ancestorTitles":["useVoiceMode"],"duration":1,"failureDetails":[],"failureMessages":[],"fullName":"useVoiceMode sets error after exceeding reconnect attempts","invocations":1,"location":null,"numPassingAsserts":1,"retryReasons":[],"status":"passed","title":"sets error after exceeding reconnect attempts"}],"endTime":1771947740537,"message":"","name":"/mnt/E/Assistants/WindieOS_workspace/windieos/tests/frontend/VoiceModeHook.test.ts","startTime":1771947739807,"status":"passed","summary":""},{"assertionResults":[{"ancestorTitles":["EpisodicMemorySection delete"],"duration":121,"failureDetails":[],"failureMessages":[],"fullName":"EpisodicMemorySection delete right click shows delete menu and invokes delete","invocations":1,"location":null,"numPassingAsserts":2,"retryReasons":[],"status":"passed","title":"right click shows delete menu and invokes delete"},{"ancestorTitles":["EpisodicMemorySection delete"],"duration":34,"failureDetails":[],"failureMessages":[],"fullName":"EpisodicMemorySection delete shows continue conversation action for resumable refs","invocations":1,"location":null,"numPassingAsserts":5,"retryReasons":[],"status":"passed","title":"shows continue conversation action for resumable refs"},{"ancestorTitles":["EpisodicMemorySection delete"],"duration":12,"failureDetails":[],"failureMessages":[],"fullName":"EpisodicMemorySection delete does not show the currently active conversation in episodic list","invocations":1,"location":null,"numPassingAsserts":2,"retryReasons":[],"status":"passed","title":"does not show the currently active conversation in episodic list"}],"endTime":1771947740802,"message":"","name":"/mnt/E/Assistants/WindieOS_workspace/windieos/tests/frontend/EpisodicMemorySectionDelete.test.jsx","startTime":1771947740544,"status":"passed","summary":""},{"assertionResults":[{"ancestorTitles":["LandingPage"],"duration":19,"failureDetails":[],"failureMessages":[],"fullName":"LandingPage renders without crashing","invocations":1,"location":null,"numPassingAsserts":0,"retryReasons":[],"status":"passed","title":"renders without crashing"},{"ancestorTitles":["LandingPage"],"duration":25,"failureDetails":[],"failureMessages":[],"fullName":"LandingPage contains main brand elements","invocations":1,"location":null,"numPassingAsserts":2,"retryReasons":[],"status":"passed","title":"contains main brand elements"},{"ancestorTitles":["HeroSection"],"duration":3,"failureDetails":[],"failureMessages":[],"fullName":"HeroSection renders hero content","invocations":1,"location":null,"numPassingAsserts":5,"retryReasons":[],"status":"passed","title":"renders hero content"},{"ancestorTitles":["HeroSection"],"duration":1,"failureDetails":[],"failureMessages":[],"fullName":"HeroSection renders feature highlights","invocations":1,"location":null,"numPassingAsserts":3,"retryReasons":[],"status":"passed","title":"renders feature highlights"},{"ancestorTitles":["WhySection"],"duration":2,"failureDetails":[],"failureMessages":[],"fullName":"WhySection renders section header","invocations":1,"location":null,"numPassingAsserts":2,"retryReasons":[],"status":"passed","title":"renders section header"},{"ancestorTitles":["WhySection"],"duration":3,"failureDetails":[],"failureMessages":[],"fullName":"WhySection renders all feature cards","invocations":1,"location":null,"numPassingAsserts":6,"retryReasons":[],"status":"passed","title":"renders all feature cards"},{"ancestorTitles":["HowItWorksSection"],"duration":2,"failureDetails":[],"failureMessages":[],"fullName":"HowItWorksSection renders section header","invocations":1,"location":null,"numPassingAsserts":1,"retryReasons":[],"status":"passed","title":"renders section header"},{"ancestorTitles":["HowItWorksSection"],"duration":3,"failureDetails":[],"failureMessages":[],"fullName":"HowItWorksSection renders all steps","invocations":1,"location":null,"numPassingAsserts":4,"retryReasons":[],"status":"passed","title":"renders all steps"},{"ancestorTitles":["AvailableTodaySection"],"duration":4,"failureDetails":[],"failureMessages":[],"fullName":"AvailableTodaySection renders section header","invocations":1,"location":null,"numPassingAsserts":2,"retryReasons":[],"status":"passed","title":"renders section header"},{"ancestorTitles":["AvailableTodaySection"],"duration":5,"failureDetails":[],"failureMessages":[],"fullName":"AvailableTodaySection renders all categories","invocations":1,"location":null,"numPassingAsserts":4,"retryReasons":[],"status":"passed","title":"renders all categories"},{"ancestorTitles":["AvailableTodaySection"],"duration":3,"failureDetails":[],"failureMessages":[],"fullName":"AvailableTodaySection renders CTA box","invocations":1,"location":null,"numPassingAsserts":2,"retryReasons":[],"status":"passed","title":"renders CTA box"},{"ancestorTitles":["PrivacySection"],"duration":3,"failureDetails":[],"failureMessages":[],"fullName":"PrivacySection renders section header","invocations":1,"location":null,"numPassingAsserts":2,"retryReasons":[],"status":"passed","title":"renders section header"},{"ancestorTitles":["PrivacySection"],"duration":2,"failureDetails":[],"failureMessages":[],"fullName":"PrivacySection renders privacy highlights","invocations":1,"location":null,"numPassingAsserts":3,"retryReasons":[],"status":"passed","title":"renders privacy highlights"},{"ancestorTitles":["RoadmapSection"],"duration":3,"failureDetails":[],"failureMessages":[],"fullName":"RoadmapSection renders section header","invocations":1,"location":null,"numPassingAsserts":1,"retryReasons":[],"status":"passed","title":"renders section header"},{"ancestorTitles":["RoadmapSection"],"duration":4,"failureDetails":[],"failureMessages":[],"fullName":"RoadmapSection renders all phases","invocations":1,"location":null,"numPassingAsserts":4,"retryReasons":[],"status":"passed","title":"renders all phases"},{"ancestorTitles":["RoadmapSection"],"duration":4,"failureDetails":[],"failureMessages":[],"fullName":"RoadmapSection distinguishes available vs planned","invocations":1,"location":null,"numPassingAsserts":2,"retryReasons":[],"status":"passed","title":"distinguishes available vs planned"},{"ancestorTitles":["CTAFooter"],"duration":2,"failureDetails":[],"failureMessages":[],"fullName":"CTAFooter renders CTA section","invocations":1,"location":null,"numPassingAsserts":2,"retryReasons":[],"status":"passed","title":"renders CTA section"},{"ancestorTitles":["CTAFooter"],"duration":4,"failureDetails":[],"failureMessages":[],"fullName":"CTAFooter renders footer content","invocations":1,"location":null,"numPassingAsserts":3,"retryReasons":[],"status":"passed","title":"renders footer content"},{"ancestorTitles":["CTAFooter"],"duration":2,"failureDetails":[],"failureMessages":[],"fullName":"CTAFooter renders copyright","invocations":1,"location":null,"numPassingAsserts":1,"retryReasons":[],"status":"passed","title":"renders copyright"}],"endTime":1771947740999,"message":"","name":"/mnt/E/Assistants/WindieOS_workspace/windieos/tests/frontend/landing/LandingPage.test.jsx","startTime":1771947740811,"status":"passed","summary":""},{"assertionResults":[{"ancestorTitles":["ChatInterface wiring"],"duration":3,"failureDetails":[],"failureMessages":[],"fullName":"ChatInterface wiring uses main-window sender surface for centralized send behavior","invocations":1,"location":null,"numPassingAsserts":1,"retryReasons":[],"status":"passed","title":"uses main-window sender surface for centralized send behavior"},{"ancestorTitles":["ChatInterface wiring"],"duration":16,"failureDetails":[],"failureMessages":[],"fullName":"ChatInterface wiring window controls invoke matching IPC channels","invocations":1,"location":null,"numPassingAsserts":1,"retryReasons":[],"status":"passed","title":"window controls invoke matching IPC channels"},{"ancestorTitles":["ChatInterface wiring"],"duration":2,"failureDetails":[],"failureMessages":[],"fullName":"ChatInterface wiring shows agent mode badge and passes enabled voice mode to input","invocations":1,"location":null,"numPassingAsserts":4,"retryReasons":[],"status":"passed","title":"shows agent mode badge and passes enabled voice mode to input"},{"ancestorTitles":["ChatInterface wiring"],"duration":1,"failureDetails":[],"failureMessages":[],"fullName":"ChatInterface wiring falls back to chat mode label and disabled voice mode when config is missing","invocations":1,"location":null,"numPassingAsserts":2,"retryReasons":[],"status":"passed","title":"falls back to chat mode label and disabled voice mode when config is missing"},{"ancestorTitles":["ChatInterface wiring"],"duration":5,"failureDetails":[],"failureMessages":[],"fullName":"ChatInterface wiring stop button sends stop-query while stream is active","invocations":1,"location":null,"numPassingAsserts":5,"retryReasons":[],"status":"passed","title":"stop button sends stop-query while stream is active"},{"ancestorTitles":["ChatInterface wiring"],"duration":4,"failureDetails":[],"failureMessages":[],"fullName":"ChatInterface wiring stop button is disabled when no active stream is running","invocations":1,"location":null,"numPassingAsserts":1,"retryReasons":[],"status":"passed","title":"stop button is disabled when no active stream is running"},{"ancestorTitles":["ChatInterface wiring"],"duration":9,"failureDetails":[],"failureMessages":[],"fullName":"ChatInterface wiring new chat button clears local conversation state","invocations":1,"location":null,"numPassingAsserts":6,"retryReasons":[],"status":"passed","title":"new chat button clears local conversation state"}],"endTime":1771947741135,"message":"","name":"/mnt/E/Assistants/WindieOS_workspace/windieos/tests/frontend/ChatInterfaceWiring.test.jsx","startTime":1771947741007,"status":"passed","summary":""},{"assertionResults":[{"ancestorTitles":["ChatBoxResponse"],"duration":9,"failureDetails":[],"failureMessages":[],"fullName":"ChatBoxResponse does not render tool-call response pane before llm text","invocations":1,"location":null,"numPassingAsserts":2,"retryReasons":[],"status":"passed","title":"does not render tool-call response pane before llm text"},{"ancestorTitles":["ChatBoxResponse"],"duration":4,"failureDetails":[],"failureMessages":[],"fullName":"ChatBoxResponse shows tool-action ghost during tool-call phase and hides typing indicator","invocations":1,"location":null,"numPassingAsserts":4,"retryReasons":[],"status":"passed","title":"shows tool-action ghost during tool-call phase and hides typing indicator"},{"ancestorTitles":["ChatBoxResponse"],"duration":4,"failureDetails":[],"failureMessages":[],"fullName":"ChatBoxResponse uses coordinate contract metadata to position targeted tool ghost preview","invocations":1,"location":null,"numPassingAsserts":6,"retryReasons":[],"status":"passed","title":"uses coordinate contract metadata to position targeted tool ghost preview"},{"ancestorTitles":["ChatBoxResponse"],"duration":3,"failureDetails":[],"failureMessages":[],"fullName":"ChatBoxResponse renders a target rectangle when target_rect metadata is present","invocations":1,"location":null,"numPassingAsserts":7,"retryReasons":[],"status":"passed","title":"renders a target rectangle when target_rect metadata is present"},{"ancestorTitles":["ChatBoxResponse"],"duration":2,"failureDetails":[],"failureMessages":[],"fullName":"ChatBoxResponse shows awaiting indicator when no assistant response exists yet","invocations":1,"location":null,"numPassingAsserts":1,"retryReasons":[],"status":"passed","title":"shows awaiting indicator when no assistant response exists yet"},{"ancestorTitles":["ChatBoxResponse"],"duration":2,"failureDetails":[],"failureMessages":[],"fullName":"ChatBoxResponse hides awaiting indicator after overlay phase moves to streaming","invocations":1,"location":null,"numPassingAsserts":2,"retryReasons":[],"status":"passed","title":"hides awaiting indicator after overlay phase moves to streaming"},{"ancestorTitles":["ChatBoxResponse"],"duration":7,"failureDetails":[],"failureMessages":[],"fullName":"ChatBoxResponse incomplete llm response is visible but not closeable","invocations":1,"location":null,"numPassingAsserts":2,"retryReasons":[],"status":"passed","title":"incomplete llm response is visible but not closeable"},{"ancestorTitles":["ChatBoxResponse"],"duration":6,"failureDetails":[],"failureMessages":[],"fullName":"ChatBoxResponse error response can be closed and stays dismissed","invocations":1,"location":null,"numPassingAsserts":2,"retryReasons":[],"status":"passed","title":"error response can be closed and stays dismissed"},{"ancestorTitles":["ChatBoxResponse"],"duration":5,"failureDetails":[],"failureMessages":[],"fullName":"ChatBoxResponse shows top overflow indicator when response pane is scrolled above bottom","invocations":1,"location":null,"numPassingAsserts":3,"retryReasons":[],"status":"passed","title":"shows top overflow indicator when response pane is scrolled above bottom"},{"ancestorTitles":["ChatBoxResponse"],"duration":3,"failureDetails":[],"failureMessages":[],"fullName":"ChatBoxResponse renders thinking text as transparent stream while awaiting reply","invocations":1,"location":null,"numPassingAsserts":3,"retryReasons":[],"status":"passed","title":"renders thinking text as transparent stream while awaiting reply"}],"endTime":1771947741261,"message":"","name":"/mnt/E/Assistants/WindieOS_workspace/windieos/tests/frontend/ChatBoxResponse.test.jsx","startTime":1771947741140,"status":"passed","summary":""},{"assertionResults":[{"ancestorTitles":["AppConfigProvider storage + IPC status handling"],"duration":3,"failureDetails":[],"failureMessages":[],"fullName":"AppConfigProvider storage + IPC status handling skips disk-sync writes when disk config matches stored config","invocations":1,"location":null,"numPassingAsserts":2,"retryReasons":[],"status":"passed","title":"skips disk-sync writes when disk config matches stored config"},{"ancestorTitles":["AppConfigProvider storage + IPC status handling"],"duration":1,"failureDetails":[],"failureMessages":[],"fullName":"AppConfigProvider storage + IPC status handling applies disk config when it differs from stored config","invocations":1,"location":null,"numPassingAsserts":2,"retryReasons":[],"status":"passed","title":"applies disk config when it differs from stored config"},{"ancestorTitles":["AppConfigProvider storage + IPC status handling"],"duration":1,"failureDetails":[],"failureMessages":[],"fullName":"AppConfigProvider storage + IPC status handling applies cross-window config changes from localStorage events","invocations":1,"location":null,"numPassingAsserts":1,"retryReasons":[],"status":"passed","title":"applies cross-window config changes from localStorage events"},{"ancestorTitles":["AppConfigProvider storage + IPC status handling"],"duration":1,"failureDetails":[],"failureMessages":[],"fullName":"AppConfigProvider storage + IPC status handling ignores unrelated localStorage events","invocations":1,"location":null,"numPassingAsserts":1,"retryReasons":[],"status":"passed","title":"ignores unrelated localStorage events"},{"ancestorTitles":["AppConfigProvider storage + IPC status handling"],"duration":0,"failureDetails":[],"failureMessages":[],"fullName":"AppConfigProvider storage + IPC status handling updates transcript session when client user id resolves","invocations":1,"location":null,"numPassingAsserts":1,"retryReasons":[],"status":"passed","title":"updates transcript session when client user id resolves"},{"ancestorTitles":["AppConfigProvider storage + IPC status handling"],"duration":1,"failureDetails":[],"failureMessages":[],"fullName":"AppConfigProvider storage + IPC status handling syncs current config when get-client-user-id reports already connected","invocations":1,"location":null,"numPassingAsserts":1,"retryReasons":[],"status":"passed","title":"syncs current config when get-client-user-id reports already connected"},{"ancestorTitles":["AppConfigProvider storage + IPC status handling"],"duration":1,"failureDetails":[],"failureMessages":[],"fullName":"AppConfigProvider storage + IPC status handling sets artifact backend http URL when get-client-user-id includes endpoint metadata","invocations":1,"location":null,"numPassingAsserts":1,"retryReasons":[],"status":"passed","title":"sets artifact backend http URL when get-client-user-id includes endpoint metadata"},{"ancestorTitles":["AppConfigProvider storage + IPC status handling"],"duration":0,"failureDetails":[],"failureMessages":[],"fullName":"AppConfigProvider storage + IPC status handling updates transcript session from IPC status events with userId","invocations":1,"location":null,"numPassingAsserts":2,"retryReasons":[],"status":"passed","title":"updates transcript session from IPC status events with userId"},{"ancestorTitles":["AppConfigProvider storage + IPC status handling"],"duration":1,"failureDetails":[],"failureMessages":[],"fullName":"AppConfigProvider storage + IPC status handling sets artifact backend http URL from IPC status payload","invocations":1,"location":null,"numPassingAsserts":2,"retryReasons":[],"status":"passed","title":"sets artifact backend http URL from IPC status payload"},{"ancestorTitles":["AppConfigProvider storage + IPC status handling"],"duration":1,"failureDetails":[],"failureMessages":[],"fullName":"AppConfigProvider storage + IPC status handling syncs current config to backend when IPC status reports connected","invocations":1,"location":null,"numPassingAsserts":2,"retryReasons":[],"status":"passed","title":"syncs current config to backend when IPC status reports connected"},{"ancestorTitles":["AppConfigProvider storage + IPC status handling"],"duration":0,"failureDetails":[],"failureMessages":[],"fullName":"AppConfigProvider storage + IPC status handling does not sync config when IPC status reports disconnected","invocations":1,"location":null,"numPassingAsserts":2,"retryReasons":[],"status":"passed","title":"does not sync config when IPC status reports disconnected"},{"ancestorTitles":["AppConfigProvider storage + IPC status handling"],"duration":1,"failureDetails":[],"failureMessages":[],"fullName":"AppConfigProvider storage + IPC status handling ignores IPC status events when userId is invalid","invocations":1,"location":null,"numPassingAsserts":2,"retryReasons":[],"status":"passed","title":"ignores IPC status events when userId is invalid"},{"ancestorTitles":["AppConfigProvider storage + IPC status handling"],"duration":1,"failureDetails":[],"failureMessages":[],"fullName":"AppConfigProvider storage + IPC status handling wakeword toggle events update wakewordActive state only for boolean payloads","invocations":1,"location":null,"numPassingAsserts":4,"retryReasons":[],"status":"passed","title":"wakeword toggle events update wakewordActive state only for boolean payloads"},{"ancestorTitles":["AppConfigProvider storage + IPC status handling"],"duration":0,"failureDetails":[],"failureMessages":[],"fullName":"AppConfigProvider storage + IPC status handling warns when disk config load fails","invocations":1,"location":null,"numPassingAsserts":1,"retryReasons":[],"status":"passed","title":"warns when disk config load fails"},{"ancestorTitles":["AppConfigProvider storage + IPC status handling"],"duration":1,"failureDetails":[],"failureMessages":[],"fullName":"AppConfigProvider storage + IPC status handling warns when save-to-disk invoke fails during updateConfig","invocations":1,"location":null,"numPassingAsserts":1,"retryReasons":[],"status":"passed","title":"warns when save-to-disk invoke fails during updateConfig"}],"endTime":1771947741357,"message":"","name":"/mnt/E/Assistants/WindieOS_workspace/windieos/tests/frontend/AppConfigProvider.storageAndIpc.test.tsx","startTime":1771947741266,"status":"passed","summary":""},{"assertionResults":[{"ancestorTitles":["ChatBox overlay mouse ignore"],"duration":5,"failureDetails":[],"failureMessages":[],"fullName":"ChatBox overlay mouse ignore defaults to interactive overlay and requests window resize to match pill","invocations":1,"location":null,"numPassingAsserts":3,"retryReasons":[],"status":"passed","title":"defaults to interactive overlay and requests window resize to match pill"},{"ancestorTitles":["ChatBox overlay mouse ignore"],"duration":1,"failureDetails":[],"failureMessages":[],"fullName":"ChatBox overlay mouse ignore wires overlay sender surface for centralized UI send behavior","invocations":1,"location":null,"numPassingAsserts":1,"retryReasons":[],"status":"passed","title":"wires overlay sender surface for centralized UI send behavior"},{"ancestorTitles":["ChatBox overlay mouse ignore"],"duration":8,"failureDetails":[],"failureMessages":[],"fullName":"ChatBox overlay mouse ignore settings button invokes show-main-window","invocations":1,"location":null,"numPassingAsserts":1,"retryReasons":[],"status":"passed","title":"settings button invokes show-main-window"},{"ancestorTitles":["ChatBox overlay mouse ignore"],"duration":3,"failureDetails":[],"failureMessages":[],"fullName":"ChatBox overlay mouse ignore dragging pill sends absolute move-chatbox-to coordinates","invocations":1,"location":null,"numPassingAsserts":2,"retryReasons":[],"status":"passed","title":"dragging pill sends absolute move-chatbox-to coordinates"},{"ancestorTitles":["ChatBox overlay mouse ignore"],"duration":2,"failureDetails":[],"failureMessages":[],"fullName":"ChatBox overlay mouse ignore input interactions do not start drag movement","invocations":1,"location":null,"numPassingAsserts":1,"retryReasons":[],"status":"passed","title":"input interactions do not start drag movement"},{"ancestorTitles":["ChatBox overlay mouse ignore"],"duration":2,"failureDetails":[],"failureMessages":[],"fullName":"ChatBox overlay mouse ignore adds ambient loop glow class while active stream phases are running","invocations":1,"location":null,"numPassingAsserts":3,"retryReasons":[],"status":"passed","title":"adds ambient loop glow class while active stream phases are running"},{"ancestorTitles":["ChatBox overlay mouse ignore"],"duration":7,"failureDetails":[],"failureMessages":[],"fullName":"ChatBox overlay mouse ignore send button dispatches message and clears input","invocations":1,"location":null,"numPassingAsserts":2,"retryReasons":[],"status":"passed","title":"send button dispatches message and clears input"},{"ancestorTitles":["ChatBox overlay mouse ignore"],"duration":5,"failureDetails":[],"failureMessages":[],"fullName":"ChatBox overlay mouse ignore shows ambient active app indicator from system-state polling","invocations":1,"location":null,"numPassingAsserts":2,"retryReasons":[],"status":"passed","title":"shows ambient active app indicator from system-state polling"},{"ancestorTitles":["ChatBox overlay mouse ignore"],"duration":4,"failureDetails":[],"failureMessages":[],"fullName":"ChatBox overlay mouse ignore shows offline context state when active-window polling fails","invocations":1,"location":null,"numPassingAsserts":3,"retryReasons":[],"status":"passed","title":"shows offline context state when active-window polling fails"},{"ancestorTitles":["ChatBox overlay mouse ignore"],"duration":4,"failureDetails":[],"failureMessages":[],"fullName":"ChatBox overlay mouse ignore falls back to user-message metadata active-window context when polling fails","invocations":1,"location":null,"numPassingAsserts":4,"retryReasons":[],"status":"passed","title":"falls back to user-message metadata active-window context when polling fails"}],"endTime":1771947741484,"message":"","name":"/mnt/E/Assistants/WindieOS_workspace/windieos/tests/frontend/ChatBoxOverlayMouseIgnore.test.jsx","startTime":1771947741363,"status":"passed","summary":""},{"assertionResults":[{"ancestorTitles":["MessageInput"],"duration":4,"failureDetails":[],"failureMessages":[],"fullName":"MessageInput submits trimmed message text","invocations":1,"location":null,"numPassingAsserts":2,"retryReasons":[],"status":"passed","title":"submits trimmed message text"},{"ancestorTitles":["MessageInput"],"duration":2,"failureDetails":[],"failureMessages":[],"fullName":"MessageInput does not submit whitespace-only messages","invocations":1,"location":null,"numPassingAsserts":1,"retryReasons":[],"status":"passed","title":"does not submit whitespace-only messages"},{"ancestorTitles":["MessageInput"],"duration":4,"failureDetails":[],"failureMessages":[],"fullName":"MessageInput blocks submit when isSending is true","invocations":1,"location":null,"numPassingAsserts":2,"retryReasons":[],"status":"passed","title":"blocks submit when isSending is true"},{"ancestorTitles":["MessageInput"],"duration":2,"failureDetails":[],"failureMessages":[],"fullName":"MessageInput auto-sends latest transcription when utterance ends in voice mode","invocations":1,"location":null,"numPassingAsserts":5,"retryReasons":[],"status":"passed","title":"auto-sends latest transcription when utterance ends in voice mode"}],"endTime":1771947741575,"message":"","name":"/mnt/E/Assistants/WindieOS_workspace/windieos/tests/frontend/MessageInput.test.jsx","startTime":1771947741488,"status":"passed","summary":""},{"assertionResults":[{"ancestorTitles":["MessageContent"],"duration":4,"failureDetails":[],"failureMessages":[],"fullName":"MessageContent prefers screenshot URL over inline screenshot data","invocations":1,"location":null,"numPassingAsserts":1,"retryReasons":[],"status":"passed","title":"prefers screenshot URL over inline screenshot data"},{"ancestorTitles":["MessageContent"],"duration":2,"failureDetails":[],"failureMessages":[],"fullName":"MessageContent renders inline screenshot data URL with png content type","invocations":1,"location":null,"numPassingAsserts":1,"retryReasons":[],"status":"passed","title":"renders inline screenshot data URL with png content type"},{"ancestorTitles":["MessageContent"],"duration":2,"failureDetails":[],"failureMessages":[],"fullName":"MessageContent defaults inline screenshot data URL to jpeg when content type missing","invocations":1,"location":null,"numPassingAsserts":1,"retryReasons":[],"status":"passed","title":"defaults inline screenshot data URL to jpeg when content type missing"}],"endTime":1771947741644,"message":"","name":"/mnt/E/Assistants/WindieOS_workspace/windieos/tests/frontend/MessageContent.test.jsx","startTime":1771947741579,"status":"passed","summary":""},{"assertionResults":[{"ancestorTitles":["TranscriptWriter user + assistant writes"],"duration":10,"failureDetails":[],"failureMessages":[],"fullName":"TranscriptWriter user + assistant writes queues user messages until conversation/user ids are available, then flushes","invocations":1,"location":null,"numPassingAsserts":2,"retryReasons":[],"status":"passed","title":"queues user messages until conversation/user ids are available, then flushes"},{"ancestorTitles":["TranscriptWriter user + assistant writes"],"duration":1,"failureDetails":[],"failureMessages":[],"fullName":"TranscriptWriter user + assistant writes recordUserMessage writes immediately when conversation/user provided in options","invocations":1,"location":null,"numPassingAsserts":1,"retryReasons":[],"status":"passed","title":"recordUserMessage writes immediately when conversation/user provided in options"},{"ancestorTitles":["TranscriptWriter user + assistant writes"],"duration":1,"failureDetails":[],"failureMessages":[],"fullName":"TranscriptWriter user + assistant writes recordUserMessage requeues immediate writes when IPC store fails","invocations":1,"location":null,"numPassingAsserts":4,"retryReasons":[],"status":"passed","title":"recordUserMessage requeues immediate writes when IPC store fails"},{"ancestorTitles":["TranscriptWriter user + assistant writes"],"duration":1,"failureDetails":[],"failureMessages":[],"fullName":"TranscriptWriter user + assistant writes recordUserMessage ignores empty text payloads","invocations":1,"location":null,"numPassingAsserts":1,"retryReasons":[],"status":"passed","title":"recordUserMessage ignores empty text payloads"},{"ancestorTitles":["TranscriptWriter user + assistant writes"],"duration":1,"failureDetails":[],"failureMessages":[],"fullName":"TranscriptWriter user + assistant writes queues assistant messages until conversation/user ids are available, then flushes","invocations":1,"location":null,"numPassingAsserts":2,"retryReasons":[],"status":"passed","title":"queues assistant messages until conversation/user ids are available, then flushes"},{"ancestorTitles":["TranscriptWriter user + assistant writes"],"duration":1,"failureDetails":[],"failureMessages":[],"fullName":"TranscriptWriter user + assistant writes recordAssistantMessage uses default message type llm-text","invocations":1,"location":null,"numPassingAsserts":1,"retryReasons":[],"status":"passed","title":"recordAssistantMessage uses default message type llm-text"},{"ancestorTitles":["TranscriptWriter user + assistant writes"],"duration":1,"failureDetails":[],"failureMessages":[],"fullName":"TranscriptWriter user + assistant writes recordAssistantMessage requeues immediate writes when IPC store fails","invocations":1,"location":null,"numPassingAsserts":4,"retryReasons":[],"status":"passed","title":"recordAssistantMessage requeues immediate writes when IPC store fails"},{"ancestorTitles":["TranscriptWriter user + assistant writes"],"duration":1,"failureDetails":[],"failureMessages":[],"fullName":"TranscriptWriter user + assistant writes recordAssistantMessage ignores empty text payloads","invocations":1,"location":null,"numPassingAsserts":1,"retryReasons":[],"status":"passed","title":"recordAssistantMessage ignores empty text payloads"},{"ancestorTitles":["TranscriptWriter user + assistant writes"],"duration":1,"failureDetails":[],"failureMessages":[],"fullName":"TranscriptWriter user + assistant writes requeues queued user messages when a pending flush write fails","invocations":1,"location":null,"numPassingAsserts":5,"retryReasons":[],"status":"passed","title":"requeues queued user messages when a pending flush write fails"}],"endTime":1771947741741,"message":"","name":"/mnt/E/Assistants/WindieOS_workspace/windieos/tests/frontend/TranscriptWriter.userAssistant.test.ts","startTime":1771947741654,"status":"passed","summary":""},{"assertionResults":[{"ancestorTitles":["SettingsSection"],"duration":6,"failureDetails":[],"failureMessages":[],"fullName":"SettingsSection wakeword toggle uses app-config wakeword setter","invocations":1,"location":null,"numPassingAsserts":1,"retryReasons":[],"status":"passed","title":"wakeword toggle uses app-config wakeword setter"},{"ancestorTitles":["SettingsSection"],"duration":5,"failureDetails":[],"failureMessages":[],"fullName":"SettingsSection audio and screenshot toggles emit config updates","invocations":1,"location":null,"numPassingAsserts":3,"retryReasons":[],"status":"passed","title":"audio and screenshot toggles emit config updates"},{"ancestorTitles":["SettingsSection"],"duration":2,"failureDetails":[],"failureMessages":[],"fullName":"SettingsSection shows wakeword paused helper while chatbox is visible","invocations":1,"location":null,"numPassingAsserts":1,"retryReasons":[],"status":"passed","title":"shows wakeword paused helper while chatbox is visible"}],"endTime":1771947741833,"message":"","name":"/mnt/E/Assistants/WindieOS_workspace/windieos/tests/frontend/SettingsSection.test.jsx","startTime":1771947741746,"status":"passed","summary":""},{"assertionResults":[{"ancestorTitles":["SemanticMemorySection delete"],"duration":24,"failureDetails":[],"failureMessages":[],"fullName":"SemanticMemorySection delete right click shows delete menu and invokes delete","invocations":1,"location":null,"numPassingAsserts":2,"retryReasons":[],"status":"passed","title":"right click shows delete menu and invokes delete"}],"endTime":1771947741934,"message":"","name":"/mnt/E/Assistants/WindieOS_workspace/windieos/tests/frontend/SemanticMemorySectionDelete.test.jsx","startTime":1771947741837,"status":"passed","summary":""},{"assertionResults":[{"ancestorTitles":["ipc.cjs bridge query handling"],"duration":5,"failureDetails":[],"failureMessages":[],"fullName":"ipc.cjs bridge query handling runs overlay pre-capture hook for chatbox-origin query sends","invocations":1,"location":null,"numPassingAsserts":1,"retryReasons":[],"status":"passed","title":"runs overlay pre-capture hook for chatbox-origin query sends"},{"ancestorTitles":["ipc.cjs bridge query handling"],"duration":1,"failureDetails":[],"failureMessages":[],"fullName":"ipc.cjs bridge query handling skips overlay pre-capture hook for dashboard-origin query sends","invocations":1,"location":null,"numPassingAsserts":1,"retryReasons":[],"status":"passed","title":"skips overlay pre-capture hook for dashboard-origin query sends"},{"ancestorTitles":["ipc.cjs bridge query handling"],"duration":3,"failureDetails":[],"failureMessages":[],"fullName":"ipc.cjs bridge query handling emits renderer error event when query send fails due to disconnected backend","invocations":1,"location":null,"numPassingAsserts":3,"retryReasons":[],"status":"passed","title":"emits renderer error event when query send fails due to disconnected backend"},{"ancestorTitles":["ipc.cjs bridge query handling"],"duration":1,"failureDetails":[],"failureMessages":[],"fullName":"ipc.cjs bridge query handling builds full query payload with system state + memories","invocations":1,"location":null,"numPassingAsserts":8,"retryReasons":[],"status":"passed","title":"builds full query payload with system state + memories"},{"ancestorTitles":["ipc.cjs bridge query handling"],"duration":2,"failureDetails":[],"failureMessages":[],"fullName":"ipc.cjs bridge query handling reuses backend conversation_ref fallback for local echo and outbound query payload","invocations":1,"location":null,"numPassingAsserts":4,"retryReasons":[],"status":"passed","title":"reuses backend conversation_ref fallback for local echo and outbound query payload"},{"ancestorTitles":["ipc.cjs bridge query handling"],"duration":1,"failureDetails":[],"failureMessages":[],"fullName":"ipc.cjs bridge query handling escapes XML-sensitive query, system state, and memory content","invocations":1,"location":null,"numPassingAsserts":8,"retryReasons":[],"status":"passed","title":"escapes XML-sensitive query, system state, and memory content"},{"ancestorTitles":["ipc.cjs bridge query handling"],"duration":1,"failureDetails":[],"failureMessages":[],"fullName":"ipc.cjs bridge query handling strips query screenshot_url before sending to backend","invocations":1,"location":null,"numPassingAsserts":4,"retryReasons":[],"status":"passed","title":"strips query screenshot_url before sending to backend"},{"ancestorTitles":["ipc.cjs bridge query handling"],"duration":2,"failureDetails":[],"failureMessages":[],"fullName":"ipc.cjs bridge query handling builds query with fallback system context on system state error","invocations":1,"location":null,"numPassingAsserts":3,"retryReasons":[],"status":"passed","title":"builds query with fallback system context on system state error"},{"ancestorTitles":["ipc.cjs bridge query handling"],"duration":1,"failureDetails":[],"failureMessages":[],"fullName":"ipc.cjs bridge query handling builds query with empty memories when search fails","invocations":1,"location":null,"numPassingAsserts":4,"retryReasons":[],"status":"passed","title":"builds query with empty memories when search fails"},{"ancestorTitles":["ipc.cjs bridge query handling"],"duration":1,"failureDetails":[],"failureMessages":[],"fullName":"ipc.cjs bridge query handling builds query with empty memories when search response is malformed","invocations":1,"location":null,"numPassingAsserts":3,"retryReasons":[],"status":"passed","title":"builds query with empty memories when search response is malformed"},{"ancestorTitles":["ipc.cjs bridge query handling"],"duration":2,"failureDetails":[],"failureMessages":[],"fullName":"ipc.cjs bridge query handling gates first query behind settings-updated ack when frontend config exists","invocations":1,"location":null,"numPassingAsserts":5,"retryReasons":[],"status":"passed","title":"gates first query behind settings-updated ack when frontend config exists"},{"ancestorTitles":["ipc.cjs bridge query handling"],"duration":3,"failureDetails":[],"failureMessages":[],"fullName":"ipc.cjs bridge query handling waits for pending renderer update-settings ack before sending query","invocations":1,"location":null,"numPassingAsserts":4,"retryReasons":[],"status":"passed","title":"waits for pending renderer update-settings ack before sending query"},{"ancestorTitles":["ipc.cjs bridge query handling"],"duration":1,"failureDetails":[],"failureMessages":[],"fullName":"ipc.cjs bridge query handling keeps initial query context after transient query send failure","invocations":1,"location":null,"numPassingAsserts":3,"retryReasons":[],"status":"passed","title":"keeps initial query context after transient query send failure"},{"ancestorTitles":["ipc.cjs bridge query handling"],"duration":1,"failureDetails":[],"failureMessages":[],"fullName":"ipc.cjs bridge query handling reconnect clears stale conversation ref fallback before next query","invocations":1,"location":null,"numPassingAsserts":2,"retryReasons":[],"status":"passed","title":"reconnect clears stale conversation ref fallback before next query"}],"endTime":1771947742049,"message":"","name":"/mnt/E/Assistants/WindieOS_workspace/windieos/tests/frontend/IpcMainBridge.query.test.cjs","startTime":1771947741953,"status":"passed","summary":""},{"assertionResults":[{"ancestorTitles":["useWakewordDetection"],"duration":2,"failureDetails":[],"failureMessages":[],"fullName":"useWakewordDetection registers listeners and sends wakeword enable signal on mount","invocations":1,"location":null,"numPassingAsserts":3,"retryReasons":[],"status":"passed","title":"registers listeners and sends wakeword enable signal on mount"},{"ancestorTitles":["useWakewordDetection"],"duration":1,"failureDetails":[],"failureMessages":[],"fullName":"useWakewordDetection ignores detection events with invalid confidence payloads","invocations":1,"location":null,"numPassingAsserts":3,"retryReasons":[],"status":"passed","title":"ignores detection events with invalid confidence payloads"},{"ancestorTitles":["useWakewordDetection"],"duration":7,"failureDetails":[],"failureMessages":[],"fullName":"useWakewordDetection triggers callback and disable signal for detections above threshold with cooldown guard","invocations":1,"location":null,"numPassingAsserts":4,"retryReasons":[],"status":"passed","title":"triggers callback and disable signal for detections above threshold with cooldown guard"},{"ancestorTitles":["useWakewordDetection"],"duration":1,"failureDetails":[],"failureMessages":[],"fullName":"useWakewordDetection warns when chunk size is normalized","invocations":1,"location":null,"numPassingAsserts":1,"retryReasons":[],"status":"passed","title":"warns when chunk size is normalized"},{"ancestorTitles":["useWakewordDetection"],"duration":1,"failureDetails":[],"failureMessages":[],"fullName":"useWakewordDetection stops late microphone stream when disabled before getUserMedia resolves","invocations":1,"location":null,"numPassingAsserts":2,"retryReasons":[],"status":"passed","title":"stops late microphone stream when disabled before getUserMedia resolves"},{"ancestorTitles":["useWakewordDetection"],"duration":1,"failureDetails":[],"failureMessages":[],"fullName":"useWakewordDetection stops audio safely when stop is triggered multiple times","invocations":1,"location":null,"numPassingAsserts":3,"retryReasons":[],"status":"passed","title":"stops audio safely when stop is triggered multiple times"}],"endTime":1771947742129,"message":"","name":"/mnt/E/Assistants/WindieOS_workspace/windieos/tests/frontend/WakewordDetectionHook.test.ts","startTime":1771947742052,"status":"passed","summary":""},{"assertionResults":[{"ancestorTitles":["SemanticMemorySection"],"duration":7,"failureDetails":[],"failureMessages":[],"fullName":"SemanticMemorySection loads and renders semantic memories from IPC","invocations":1,"location":null,"numPassingAsserts":4,"retryReasons":[],"status":"passed","title":"loads and renders semantic memories from IPC"}],"endTime":1771947742202,"message":"","name":"/mnt/E/Assistants/WindieOS_workspace/windieos/tests/frontend/SemanticMemorySection.test.jsx","startTime":1771947742133,"status":"passed","summary":""},{"assertionResults":[{"ancestorTitles":["AppConfigProvider model + config wiring"],"duration":2,"failureDetails":[],"failureMessages":[],"fullName":"AppConfigProvider model + config wiring registers backend listener before requesting model list","invocations":1,"location":null,"numPassingAsserts":2,"retryReasons":[],"status":"passed","title":"registers backend listener before requesting model list"},{"ancestorTitles":["AppConfigProvider model + config wiring"],"duration":1,"failureDetails":[],"failureMessages":[],"fullName":"AppConfigProvider model + config wiring does not request model list from chatbox-response view","invocations":1,"location":null,"numPassingAsserts":1,"retryReasons":[],"status":"passed","title":"does not request model list from chatbox-response view"},{"ancestorTitles":["AppConfigProvider model + config wiring"],"duration":0,"failureDetails":[],"failureMessages":[],"fullName":"AppConfigProvider model + config wiring requests model list only once per renderer session","invocations":1,"location":null,"numPassingAsserts":1,"retryReasons":[],"status":"passed","title":"requests model list only once per renderer session"},{"ancestorTitles":["AppConfigProvider model + config wiring"],"duration":0,"failureDetails":[],"failureMessages":[],"fullName":"AppConfigProvider model + config wiring routes models-listed event to settings handler","invocations":1,"location":null,"numPassingAsserts":2,"retryReasons":[],"status":"passed","title":"routes models-listed event to settings handler"},{"ancestorTitles":["AppConfigProvider model + config wiring"],"duration":1,"failureDetails":[],"failureMessages":[],"fullName":"AppConfigProvider model + config wiring ignores unsupported backend events","invocations":1,"location":null,"numPassingAsserts":2,"retryReasons":[],"status":"passed","title":"ignores unsupported backend events"},{"ancestorTitles":["AppConfigProvider model + config wiring"],"duration":0,"failureDetails":[],"failureMessages":[],"fullName":"AppConfigProvider model + config wiring skips persistence when updateConfig receives same config","invocations":1,"location":null,"numPassingAsserts":3,"retryReasons":[],"status":"passed","title":"skips persistence when updateConfig receives same config"},{"ancestorTitles":["AppConfigProvider model + config wiring"],"duration":0,"failureDetails":[],"failureMessages":[],"fullName":"AppConfigProvider model + config wiring removes backend listener on unmount","invocations":1,"location":null,"numPassingAsserts":1,"retryReasons":[],"status":"passed","title":"removes backend listener on unmount"},{"ancestorTitles":["AppConfigProvider model + config wiring"],"duration":1,"failureDetails":[],"failureMessages":[],"fullName":"AppConfigProvider model + config wiring keeps updateConfig callback stable across config updates","invocations":1,"location":null,"numPassingAsserts":1,"retryReasons":[],"status":"passed","title":"keeps updateConfig callback stable across config updates"},{"ancestorTitles":["AppConfigProvider model + config wiring"],"duration":1,"failureDetails":[],"failureMessages":[],"fullName":"AppConfigProvider model + config wiring updateConfig merges partial updates with existing config","invocations":1,"location":null,"numPassingAsserts":1,"retryReasons":[],"status":"passed","title":"updateConfig merges partial updates with existing config"},{"ancestorTitles":["AppConfigProvider model + config wiring"],"duration":1,"failureDetails":[],"failureMessages":[],"fullName":"AppConfigProvider model + config wiring registerSaveStatusCallback is invoked before persisting changed config","invocations":1,"location":null,"numPassingAsserts":1,"retryReasons":[],"status":"passed","title":"registerSaveStatusCallback is invoked before persisting changed config"}],"endTime":1771947742289,"message":"","name":"/mnt/E/Assistants/WindieOS_workspace/windieos/tests/frontend/AppConfigProvider.models.test.tsx","startTime":1771947742206,"status":"passed","summary":""},{"assertionResults":[{"ancestorTitles":["MainLayout"],"duration":16,"failureDetails":[],"failureMessages":[],"fullName":"MainLayout does not render an Active status pill for selected section","invocations":1,"location":null,"numPassingAsserts":2,"retryReasons":[],"status":"passed","title":"does not render an Active status pill for selected section"},{"ancestorTitles":["MainLayout"],"duration":6,"failureDetails":[],"failureMessages":[],"fullName":"MainLayout still switches section when clicking nav buttons","invocations":1,"location":null,"numPassingAsserts":1,"retryReasons":[],"status":"passed","title":"still switches section when clicking nav buttons"}],"endTime":1771947742385,"message":"","name":"/mnt/E/Assistants/WindieOS_workspace/windieos/tests/frontend/MainLayout.test.jsx","startTime":1771947742296,"status":"passed","summary":""},{"assertionResults":[{"ancestorTitles":["local_backend_bridge RPC handlers"],"duration":5,"failureDetails":[],"failureMessages":[],"fullName":"local_backend_bridge RPC handlers execute-tool handler returns success for valid response","invocations":1,"location":null,"numPassingAsserts":1,"retryReasons":[],"status":"passed","title":"execute-tool handler returns success for valid response"},{"ancestorTitles":["local_backend_bridge RPC handlers"],"duration":2,"failureDetails":[],"failureMessages":[],"fullName":"local_backend_bridge RPC handlers passes resolved backend http URL to Python sidecar env","invocations":1,"location":null,"numPassingAsserts":1,"retryReasons":[],"status":"passed","title":"passes resolved backend http URL to Python sidecar env"},{"ancestorTitles":["local_backend_bridge RPC handlers"],"duration":1,"failureDetails":[],"failureMessages":[],"fullName":"local_backend_bridge RPC handlers adds --no-deprecation to Node options for local backend subprocesses","invocations":1,"location":null,"numPassingAsserts":1,"retryReasons":[],"status":"passed","title":"adds --no-deprecation to Node options for local backend subprocesses"},{"ancestorTitles":["local_backend_bridge RPC handlers"],"duration":1,"failureDetails":[],"failureMessages":[],"fullName":"local_backend_bridge RPC handlers suppresses known Node deprecation stderr lines from local backend logs","invocations":1,"location":null,"numPassingAsserts":3,"retryReasons":[],"status":"passed","title":"suppresses known Node deprecation stderr lines from local backend logs"},{"ancestorTitles":["local_backend_bridge RPC handlers"],"duration":1,"failureDetails":[],"failureMessages":[],"fullName":"local_backend_bridge RPC handlers execute-tool handler returns error on json-rpc error","invocations":1,"location":null,"numPassingAsserts":1,"retryReasons":[],"status":"passed","title":"execute-tool handler returns error on json-rpc error"},{"ancestorTitles":["local_backend_bridge RPC handlers"],"duration":1,"failureDetails":[],"failureMessages":[],"fullName":"local_backend_bridge RPC handlers get-system-state handler returns null on error response","invocations":1,"location":null,"numPassingAsserts":1,"retryReasons":[],"status":"passed","title":"get-system-state handler returns null on error response"},{"ancestorTitles":["local_backend_bridge RPC handlers"],"duration":1,"failureDetails":[],"failureMessages":[],"fullName":"local_backend_bridge RPC handlers search-memory handler returns error on json-rpc error","invocations":1,"location":null,"numPassingAsserts":2,"retryReasons":[],"status":"passed","title":"search-memory handler returns error on json-rpc error"},{"ancestorTitles":["local_backend_bridge RPC handlers"],"duration":1,"failureDetails":[],"failureMessages":[],"fullName":"local_backend_bridge RPC handlers search-memory handler accepts snake_case exclude_conversation_id payload key","invocations":1,"location":null,"numPassingAsserts":2,"retryReasons":[],"status":"passed","title":"search-memory handler accepts snake_case exclude_conversation_id payload key"},{"ancestorTitles":["local_backend_bridge RPC handlers"],"duration":1,"failureDetails":[],"failureMessages":[],"fullName":"local_backend_bridge RPC handlers list-conversations handler maps payload keys to backend params","invocations":1,"location":null,"numPassingAsserts":2,"retryReasons":[],"status":"passed","title":"list-conversations handler maps payload keys to backend params"},{"ancestorTitles":["local_backend_bridge RPC handlers"],"duration":1,"failureDetails":[],"failureMessages":[],"fullName":"local_backend_bridge RPC handlers list-conversations handler safely handles non-object payloads","invocations":1,"location":null,"numPassingAsserts":2,"retryReasons":[],"status":"passed","title":"list-conversations handler safely handles non-object payloads"},{"ancestorTitles":["local_backend_bridge RPC handlers"],"duration":1,"failureDetails":[],"failureMessages":[],"fullName":"local_backend_bridge RPC handlers list-semantic-memories handler maps payload keys to backend params","invocations":1,"location":null,"numPassingAsserts":2,"retryReasons":[],"status":"passed","title":"list-semantic-memories handler maps payload keys to backend params"},{"ancestorTitles":["local_backend_bridge RPC handlers"],"duration":1,"failureDetails":[],"failureMessages":[],"fullName":"local_backend_bridge RPC handlers get-conversation handler maps missing conversationId to null","invocations":1,"location":null,"numPassingAsserts":2,"retryReasons":[],"status":"passed","title":"get-conversation handler maps missing conversationId to null"},{"ancestorTitles":["local_backend_bridge RPC handlers"],"duration":1,"failureDetails":[],"failureMessages":[],"fullName":"local_backend_bridge RPC handlers delete-conversation handler maps payload keys to backend params","invocations":1,"location":null,"numPassingAsserts":2,"retryReasons":[],"status":"passed","title":"delete-conversation handler maps payload keys to backend params"},{"ancestorTitles":["local_backend_bridge RPC handlers"],"duration":3,"failureDetails":[],"failureMessages":[],"fullName":"local_backend_bridge RPC handlers delete-semantic-memory handler maps payload keys to backend params","invocations":1,"location":null,"numPassingAsserts":2,"retryReasons":[],"status":"passed","title":"delete-semantic-memory handler maps payload keys to backend params"},{"ancestorTitles":["local_backend_bridge RPC handlers"],"duration":2,"failureDetails":[],"failureMessages":[],"fullName":"local_backend_bridge RPC handlers store-transcript handler returns standardized error payload","invocations":1,"location":null,"numPassingAsserts":2,"retryReasons":[],"status":"passed","title":"store-transcript handler returns standardized error payload"},{"ancestorTitles":["local_backend_bridge RPC handlers"],"duration":1,"failureDetails":[],"failureMessages":[],"fullName":"local_backend_bridge RPC handlers store-memory handler maps payload keys to backend params","invocations":1,"location":null,"numPassingAsserts":2,"retryReasons":[],"status":"passed","title":"store-memory handler maps payload keys to backend params"}],"endTime":1771947742492,"message":"","name":"/mnt/E/Assistants/WindieOS_workspace/windieos/tests/frontend/LocalBackendBridge.rpc.test.cjs","startTime":1771947742390,"status":"passed","summary":""},{"assertionResults":[{"ancestorTitles":["ipc.cjs bridge lifecycle/config"],"duration":1,"failureDetails":[],"failureMessages":[],"fullName":"ipc.cjs bridge lifecycle/config sends handshake on websocket open with sanitized user_id","invocations":1,"location":null,"numPassingAsserts":3,"retryReasons":[],"status":"passed","title":"sends handshake on websocket open with sanitized user_id"},{"ancestorTitles":["ipc.cjs bridge lifecycle/config"],"duration":1,"failureDetails":[],"failureMessages":[],"fullName":"ipc.cjs bridge lifecycle/config switches response overlay phase to tool-call when backend emits tool-call","invocations":1,"location":null,"numPassingAsserts":1,"retryReasons":[],"status":"passed","title":"switches response overlay phase to tool-call when backend emits tool-call"},{"ancestorTitles":["ipc.cjs bridge lifecycle/config"],"duration":1,"failureDetails":[],"failureMessages":[],"fullName":"ipc.cjs bridge lifecycle/config switches response overlay phase back to awaiting-first-chunk after tool-output","invocations":1,"location":null,"numPassingAsserts":2,"retryReasons":[],"status":"passed","title":"switches response overlay phase back to awaiting-first-chunk after tool-output"},{"ancestorTitles":["ipc.cjs bridge lifecycle/config"],"duration":1,"failureDetails":[],"failureMessages":[],"fullName":"ipc.cjs bridge lifecycle/config ignores malformed to-backend event payloads without crashing","invocations":1,"location":null,"numPassingAsserts":2,"retryReasons":[],"status":"passed","title":"ignores malformed to-backend event payloads without crashing"},{"ancestorTitles":["ipc.cjs bridge lifecycle/config"],"duration":3,"failureDetails":[],"failureMessages":[],"fullName":"ipc.cjs bridge lifecycle/config handles query events with missing payload object without throwing","invocations":1,"location":null,"numPassingAsserts":3,"retryReasons":[],"status":"passed","title":"handles query events with missing payload object without throwing"},{"ancestorTitles":["ipc.cjs bridge lifecycle/config"],"duration":2,"failureDetails":[],"failureMessages":[],"fullName":"ipc.cjs bridge lifecycle/config uses BACKEND_HOST and BACKEND_PORT for websocket + http endpoint metadata","invocations":1,"location":null,"numPassingAsserts":3,"retryReasons":[],"status":"passed","title":"uses BACKEND_HOST and BACKEND_PORT for websocket + http endpoint metadata"},{"ancestorTitles":["ipc.cjs bridge lifecycle/config"],"duration":2,"failureDetails":[],"failureMessages":[],"fullName":"ipc.cjs bridge lifecycle/config derives websocket URL from BACKEND_HTTP_URL when explicit ws url is absent","invocations":1,"location":null,"numPassingAsserts":3,"retryReasons":[],"status":"passed","title":"derives websocket URL from BACKEND_HTTP_URL when explicit ws url is absent"},{"ancestorTitles":["ipc.cjs bridge lifecycle/config"],"duration":2,"failureDetails":[],"failureMessages":[],"fullName":"ipc.cjs bridge lifecycle/config load-frontend-config returns null when file missing","invocations":1,"location":null,"numPassingAsserts":1,"retryReasons":[],"status":"passed","title":"load-frontend-config returns null when file missing"},{"ancestorTitles":["ipc.cjs bridge lifecycle/config"],"duration":2,"failureDetails":[],"failureMessages":[],"fullName":"ipc.cjs bridge lifecycle/config load-frontend-config returns parsed config when file exists","invocations":1,"location":null,"numPassingAsserts":1,"retryReasons":[],"status":"passed","title":"load-frontend-config returns parsed config when file exists"},{"ancestorTitles":["ipc.cjs bridge lifecycle/config"],"duration":1,"failureDetails":[],"failureMessages":[],"fullName":"ipc.cjs bridge lifecycle/config load-frontend-config returns null for invalid JSON","invocations":1,"location":null,"numPassingAsserts":1,"retryReasons":[],"status":"passed","title":"load-frontend-config returns null for invalid JSON"},{"ancestorTitles":["ipc.cjs bridge lifecycle/config"],"duration":1,"failureDetails":[],"failureMessages":[],"fullName":"ipc.cjs bridge lifecycle/config load-frontend-config returns null for non-object payload","invocations":1,"location":null,"numPassingAsserts":1,"retryReasons":[],"status":"passed","title":"load-frontend-config returns null for non-object payload"},{"ancestorTitles":["ipc.cjs bridge lifecycle/config"],"duration":2,"failureDetails":[],"failureMessages":[],"fullName":"ipc.cjs bridge lifecycle/config save-frontend-config rejects invalid payload","invocations":1,"location":null,"numPassingAsserts":2,"retryReasons":[],"status":"passed","title":"save-frontend-config rejects invalid payload"},{"ancestorTitles":["ipc.cjs bridge lifecycle/config"],"duration":1,"failureDetails":[],"failureMessages":[],"fullName":"ipc.cjs bridge lifecycle/config save-frontend-config writes file and renames temp path","invocations":1,"location":null,"numPassingAsserts":4,"retryReasons":[],"status":"passed","title":"save-frontend-config writes file and renames temp path"}],"endTime":1771947742567,"message":"","name":"/mnt/E/Assistants/WindieOS_workspace/windieos/tests/frontend/IpcMainBridge.lifecycle.test.cjs","startTime":1771947742494,"status":"passed","summary":""},{"assertionResults":[{"ancestorTitles":["useChatMessageSender"],"duration":2,"failureDetails":[],"failureMessages":[],"fullName":"useChatMessageSender does not return to chatbox from main-window sends","invocations":1,"location":null,"numPassingAsserts":1,"retryReasons":[],"status":"passed","title":"does not return to chatbox from main-window sends"},{"ancestorTitles":["useChatMessageSender"],"duration":1,"failureDetails":[],"failureMessages":[],"fullName":"useChatMessageSender uses default options when omitted","invocations":1,"location":null,"numPassingAsserts":3,"retryReasons":[],"status":"passed","title":"uses default options when omitted"},{"ancestorTitles":["useChatMessageSender"],"duration":1,"failureDetails":[],"failureMessages":[],"fullName":"useChatMessageSender overlay-chatbox surface never switches windows by default","invocations":1,"location":null,"numPassingAsserts":1,"retryReasons":[],"status":"passed","title":"overlay-chatbox surface never switches windows by default"},{"ancestorTitles":["useChatMessageSender"],"duration":0,"failureDetails":[],"failureMessages":[],"fullName":"useChatMessageSender continues send flow when overlay return-to-chatbox invoke fails","invocations":1,"location":null,"numPassingAsserts":3,"retryReasons":[],"status":"passed","title":"continues send flow when overlay return-to-chatbox invoke fails"},{"ancestorTitles":["useChatMessageSender"],"duration":1,"failureDetails":[],"failureMessages":[],"fullName":"useChatMessageSender does not return to chatbox when screenshots are disabled even if requested","invocations":1,"location":null,"numPassingAsserts":1,"retryReasons":[],"status":"passed","title":"does not return to chatbox when screenshots are disabled even if requested"},{"ancestorTitles":["useChatMessageSender"],"duration":0,"failureDetails":[],"failureMessages":[],"fullName":"useChatMessageSender ignores explicit always return policy for main-window sends","invocations":1,"location":null,"numPassingAsserts":1,"retryReasons":[],"status":"passed","title":"ignores explicit always return policy for main-window sends"},{"ancestorTitles":["useChatMessageSender"],"duration":1,"failureDetails":[],"failureMessages":[],"fullName":"useChatMessageSender overlay surface honors explicit always return policy","invocations":1,"location":null,"numPassingAsserts":1,"retryReasons":[],"status":"passed","title":"overlay surface honors explicit always return policy"},{"ancestorTitles":["useChatMessageSender"],"duration":0,"failureDetails":[],"failureMessages":[],"fullName":"useChatMessageSender marks first user message capture path on first send","invocations":1,"location":null,"numPassingAsserts":1,"retryReasons":[],"status":"passed","title":"marks first user message capture path on first send"},{"ancestorTitles":["useChatMessageSender"],"duration":1,"failureDetails":[],"failureMessages":[],"fullName":"useChatMessageSender uses non-first capture path when user message already exists","invocations":1,"location":null,"numPassingAsserts":1,"retryReasons":[],"status":"passed","title":"uses non-first capture path when user message already exists"},{"ancestorTitles":["useChatMessageSender"],"duration":4,"failureDetails":[],"failureMessages":[],"fullName":"useChatMessageSender skips screenshot capture when include_query_screenshot is disabled","invocations":1,"location":null,"numPassingAsserts":4,"retryReasons":[],"status":"passed","title":"skips screenshot capture when include_query_screenshot is disabled"},{"ancestorTitles":["useChatMessageSender"],"duration":2,"failureDetails":[],"failureMessages":[],"fullName":"useChatMessageSender skips screenshot capture for main-window sends","invocations":1,"location":null,"numPassingAsserts":4,"retryReasons":[],"status":"passed","title":"skips screenshot capture for main-window sends"},{"ancestorTitles":["useChatMessageSender"],"duration":0,"failureDetails":[],"failureMessages":[],"fullName":"useChatMessageSender calls stopPlayback when provided","invocations":1,"location":null,"numPassingAsserts":1,"retryReasons":[],"status":"passed","title":"calls stopPlayback when provided"},{"ancestorTitles":["useChatMessageSender"],"duration":1,"failureDetails":[],"failureMessages":[],"fullName":"useChatMessageSender continues sending query when screenshot capture fails","invocations":1,"location":null,"numPassingAsserts":4,"retryReasons":[],"status":"passed","title":"continues sending query when screenshot capture fails"},{"ancestorTitles":["useChatMessageSender"],"duration":1,"failureDetails":[],"failureMessages":[],"fullName":"useChatMessageSender continues sending query when artifact upload fails","invocations":1,"location":null,"numPassingAsserts":4,"retryReasons":[],"status":"passed","title":"continues sending query when artifact upload fails"},{"ancestorTitles":["useChatMessageSender"],"duration":0,"failureDetails":[],"failureMessages":[],"fullName":"useChatMessageSender sends uploaded screenshot refs to backend and updates message attachment","invocations":1,"location":null,"numPassingAsserts":6,"retryReasons":[],"status":"passed","title":"sends uploaded screenshot refs to backend and updates message attachment"},{"ancestorTitles":["useChatMessageSender"],"duration":1,"failureDetails":[],"failureMessages":[],"fullName":"useChatMessageSender resets sending state and appends error message when send fails","invocations":1,"location":null,"numPassingAsserts":3,"retryReasons":[],"status":"passed","title":"resets sending state and appends error message when send fails"},{"ancestorTitles":["useChatMessageSender"],"duration":1,"failureDetails":[],"failureMessages":[],"fullName":"useChatMessageSender reuses existing conversation ref without generating a new one","invocations":1,"location":null,"numPassingAsserts":4,"retryReasons":[],"status":"passed","title":"reuses existing conversation ref without generating a new one"}],"endTime":1771947742659,"message":"","name":"/mnt/E/Assistants/WindieOS_workspace/windieos/tests/frontend/ChatMessageSender.test.tsx","startTime":1771947742571,"status":"passed","summary":""},{"assertionResults":[{"ancestorTitles":["ThinkingDisplay"],"duration":2,"failureDetails":[],"failureMessages":[],"fullName":"ThinkingDisplay renders nothing for empty status","invocations":1,"location":null,"numPassingAsserts":1,"retryReasons":[],"status":"passed","title":"renders nothing for empty status"},{"ancestorTitles":["ThinkingDisplay"],"duration":3,"failureDetails":[],"failureMessages":[],"fullName":"ThinkingDisplay renders transparent reasoning stream text","invocations":1,"location":null,"numPassingAsserts":2,"retryReasons":[],"status":"passed","title":"renders transparent reasoning stream text"},{"ancestorTitles":["ThinkingDisplay"],"duration":4,"failureDetails":[],"failureMessages":[],"fullName":"ThinkingDisplay shows top overflow affordance when stream is scrolled above bottom","invocations":1,"location":null,"numPassingAsserts":2,"retryReasons":[],"status":"passed","title":"shows top overflow affordance when stream is scrolled above bottom"}],"endTime":1771947742727,"message":"","name":"/mnt/E/Assistants/WindieOS_workspace/windieos/tests/frontend/ThinkingDisplay.test.jsx","startTime":1771947742663,"status":"passed","summary":""},{"assertionResults":[{"ancestorTitles":["useToolRunner callback wiring"],"duration":2,"failureDetails":[],"failureMessages":[],"fullName":"useToolRunner callback wiring wires service callbacks to chat store and backend sender","invocations":1,"location":null,"numPassingAsserts":4,"retryReasons":[],"status":"passed","title":"wires service callbacks to chat store and backend sender"},{"ancestorTitles":["useToolRunner callback wiring"],"duration":1,"failureDetails":[],"failureMessages":[],"fullName":"useToolRunner callback wiring writes bundled tool results via onBundleResult callback","invocations":1,"location":null,"numPassingAsserts":2,"retryReasons":[],"status":"passed","title":"writes bundled tool results via onBundleResult callback"},{"ancestorTitles":["useToolRunner callback wiring"],"duration":1,"failureDetails":[],"failureMessages":[],"fullName":"useToolRunner callback wiring uses latest model metadata without recreating the tool execution service","invocations":1,"location":null,"numPassingAsserts":3,"retryReasons":[],"status":"passed","title":"uses latest model metadata without recreating the tool execution service"},{"ancestorTitles":["useToolRunner callback wiring"],"duration":6,"failureDetails":[],"failureMessages":[],"fullName":"useToolRunner callback wiring drops late tool results after active turn is stopped/completed","invocations":1,"location":null,"numPassingAsserts":3,"retryReasons":[],"status":"passed","title":"drops late tool results after active turn is stopped/completed"}],"endTime":1771947742820,"message":"","name":"/mnt/E/Assistants/WindieOS_workspace/windieos/tests/frontend/ToolRunnerHook.callbacks.test.ts","startTime":1771947742732,"status":"passed","summary":""},{"assertionResults":[{"ancestorTitles":["AppConfigContext"],"duration":18,"failureDetails":[],"failureMessages":[],"fullName":"AppConfigContext useAppConfigContext throws outside AppConfigProvider","invocations":1,"location":null,"numPassingAsserts":1,"retryReasons":[],"status":"passed","title":"useAppConfigContext throws outside AppConfigProvider"},{"ancestorTitles":["AppConfigContext"],"duration":1,"failureDetails":[],"failureMessages":[],"fullName":"AppConfigContext useAppConfigContext returns context value when provider exists","invocations":1,"location":null,"numPassingAsserts":1,"retryReasons":[],"status":"passed","title":"useAppConfigContext returns context value when provider exists"}],"endTime":1771947742900,"message":"","name":"/mnt/E/Assistants/WindieOS_workspace/windieos/tests/frontend/AppConfigContext.test.tsx","startTime":1771947742827,"status":"passed","summary":""},{"assertionResults":[{"ancestorTitles":["useChatStream transcript + event filtering"],"duration":2,"failureDetails":[],"failureMessages":[],"fullName":"useChatStream transcript + event filtering uses latest model metadata without re-subscribing backend listener","invocations":1,"location":null,"numPassingAsserts":4,"retryReasons":[],"status":"passed","title":"uses latest model metadata without re-subscribing backend listener"},{"ancestorTitles":["useChatStream transcript + event filtering"],"duration":1,"failureDetails":[],"failureMessages":[],"fullName":"useChatStream transcript + event filtering writes tool-output transcript with correlation fallback from metadata","invocations":1,"location":null,"numPassingAsserts":3,"retryReasons":[],"status":"passed","title":"writes tool-output transcript with correlation fallback from metadata"},{"ancestorTitles":["useChatStream transcript + event filtering"],"duration":1,"failureDetails":[],"failureMessages":[],"fullName":"useChatStream transcript + event filtering streaming-complete marks assistant message complete and records transcript","invocations":1,"location":null,"numPassingAsserts":3,"retryReasons":[],"status":"passed","title":"streaming-complete marks assistant message complete and records transcript"},{"ancestorTitles":["useChatStream transcript + event filtering"],"duration":0,"failureDetails":[],"failureMessages":[],"fullName":"useChatStream transcript + event filtering does not write transcript entries when transcript is disabled","invocations":1,"location":null,"numPassingAsserts":3,"retryReasons":[],"status":"passed","title":"does not write transcript entries when transcript is disabled"},{"ancestorTitles":["useChatStream transcript + event filtering"],"duration":1,"failureDetails":[],"failureMessages":[],"fullName":"useChatStream transcript + event filtering handles tool-bundle events and records transcript metadata","invocations":1,"location":null,"numPassingAsserts":3,"retryReasons":[],"status":"passed","title":"handles tool-bundle events and records transcript metadata"},{"ancestorTitles":["useChatStream transcript + event filtering"],"duration":0,"failureDetails":[],"failureMessages":[],"fullName":"useChatStream transcript + event filtering ignores non-backend events entirely","invocations":1,"location":null,"numPassingAsserts":2,"retryReasons":[],"status":"passed","title":"ignores non-backend events entirely"},{"ancestorTitles":["useChatStream transcript + event filtering"],"duration":1,"failureDetails":[],"failureMessages":[],"fullName":"useChatStream transcript + event filtering updates transcript session on each valid backend event when enabled","invocations":1,"location":null,"numPassingAsserts":2,"retryReasons":[],"status":"passed","title":"updates transcript session on each valid backend event when enabled"},{"ancestorTitles":["useChatStream transcript + event filtering"],"duration":0,"failureDetails":[],"failureMessages":[],"fullName":"useChatStream transcript + event filtering ignores stale events when conversation_ref does not match active conversation","invocations":1,"location":null,"numPassingAsserts":3,"retryReasons":[],"status":"passed","title":"ignores stale events when conversation_ref does not match active conversation"},{"ancestorTitles":["useChatStream transcript + event filtering"],"duration":1,"failureDetails":[],"failureMessages":[],"fullName":"useChatStream transcript + event filtering still processes events that omit conversation_ref for compatibility","invocations":1,"location":null,"numPassingAsserts":3,"retryReasons":[],"status":"passed","title":"still processes events that omit conversation_ref for compatibility"},{"ancestorTitles":["useChatStream transcript + event filtering"],"duration":0,"failureDetails":[],"failureMessages":[],"fullName":"useChatStream transcript + event filtering preserves transcript session refs when backend event omits conversation and user ids","invocations":1,"location":null,"numPassingAsserts":3,"retryReasons":[],"status":"passed","title":"preserves transcript session refs when backend event omits conversation and user ids"}],"endTime":1771947742982,"message":"","name":"/mnt/E/Assistants/WindieOS_workspace/windieos/tests/frontend/ChatStreamThinkingStatus.transcript.test.tsx","startTime":1771947742904,"status":"passed","summary":""},{"assertionResults":[{"ancestorTitles":["AppProvider"],"duration":3,"failureDetails":[],"failureMessages":[],"fullName":"AppProvider registers save-status callback with status provider","invocations":1,"location":null,"numPassingAsserts":1,"retryReasons":[],"status":"passed","title":"registers save-status callback with status provider"},{"ancestorTitles":["AppProvider"],"duration":8,"failureDetails":[],"failureMessages":[],"fullName":"AppProvider shift+tab toggles interaction mode","invocations":1,"location":null,"numPassingAsserts":3,"retryReasons":[],"status":"passed","title":"shift+tab toggles interaction mode"},{"ancestorTitles":["AppProvider"],"duration":1,"failureDetails":[],"failureMessages":[],"fullName":"AppProvider does not rebind keydown listener on rerender","invocations":1,"location":null,"numPassingAsserts":2,"retryReasons":[],"status":"passed","title":"does not rebind keydown listener on rerender"},{"ancestorTitles":["AppProvider"],"duration":0,"failureDetails":[],"failureMessages":[],"fullName":"AppProvider ignores keydown events that do not match shift+tab shortcut","invocations":1,"location":null,"numPassingAsserts":2,"retryReasons":[],"status":"passed","title":"ignores keydown events that do not match shift+tab shortcut"},{"ancestorTitles":["AppProvider"],"duration":1,"failureDetails":[],"failureMessages":[],"fullName":"AppProvider does not attempt mode toggle when updateConfig is not a function","invocations":1,"location":null,"numPassingAsserts":2,"retryReasons":[],"status":"passed","title":"does not attempt mode toggle when updateConfig is not a function"},{"ancestorTitles":["AppProvider"],"duration":0,"failureDetails":[],"failureMessages":[],"fullName":"AppProvider handles missing registerSaveStatusCallback without throwing","invocations":1,"location":null,"numPassingAsserts":1,"retryReasons":[],"status":"passed","title":"handles missing registerSaveStatusCallback without throwing"},{"ancestorTitles":["AppProvider"],"duration":1,"failureDetails":[],"failureMessages":[],"fullName":"AppProvider uses fallback chat mode when config is null","invocations":1,"location":null,"numPassingAsserts":1,"retryReasons":[],"status":"passed","title":"uses fallback chat mode when config is null"},{"ancestorTitles":["AppProvider"],"duration":1,"failureDetails":[],"failureMessages":[],"fullName":"AppProvider ignores shift+tab shortcut when typing inside editable elements","invocations":1,"location":null,"numPassingAsserts":3,"retryReasons":[],"status":"passed","title":"ignores shift+tab shortcut when typing inside editable elements"}],"endTime":1771947743073,"message":"","name":"/mnt/E/Assistants/WindieOS_workspace/windieos/tests/frontend/AppProvider.test.tsx","startTime":1771947742986,"status":"passed","summary":""},{"assertionResults":[{"ancestorTitles":["useTranscription"],"duration":1,"failureDetails":[],"failureMessages":[],"fullName":"useTranscription replaces prior transcription chunk instead of appending","invocations":1,"location":null,"numPassingAsserts":2,"retryReasons":[],"status":"passed","title":"replaces prior transcription chunk instead of appending"},{"ancestorTitles":["useTranscription"],"duration":1,"failureDetails":[],"failureMessages":[],"fullName":"useTranscription invalidates transcription region when user edits inside it","invocations":1,"location":null,"numPassingAsserts":3,"retryReasons":[],"status":"passed","title":"invalidates transcription region when user edits inside it"},{"ancestorTitles":["useTranscription"],"duration":1,"failureDetails":[],"failureMessages":[],"fullName":"useTranscription handles paste input and prevents default browser behavior","invocations":1,"location":null,"numPassingAsserts":3,"retryReasons":[],"status":"passed","title":"handles paste input and prevents default browser behavior"},{"ancestorTitles":["useTranscription"],"duration":0,"failureDetails":[],"failureMessages":[],"fullName":"useTranscription invalidates transcription region when input change cursor is null","invocations":1,"location":null,"numPassingAsserts":2,"retryReasons":[],"status":"passed","title":"invalidates transcription region when input change cursor is null"},{"ancestorTitles":["useTranscription"],"duration":1,"failureDetails":[],"failureMessages":[],"fullName":"useTranscription invalidates transcription region when paste cursor is null","invocations":1,"location":null,"numPassingAsserts":3,"retryReasons":[],"status":"passed","title":"invalidates transcription region when paste cursor is null"}],"endTime":1771947743139,"message":"","name":"/mnt/E/Assistants/WindieOS_workspace/windieos/tests/frontend/TranscriptionHook.test.ts","startTime":1771947743076,"status":"passed","summary":""},{"assertionResults":[{"ancestorTitles":["TranscriptWriter session lifecycle"],"duration":1,"failureDetails":[],"failureMessages":[],"fullName":"TranscriptWriter session lifecycle loads session info from sessionStorage","invocations":1,"location":null,"numPassingAsserts":1,"retryReasons":[],"status":"passed","title":"loads session info from sessionStorage"},{"ancestorTitles":["TranscriptWriter session lifecycle"],"duration":5,"failureDetails":[],"failureMessages":[],"fullName":"TranscriptWriter session lifecycle emits transcript-session-update event and persists session info on update","invocations":1,"location":null,"numPassingAsserts":2,"retryReasons":[],"status":"passed","title":"emits transcript-session-update event and persists session info on update"},{"ancestorTitles":["TranscriptWriter session lifecycle"],"duration":2,"failureDetails":[],"failureMessages":[],"fullName":"TranscriptWriter session lifecycle skips redundant persistence and session-update events when session info is unchanged","invocations":1,"location":null,"numPassingAsserts":2,"retryReasons":[],"status":"passed","title":"skips redundant persistence and session-update events when session info is unchanged"},{"ancestorTitles":["TranscriptWriter session lifecycle"],"duration":1,"failureDetails":[],"failureMessages":[],"fullName":"TranscriptWriter session lifecycle preserves stored conversation ref when update only provides user id","invocations":1,"location":null,"numPassingAsserts":1,"retryReasons":[],"status":"passed","title":"preserves stored conversation ref when update only provides user id"},{"ancestorTitles":["TranscriptWriter session lifecycle"],"duration":1,"failureDetails":[],"failureMessages":[],"fullName":"TranscriptWriter session lifecycle setActiveConversationRef update
[...]
sserts":3,"retryReasons":[],"status":"passed","title":"loadConfigFromStorage clears non-object payloads"},{"ancestorTitles":["configStorage"],"duration":0,"failureDetails":[],"failureMessages":[],"fullName":"configStorage saveConfigToStorage rejects invalid payloads","invocations":1,"location":null,"numPassingAsserts":2,"retryReasons":[],"status":"passed","title":"saveConfigToStorage rejects invalid payloads"},{"ancestorTitles":["configStorage"],"duration":0,"failureDetails":[],"failureMessages":[],"fullName":"configStorage saveConfigToStorage persists config and version","invocations":1,"location":null,"numPassingAsserts":3,"retryReasons":[],"status":"passed","title":"saveConfigToStorage persists config and version"},{"ancestorTitles":["configStorage"],"duration":0,"failureDetails":[],"failureMessages":[],"fullName":"configStorage saveConfigToStorage uses Date.now when version omitted","invocations":1,"location":null,"numPassingAsserts":2,"retryReasons":[],"status":"passed","title":"saveConfigToStorage uses Date.now when version omitted"},{"ancestorTitles":["configStorage"],"duration":0,"failureDetails":[],"failureMessages":[],"fullName":"configStorage saveConfigToStorage uses Date.now when version is null","invocations":1,"location":null,"numPassingAsserts":2,"retryReasons":[],"status":"passed","title":"saveConfigToStorage uses Date.now when version is null"},{"ancestorTitles":["configStorage"],"duration":0,"failureDetails":[],"failureMessages":[],"fullName":"configStorage saveConfigToStorage returns false when storage write throws","invocations":1,"location":null,"numPassingAsserts":1,"retryReasons":[],"status":"passed","title":"saveConfigToStorage returns false when storage write throws"}],"endTime":1771947746821,"message":"","name":"/mnt/E/Assistants/WindieOS_workspace/windieos/tests/frontend/configStorage.test.js","startTime":1771947746762,"status":"passed","summary":""},{"assertionResults":[{"ancestorTitles":["pendingUserQueue"],"duration":1,"failureDetails":[],"failureMessages":[],"fullName":"pendingUserQueue enqueues pending user messages and drains in insertion order","invocations":1,"location":null,"numPassingAsserts":3,"retryReasons":[],"status":"passed","title":"enqueues pending user messages and drains in insertion order"},{"ancestorTitles":["pendingUserQueue"],"duration":0,"failureDetails":[],"failureMessages":[],"fullName":"pendingUserQueue drain returns empty array when queue is empty","invocations":1,"location":null,"numPassingAsserts":1,"retryReasons":[],"status":"passed","title":"drain returns empty array when queue is empty"},{"ancestorTitles":["pendingUserQueue"],"duration":0,"failureDetails":[],"failureMessages":[],"fullName":"pendingUserQueue drained array mutation does not re-populate queue","invocations":1,"location":null,"numPassingAsserts":2,"retryReasons":[],"status":"passed","title":"drained array mutation does not re-populate queue"}],"endTime":1771947746891,"message":"","name":"/mnt/E/Assistants/WindieOS_workspace/windieos/tests/frontend/TranscriptPendingQueue.test.ts","startTime":1771947746830,"status":"passed","summary":""},{"assertionResults":[{"ancestorTitles":["ToolExecutionInvoker"],"duration":1,"failureDetails":[],"failureMessages":[],"fullName":"ToolExecutionInvoker injects display bounds for screenshot tool","invocations":1,"location":null,"numPassingAsserts":1,"retryReasons":[],"status":"passed","title":"injects display bounds for screenshot tool"},{"ancestorTitles":["ToolExecutionInvoker"],"duration":0,"failureDetails":[],"failureMessages":[],"fullName":"ToolExecutionInvoker does not inject display bounds for other tools","invocations":1,"location":null,"numPassingAsserts":1,"retryReasons":[],"status":"passed","title":"does not inject display bounds for other tools"},{"ancestorTitles":["ToolExecutionInvoker"],"duration":1,"failureDetails":[],"failureMessages":[],"fullName":"ToolExecutionInvoker normalizes screenshot args to object when args is null","invocations":1,"location":null,"numPassingAsserts":1,"retryReasons":[],"status":"passed","title":"normalizes screenshot args to object when args is null"},{"ancestorTitles":["ToolExecutionInvoker"],"duration":0,"failureDetails":[],"failureMessages":[],"fullName":"ToolExecutionInvoker normalizes screenshot args to object before injecting display bounds","invocations":1,"location":null,"numPassingAsserts":1,"retryReasons":[],"status":"passed","title":"normalizes screenshot args to object before injecting display bounds"}],"endTime":1771947746950,"message":"","name":"/mnt/E/Assistants/WindieOS_workspace/windieos/tests/frontend/ToolExecutionInvoker.test.ts","startTime":1771947746895,"status":"passed","summary":""},{"assertionResults":[{"ancestorTitles":["PlayerService"],"duration":0,"failureDetails":[],"failureMessages":[],"fullName":"PlayerService starts playback when first chunk is enqueued","invocations":1,"location":null,"numPassingAsserts":3,"retryReasons":[],"status":"passed","title":"starts playback when first chunk is enqueued"},{"ancestorTitles":["PlayerService"],"duration":1,"failureDetails":[],"failureMessages":[],"fullName":"PlayerService plays queued chunks sequentially after source end","invocations":1,"location":null,"numPassingAsserts":2,"retryReasons":[],"status":"passed","title":"plays queued chunks sequentially after source end"},{"ancestorTitles":["PlayerService"],"duration":0,"failureDetails":[],"failureMessages":[],"fullName":"PlayerService stopPlayback stops active source and prevents stale onended from continuing playback","invocations":1,"location":null,"numPassingAsserts":4,"retryReasons":[],"status":"passed","title":"stopPlayback stops active source and prevents stale onended from continuing playback"},{"ancestorTitles":["PlayerService"],"duration":0,"failureDetails":[],"failureMessages":[],"fullName":"PlayerService ignores stored onended callback after playback generation changes","invocations":1,"location":null,"numPassingAsserts":1,"retryReasons":[],"status":"passed","title":"ignores stored onended callback after playback generation changes"},{"ancestorTitles":["PlayerService"],"duration":0,"failureDetails":[],"failureMessages":[],"fullName":"PlayerService cleanup closes audio context","invocations":1,"location":null,"numPassingAsserts":1,"retryReasons":[],"status":"passed","title":"cleanup closes audio context"},{"ancestorTitles":["PlayerService"],"duration":1,"failureDetails":[],"failureMessages":[],"fullName":"PlayerService handles suspended audio context resume rejection without crashing playback","invocations":1,"location":null,"numPassingAsserts":1,"retryReasons":[],"status":"passed","title":"handles suspended audio context resume rejection without crashing playback"},{"ancestorTitles":["PlayerService"],"duration":0,"failureDetails":[],"failureMessages":[],"fullName":"PlayerService marks player idle when active source finishes and queue is empty","invocations":1,"location":null,"numPassingAsserts":2,"retryReasons":[],"status":"passed","title":"marks player idle when active source finishes and queue is empty"},{"ancestorTitles":["PlayerService"],"duration":0,"failureDetails":[],"failureMessages":[],"fullName":"PlayerService stopPlayback swallows source stop/disconnect and context close errors","invocations":1,"location":null,"numPassingAsserts":2,"retryReasons":[],"status":"passed","title":"stopPlayback swallows source stop/disconnect and context close errors"},{"ancestorTitles":["PlayerService"],"duration":0,"failureDetails":[],"failureMessages":[],"fullName":"PlayerService continues to next chunk when source start throws during playback","invocations":1,"location":null,"numPassingAsserts":2,"retryReasons":[],"status":"passed","title":"continues to next chunk when source start throws during playback"}],"endTime":1771947746999,"message":"","name":"/mnt/E/Assistants/WindieOS_workspace/windieos/tests/frontend/PlayerService.test.ts","startTime":1771947746954,"status":"passed","summary":""},{"assertionResults":[{"ancestorTitles":["chatStreamFormatting utils"],"duration":1,"failureDetails":[],"failureMessages":[],"fullName":"chatStreamFormatting utils trims thinking status to max window while appending chunks","invocations":1,"location":null,"numPassingAsserts":2,"retryReasons":[],"status":"passed","title":"trims thinking status to max window while appending chunks"},{"ancestorTitles":["chatStreamFormatting utils"],"duration":0,"failureDetails":[],"failureMessages":[],"fullName":"chatStreamFormatting utils buildThinkingStatus handles null inputs safely","invocations":1,"location":null,"numPassingAsserts":2,"retryReasons":[],"status":"passed","title":"buildThinkingStatus handles null inputs safely"},{"ancestorTitles":["chatStreamFormatting utils"],"duration":0,"failureDetails":[],"failureMessages":[],"fullName":"chatStreamFormatting utils formats tool call payload into canonical name/args object","invocations":1,"location":null,"numPassingAsserts":1,"retryReasons":[],"status":"passed","title":"formats tool call payload into canonical name/args object"},{"ancestorTitles":["chatStreamFormatting utils"],"duration":0,"failureDetails":[],"failureMessages":[],"fullName":"chatStreamFormatting utils formats undefined tool call payload as empty object","invocations":1,"location":null,"numPassingAsserts":1,"retryReasons":[],"status":"passed","title":"formats undefined tool call payload as empty object"},{"ancestorTitles":["chatStreamFormatting utils"],"duration":0,"failureDetails":[],"failureMessages":[],"fullName":"chatStreamFormatting utils formats bundle payload with default empty tools list","invocations":1,"location":null,"numPassingAsserts":1,"retryReasons":[],"status":"passed","title":"formats bundle payload with default empty tools list"},{"ancestorTitles":["chatStreamFormatting utils"],"duration":0,"failureDetails":[],"failureMessages":[],"fullName":"chatStreamFormatting utils formats bundle payload with explicit tools list","invocations":1,"location":null,"numPassingAsserts":1,"retryReasons":[],"status":"passed","title":"formats bundle payload with explicit tools list"},{"ancestorTitles":["chatStreamFormatting utils"],"duration":0,"failureDetails":[],"failureMessages":[],"fullName":"chatStreamFormatting utils formats tool output error and success payloads","invocations":1,"location":null,"numPassingAsserts":3,"retryReasons":[],"status":"passed","title":"formats tool output error and success payloads"}],"endTime":1771947747062,"message":"","name":"/mnt/E/Assistants/WindieOS_workspace/windieos/tests/frontend/ChatStreamFormatting.test.ts","startTime":1771947747002,"status":"passed","summary":""},{"assertionResults":[{"ancestorTitles":["chatMessageSenderUtils"],"duration":1,"failureDetails":[],"failureMessages":[],"fullName":"chatMessageSenderUtils hasUserMessages detects whether user messages exist","invocations":1,"location":null,"numPassingAsserts":2,"retryReasons":[],"status":"passed","title":"hasUserMessages detects whether user messages exist"},{"ancestorTitles":["chatMessageSenderUtils"],"duration":0,"failureDetails":[],"failureMessages":[],"fullName":"chatMessageSenderUtils buildPendingUserMessage creates user message with empty screenshot payload","invocations":1,"location":null,"numPassingAsserts":1,"retryReasons":[],"status":"passed","title":"buildPendingUserMessage creates user message with empty screenshot payload"},{"ancestorTitles":["chatMessageSenderUtils"],"duration":0,"failureDetails":[],"failureMessages":[],"fullName":"chatMessageSenderUtils buildArtifactUploadMeta normalizes content type and extension","invocations":1,"location":null,"numPassingAsserts":2,"retryReasons":[],"status":"passed","title":"buildArtifactUploadMeta normalizes content type and extension"},{"ancestorTitles":["chatMessageSenderUtils"],"duration":0,"failureDetails":[],"failureMessages":[],"fullName":"chatMessageSenderUtils toScreenshotAttachment maps uploaded artifact values and defaults to nulls","invocations":1,"location":null,"numPassingAsserts":2,"retryReasons":[],"status":"passed","title":"toScreenshotAttachment maps uploaded artifact values and defaults to nulls"}],"endTime":1771947747130,"message":"","name":"/mnt/E/Assistants/WindieOS_workspace/windieos/tests/frontend/ChatMessageSenderUtils.test.ts","startTime":1771947747070,"status":"passed","summary":""},{"assertionResults":[{"ancestorTitles":["activeWindowContext"],"duration":1,"failureDetails":[],"failureMessages":[],"fullName":"activeWindowContext returns default context when input is missing","invocations":1,"location":null,"numPassingAsserts":1,"retryReasons":[],"status":"passed","title":"returns default context when input is missing"},{"ancestorTitles":["activeWindowContext"],"duration":0,"failureDetails":[],"failureMessages":[],"fullName":"activeWindowContext maps browser windows to browser context","invocations":1,"location":null,"numPassingAsserts":1,"retryReasons":[],"status":"passed","title":"maps browser windows to browser context"},{"ancestorTitles":["activeWindowContext"],"duration":0,"failureDetails":[],"failureMessages":[],"fullName":"activeWindowContext maps editor windows to code context","invocations":1,"location":null,"numPassingAsserts":1,"retryReasons":[],"status":"passed","title":"maps editor windows to code context"},{"ancestorTitles":["activeWindowContext"],"duration":0,"failureDetails":[],"failureMessages":[],"fullName":"activeWindowContext maps edge windows to edge context","invocations":1,"location":null,"numPassingAsserts":1,"retryReasons":[],"status":"passed","title":"maps edge windows to edge context"},{"ancestorTitles":["activeWindowContext"],"duration":1,"failureDetails":[],"failureMessages":[],"fullName":"activeWindowContext falls back to compact app segment and icon initials","invocations":1,"location":null,"numPassingAsserts":1,"retryReasons":[],"status":"passed","title":"falls back to compact app segment and icon initials"}],"endTime":1771947747191,"message":"","name":"/mnt/E/Assistants/WindieOS_workspace/windieos/tests/frontend/ActiveWindowContext.test.js","startTime":1771947747133,"status":"passed","summary":""},{"assertionResults":[{"ancestorTitles":["ToolExecutionPayloads"],"duration":0,"failureDetails":[],"failureMessages":[],"fullName":"ToolExecutionPayloads buildToolResultPayloadData strips raw screenshot payload fields for non-computer tools","invocations":1,"location":null,"numPassingAsserts":1,"retryReasons":[],"status":"passed","title":"buildToolResultPayloadData strips raw screenshot payload fields for non-computer tools"},{"ancestorTitles":["ToolExecutionPayloads"],"duration":0,"failureDetails":[],"failureMessages":[],"fullName":"ToolExecutionPayloads buildToolResultPayloadData includes screenshot_ref for computer-use tools and overrides with uploaded artifact id","invocations":1,"location":null,"numPassingAsserts":1,"retryReasons":[],"status":"passed","title":"buildToolResultPayloadData includes screenshot_ref for computer-use tools and overrides with uploaded artifact id"},{"ancestorTitles":["ToolExecutionPayloads"],"duration":0,"failureDetails":[],"failureMessages":[],"fullName":"ToolExecutionPayloads buildToolResultPayloadData includes system_state with fallback values when requested","invocations":1,"location":null,"numPassingAsserts":1,"retryReasons":[],"status":"passed","title":"buildToolResultPayloadData includes system_state with fallback values when requested"},{"ancestorTitles":["ToolExecutionPayloads"],"duration":1,"failureDetails":[],"failureMessages":[],"fullName":"ToolExecutionPayloads buildToolResultPayloadData keeps screen_resolution in internal runtime state only","invocations":1,"location":null,"numPassingAsserts":1,"retryReasons":[],"status":"passed","title":"buildToolResultPayloadData keeps screen_resolution in internal runtime state only"},{"ancestorTitles":["ToolExecutionPayloads"],"duration":0,"failureDetails":[],"failureMessages":[],"fullName":"ToolExecutionPayloads resolveBundleStatus returns success/partial/failure states","invocations":1,"location":null,"numPassingAsserts":3,"retryReasons":[],"status":"passed","title":"resolveBundleStatus returns success/partial/failure states"},{"ancestorTitles":["ToolExecutionPayloads"],"duration":0,"failureDetails":[],"failureMessages":[],"fullName":"ToolExecutionPayloads normalizes bundle step results and converts to bundle execution result shape","invocations":1,"location":null,"numPassingAsserts":2,"retryReasons":[],"status":"passed","title":"normalizes bundle step results and converts to bundle execution result shape"},{"ancestorTitles":["ToolExecutionPayloads"],"duration":0,"failureDetails":[],"failureMessages":[],"fullName":"ToolExecutionPayloads resolveBundleErrorMessage returns only failure-level errors","invocations":1,"location":null,"numPassingAsserts":3,"retryReasons":[],"status":"passed","title":"resolveBundleErrorMessage returns only failure-level errors"}],"endTime":1771947747253,"message":"","name":"/mnt/E/Assistants/WindieOS_workspace/windieos/tests/frontend/ToolExecutionPayloads.test.ts","startTime":1771947747195,"status":"passed","summary":""},{"assertionResults":[{"ancestorTitles":["hasShallowConfigChanges"],"duration":0,"failureDetails":[],"failureMessages":[],"fullName":"hasShallowConfigChanges returns false when shallow config values are identical","invocations":1,"location":null,"numPassingAsserts":1,"retryReasons":[],"status":"passed","title":"returns false when shallow config values are identical"},{"ancestorTitles":["hasShallowConfigChanges"],"duration":0,"failureDetails":[],"failureMessages":[],"fullName":"hasShallowConfigChanges returns true when a value changes","invocations":1,"location":null,"numPassingAsserts":1,"retryReasons":[],"status":"passed","title":"returns true when a value changes"},{"ancestorTitles":["hasShallowConfigChanges"],"duration":0,"failureDetails":[],"failureMessages":[],"fullName":"hasShallowConfigChanges returns true when a key is removed","invocations":1,"location":null,"numPassingAsserts":1,"retryReasons":[],"status":"passed","title":"returns true when a key is removed"},{"ancestorTitles":["hasShallowConfigChanges"],"duration":0,"failureDetails":[],"failureMessages":[],"fullName":"hasShallowConfigChanges returns true when a key is added","invocations":1,"location":null,"numPassingAsserts":1,"retryReasons":[],"status":"passed","title":"returns true when a key is added"},{"ancestorTitles":["hasShallowConfigChanges"],"duration":1,"failureDetails":[],"failureMessages":[],"fullName":"hasShallowConfigChanges handles nullish configs","invocations":1,"location":null,"numPassingAsserts":3,"retryReasons":[],"status":"passed","title":"handles nullish configs"}],"endTime":1771947747316,"message":"","name":"/mnt/E/Assistants/WindieOS_workspace/windieos/tests/frontend/ConfigComparison.test.ts","startTime":1771947747257,"status":"passed","summary":""},{"assertionResults":[{"ancestorTitles":["ArtifactImageUtils"],"duration":1,"failureDetails":[],"failureMessages":[],"fullName":"ArtifactImageUtils normalizes image content type with jpeg fallback","invocations":1,"location":null,"numPassingAsserts":4,"retryReasons":[],"status":"passed","title":"normalizes image content type with jpeg fallback"},{"ancestorTitles":["ArtifactImageUtils"],"duration":0,"failureDetails":[],"failureMessages":[],"fullName":"ArtifactImageUtils normalizes png content type","invocations":1,"location":null,"numPassingAsserts":2,"retryReasons":[],"status":"passed","title":"normalizes png content type"},{"ancestorTitles":["ArtifactImageUtils"],"duration":0,"failureDetails":[],"failureMessages":[],"fullName":"ArtifactImageUtils resolves extension from normalized content type","invocations":1,"location":null,"numPassingAsserts":3,"retryReasons":[],"status":"passed","title":"resolves extension from normalized content type"}],"endTime":1771947747368,"message":"","name":"/mnt/E/Assistants/WindieOS_workspace/windieos/tests/frontend/ArtifactImageUtils.test.ts","startTime":1771947747324,"status":"passed","summary":""}],"wasInterrupted":false}
