{"numFailedTestSuites":0,"numFailedTests":0,"numPassedTestSuites":1,"numPassedTests":14,"numPendingTestSuites":0,"numPendingTests":0,"numRuntimeErrorTestSuites":0,"numTodoTests":0,"numTotalTestSuites":1,"numTotalTests":14,"openHandles":[],"snapshot":{"added":0,"didUpdate":false,"failure":false,"filesAdded":0,"filesRemoved":0,"filesRemovedList":[],"filesUnmatched":0,"filesUpdated":0,"matched":0,"total":0,"unchecked":0,"uncheckedKeysByFile":[],"unmatched":0,"updated":0},"startTime":1772139968003,"success":true,"testResults":[{"assertionResults":[{"ancestorTitles":["ChatGptDashboardShell"],"duration":24,"failureDetails":[],"failureMessages":[],"fullName":"ChatGptDashboardShell renders chat interface as primary main content","invocations":1,"location":null,"numPassingAsserts":2,"retryReasons":[],"status":"passed","title":"renders chat interface as primary main content"},{"ancestorTitles":["ChatGptDashboardShell"],"duration":7,"failureDetails":[],"failureMessages":[],"fullName":"ChatGptDashboardShell opens settings modal when main process emits settings target","invocations":1,"location":null,"numPassingAsserts":2,"retryReasons":[],"status":"passed","title":"opens settings modal when main process emits settings target"},{"ancestorTitles":["ChatGptDashboardShell"],"duration":24,"failureDetails":[],"failureMessages":[],"fullName":"ChatGptDashboardShell sidebar models button opens models modal","invocations":1,"location":null,"numPassingAsserts":2,"retryReasons":[],"status":"passed","title":"sidebar models button opens models modal"},{"ancestorTitles":["ChatGptDashboardShell"],"duration":10,"failureDetails":[],"failureMessages":[],"fullName":"ChatGptDashboardShell sidebar usage button opens usage modal","invocations":1,"location":null,"numPassingAsserts":2,"retryReasons":[],"status":"passed","title":"sidebar usage button opens usage modal"},{"ancestorTitles":["ChatGptDashboardShell"],"duration":8,"failureDetails":[],"failureMessages":[],"fullName":"ChatGptDashboardShell profile click opens menu first, then settings from menu item","invocations":1,"location":null,"numPassingAsserts":5,"retryReasons":[],"status":"passed","title":"profile click opens menu first, then settings from menu item"},{"ancestorTitles":["ChatGptDashboardShell"],"duration":10,"failureDetails":[],"failureMessages":[],"fullName":"ChatGptDashboardShell chat target closes an open modal","invocations":1,"location":null,"numPassingAsserts":3,"retryReasons":[],"status":"passed","title":"chat target closes an open modal"},{"ancestorTitles":["ChatGptDashboardShell"],"duration":15,"failureDetails":[],"failureMessages":[],"fullName":"ChatGptDashboardShell opens recent conversation from sidebar history list","invocations":1,"location":null,"numPassingAsserts":6,"retryReasons":[],"status":"passed","title":"opens recent conversation from sidebar history list"},{"ancestorTitles":["ChatGptDashboardShell"],"duration":11,"failureDetails":[],"failureMessages":[],"fullName":"ChatGptDashboardShell highlights active conversation row in sidebar history","invocations":1,"location":null,"numPassingAsserts":2,"retryReasons":[],"status":"passed","title":"highlights active conversation row in sidebar history"},{"ancestorTitles":["ChatGptDashboardShell"],"duration":42,"failureDetails":[],"failureMessages":[],"fullName":"ChatGptDashboardShell conversation kebab menu shows only rename, pin, and delete actions","invocations":1,"location":null,"numPassingAsserts":7,"retryReasons":[],"status":"passed","title":"conversation kebab menu shows only rename, pin, and delete actions"},{"ancestorTitles":["ChatGptDashboardShell"],"duration":22,"failureDetails":[],"failureMessages":[],"fullName":"ChatGptDashboardShell delete action from conversation kebab menu calls delete-conversation","invocations":1,"location":null,"numPassingAsserts":2,"retryReasons":[],"status":"passed","title":"delete action from conversation kebab menu calls delete-conversation"},{"ancestorTitles":["ChatGptDashboardShell"],"duration":9,"failureDetails":[],"failureMessages":[],"fullName":"ChatGptDashboardShell reloads recent chats when transcript session user id becomes available","invocations":1,"location":null,"numPassingAsserts":3,"retryReasons":[],"status":"passed","title":"reloads recent chats when transcript session user id becomes available"},{"ancestorTitles":["ChatGptDashboardShell"],"duration":22,"failureDetails":[],"failureMessages":[],"fullName":"ChatGptDashboardShell reloads recent chats after assistant llm transcript entry is stored","invocations":1,"location":null,"numPassingAsserts":5,"retryReasons":[],"status":"passed","title":"reloads recent chats after assistant llm transcript entry is stored"},{"ancestorTitles":["ChatGptDashboardShell"],"duration":7,"failureDetails":[],"failureMessages":[],"fullName":"ChatGptDashboardShell plays dashboard open animation on mount and when window becomes visible again","invocations":1,"location":null,"numPassingAsserts":5,"retryReasons":[],"status":"passed","title":"plays dashboard open animation on mount and when window becomes visible again"},{"ancestorTitles":["ChatGptDashboardShell"],"duration":26,"failureDetails":[],"failureMessages":[],"fullName":"ChatGptDashboardShell search chats opens modal, filters list, and opens selected conversation","invocations":1,"location":null,"numPassingAsserts":7,"retryReasons":[],"status":"passed","title":"search chats opens modal, filters list, and opens selected conversation"}],"endTime":1772139969319,"message":"","name":"/mnt/E/Assistants/WindieOS_workspace/windieos/tests/frontend/ChatGptDashboardShell.test.jsx","startTime":1772139968346,"status":"passed","summary":""}],"wasInterrupted":false}
